[2026-01-07 19:08:49.363] [Info] [Microsoft-Windows-Security-Auditing] Special privileges assigned to new logon.  Subject: 	Security ID:		S-1-5-18 	Account Name:		SYSTEM 	Account Domain:		NT AUTHORITY 	Logon ID:		0x3e7  Privileges:		SeAssignPrimaryTokenPrivilege 			SeTcbPrivilege 			SeSecurityPrivilege 			SeTakeOwnershipPrivilege 			SeLoadDriverPrivilege 			SeBackupPrivilege 			SeRestorePrivilege 			SeDebugPrivilege 			SeAuditPrivilege 			SeSystemEnvironmentPrivilege 			SeImpersonatePrivilege 			SeDelegateSessionUserImpersonatePrivilege | LogName=Unknown, Source=Microsoft-Windows-Security-Auditing, EventId=4672, EntryType=SuccessAudit, TimeGenerated=2025-12-28 12:40:06.000
[2026-01-07 19:08:49.363] [Info] [Microsoft-Windows-Security-Auditing] A security-enabled local group membership was enumerated.  Subject: 	Security ID:		S-1-5-18 	Account Name:		ROG_MAHDI$ 	Account Domain:		WORKGROUP 	Logon ID:		0x3e7  Group: 	Security ID:		S-1-5-32-544 	Group Name:		Administrators 	Group Domain:		Builtin  Process Information: 	Process ID:		0x5274 	Process Name:		C:\Windows\System32\svchost.exe | LogName=Unknown, Source=Microsoft-Windows-Security-Auditing, EventId=4799, EntryType=SuccessAudit, TimeGenerated=2025-12-28 12:40:11.000
[2026-01-07 19:08:49.363] [Info] [Microsoft-Windows-Security-Auditing] An account was successfully logged on.  Subject: 	Security ID:		S-1-5-18 	Account Name:		ROG_MAHDI$ 	Account Domain:		WORKGROUP 	Logon ID:		0x3e7  Logon Information: 	Logon Type:		5 	Restricted Admin Mode:	- 	Remote Credential Guard:	- 	Virtual Account:		%%1843 	Elevated Token:		%%1842  Impersonation Level:		%%1833  New Logon: 	Security ID:		S-1-5-18 	Account Name:		SYSTEM 	Account Domain:		NT AUTHORITY 	Logon ID:		0x3e7 	Linked Logon ID:		0x0 	Network Account Name:	- 	Network Account Domain:	- ... | LogName=Unknown, Source=Microsoft-Windows-Security-Auditing, EventId=4624, EntryType=SuccessAudit, TimeGenerated=2025-12-28 12:48:38.000
[2026-01-07 19:08:49.363] [Info] [Microsoft-Windows-Security-Auditing] Special privileges assigned to new logon.  Subject: 	Security ID:		S-1-5-18 	Account Name:		SYSTEM 	Account Domain:		NT AUTHORITY 	Logon ID:		0x3e7  Privileges:		SeAssignPrimaryTokenPrivilege 			SeTcbPrivilege 			SeSecurityPrivilege 			SeTakeOwnershipPrivilege 			SeLoadDriverPrivilege 			SeBackupPrivilege 			SeRestorePrivilege 			SeDebugPrivilege 			SeAuditPrivilege 			SeSystemEnvironmentPrivilege 			SeImpersonatePrivilege 			SeDelegateSessionUserImpersonatePrivilege | LogName=Unknown, Source=Microsoft-Windows-Security-Auditing, EventId=4672, EntryType=SuccessAudit, TimeGenerated=2025-12-28 12:48:38.000
[2026-01-07 19:08:49.363] [Info] [Microsoft-Windows-Security-Auditing] An account was successfully logged on.  Subject: 	Security ID:		S-1-5-18 	Account Name:		ROG_MAHDI$ 	Account Domain:		WORKGROUP 	Logon ID:		0x3e7  Logon Information: 	Logon Type:		5 	Restricted Admin Mode:	- 	Remote Credential Guard:	- 	Virtual Account:		%%1843 	Elevated Token:		%%1842  Impersonation Level:		%%1833  New Logon: 	Security ID:		S-1-5-18 	Account Name:		SYSTEM 	Account Domain:		NT AUTHORITY 	Logon ID:		0x3e7 	Linked Logon ID:		0x0 	Network Account Name:	- 	Network Account Domain:	- ... | LogName=Unknown, Source=Microsoft-Windows-Security-Auditing, EventId=4624, EntryType=SuccessAudit, TimeGenerated=2025-12-28 12:49:34.000
[2026-01-07 19:08:49.363] [Info] [Microsoft-Windows-Security-Auditing] Special privileges assigned to new logon.  Subject: 	Security ID:		S-1-5-18 	Account Name:		SYSTEM 	Account Domain:		NT AUTHORITY 	Logon ID:		0x3e7  Privileges:		SeAssignPrimaryTokenPrivilege 			SeTcbPrivilege 			SeSecurityPrivilege 			SeTakeOwnershipPrivilege 			SeLoadDriverPrivilege 			SeBackupPrivilege 			SeRestorePrivilege 			SeDebugPrivilege 			SeAuditPrivilege 			SeSystemEnvironmentPrivilege 			SeImpersonatePrivilege 			SeDelegateSessionUserImpersonatePrivilege | LogName=Unknown, Source=Microsoft-Windows-Security-Auditing, EventId=4672, EntryType=SuccessAudit, TimeGenerated=2025-12-28 12:49:34.000
[2026-01-07 19:08:49.363] [Info] [Microsoft-Windows-Security-Auditing] An account was successfully logged on.  Subject: 	Security ID:		S-1-5-18 	Account Name:		ROG_MAHDI$ 	Account Domain:		WORKGROUP 	Logon ID:		0x3e7  Logon Information: 	Logon Type:		5 	Restricted Admin Mode:	- 	Remote Credential Guard:	- 	Virtual Account:		%%1843 	Elevated Token:		%%1842  Impersonation Level:		%%1833  New Logon: 	Security ID:		S-1-5-18 	Account Name:		SYSTEM 	Account Domain:		NT AUTHORITY 	Logon ID:		0x3e7 	Linked Logon ID:		0x0 	Network Account Name:	- 	Network Account Domain:	- ... | LogName=Unknown, Source=Microsoft-Windows-Security-Auditing, EventId=4624, EntryType=SuccessAudit, TimeGenerated=2025-12-28 12:49:37.000
[2026-01-07 19:08:49.363] [Info] [Microsoft-Windows-Security-Auditing] Special privileges assigned to new logon.  Subject: 	Security ID:		S-1-5-18 	Account Name:		SYSTEM 	Account Domain:		NT AUTHORITY 	Logon ID:		0x3e7  Privileges:		SeAssignPrimaryTokenPrivilege 			SeTcbPrivilege 			SeSecurityPrivilege 			SeTakeOwnershipPrivilege 			SeLoadDriverPrivilege 			SeBackupPrivilege 			SeRestorePrivilege 			SeDebugPrivilege 			SeAuditPrivilege 			SeSystemEnvironmentPrivilege 			SeImpersonatePrivilege 			SeDelegateSessionUserImpersonatePrivilege | LogName=Unknown, Source=Microsoft-Windows-Security-Auditing, EventId=4672, EntryType=SuccessAudit, TimeGenerated=2025-12-28 12:49:37.000
[2026-01-07 19:08:49.363] [Info] [Microsoft-Windows-Security-Auditing] A user's local group membership was enumerated.  Subject: 	Security ID:		S-1-5-18 	Account Name:		ROG_MAHDI$ 	Account Domain:		WORKGROUP 	Logon ID:		0x3e7  User: 	Security ID:		S-1-5-21-1560790212-1407658851-3379816254-1001 	Account Name:		llsma 	Account Domain:		ROG_Mahdi  Process Information: 	Process ID:		0x3c04 	Process Name:		C:\Windows\System32\LogonUI.exe | LogName=Unknown, Source=Microsoft-Windows-Security-Auditing, EventId=4798, EntryType=SuccessAudit, TimeGenerated=2025-12-28 12:49:38.000
[2026-01-07 19:08:49.364] [Info] [Microsoft-Windows-Security-Auditing] An account was successfully logged on.  Subject: 	Security ID:		S-1-5-18 	Account Name:		ROG_MAHDI$ 	Account Domain:		WORKGROUP 	Logon ID:		0x3e7  Logon Information: 	Logon Type:		5 	Restricted Admin Mode:	- 	Remote Credential Guard:	- 	Virtual Account:		%%1843 	Elevated Token:		%%1842  Impersonation Level:		%%1833  New Logon: 	Security ID:		S-1-5-18 	Account Name:		SYSTEM 	Account Domain:		NT AUTHORITY 	Logon ID:		0x3e7 	Linked Logon ID:		0x0 	Network Account Name:	- 	Network Account Domain:	- ... | LogName=Unknown, Source=Microsoft-Windows-Security-Auditing, EventId=4624, EntryType=SuccessAudit, TimeGenerated=2025-12-28 12:49:38.000
[2026-01-07 19:08:49.364] [Info] [Microsoft-Windows-Security-Auditing] Special privileges assigned to new logon.  Subject: 	Security ID:		S-1-5-18 	Account Name:		SYSTEM 	Account Domain:		NT AUTHORITY 	Logon ID:		0x3e7  Privileges:		SeAssignPrimaryTokenPrivilege 			SeTcbPrivilege 			SeSecurityPrivilege 			SeTakeOwnershipPrivilege 			SeLoadDriverPrivilege 			SeBackupPrivilege 			SeRestorePrivilege 			SeDebugPrivilege 			SeAuditPrivilege 			SeSystemEnvironmentPrivilege 			SeImpersonatePrivilege 			SeDelegateSessionUserImpersonatePrivilege | LogName=Unknown, Source=Microsoft-Windows-Security-Auditing, EventId=4672, EntryType=SuccessAudit, TimeGenerated=2025-12-28 12:49:38.000
[2026-01-07 19:08:49.365] [Info] [Microsoft-Windows-Security-Auditing] An account was successfully logged on.  Subject: 	Security ID:		S-1-5-18 	Account Name:		ROG_MAHDI$ 	Account Domain:		WORKGROUP 	Logon ID:		0x3e7  Logon Information: 	Logon Type:		5 	Restricted Admin Mode:	- 	Remote Credential Guard:	- 	Virtual Account:		%%1843 	Elevated Token:		%%1842  Impersonation Level:		%%1833  New Logon: 	Security ID:		S-1-5-18 	Account Name:		SYSTEM 	Account Domain:		NT AUTHORITY 	Logon ID:		0x3e7 	Linked Logon ID:		0x0 	Network Account Name:	- 	Network Account Domain:	- ... | LogName=Unknown, Source=Microsoft-Windows-Security-Auditing, EventId=4624, EntryType=SuccessAudit, TimeGenerated=2025-12-28 12:56:22.000
[2026-01-07 19:08:49.365] [Info] [Microsoft-Windows-Security-Auditing] Special privileges assigned to new logon.  Subject: 	Security ID:		S-1-5-18 	Account Name:		SYSTEM 	Account Domain:		NT AUTHORITY 	Logon ID:		0x3e7  Privileges:		SeAssignPrimaryTokenPrivilege 			SeTcbPrivilege 			SeSecurityPrivilege 			SeTakeOwnershipPrivilege 			SeLoadDriverPrivilege 			SeBackupPrivilege 			SeRestorePrivilege 			SeDebugPrivilege 			SeAuditPrivilege 			SeSystemEnvironmentPrivilege 			SeImpersonatePrivilege 			SeDelegateSessionUserImpersonatePrivilege | LogName=Unknown, Source=Microsoft-Windows-Security-Auditing, EventId=4672, EntryType=SuccessAudit, TimeGenerated=2025-12-28 12:56:22.000
[2026-01-07 19:08:49.365] [Info] [Microsoft-Windows-Security-Auditing] An account was successfully logged on.  Subject: 	Security ID:		S-1-5-18 	Account Name:		ROG_MAHDI$ 	Account Domain:		WORKGROUP 	Logon ID:		0x3e7  Logon Information: 	Logon Type:		5 	Restricted Admin Mode:	- 	Remote Credential Guard:	- 	Virtual Account:		%%1843 	Elevated Token:		%%1842  Impersonation Level:		%%1833  New Logon: 	Security ID:		S-1-5-18 	Account Name:		SYSTEM 	Account Domain:		NT AUTHORITY 	Logon ID:		0x3e7 	Linked Logon ID:		0x0 	Network Account Name:	- 	Network Account Domain:	- ... | LogName=Unknown, Source=Microsoft-Windows-Security-Auditing, EventId=4624, EntryType=SuccessAudit, TimeGenerated=2025-12-28 12:57:17.000
[2026-01-07 19:08:49.365] [Info] [Microsoft-Windows-Security-Auditing] Special privileges assigned to new logon.  Subject: 	Security ID:		S-1-5-18 	Account Name:		SYSTEM 	Account Domain:		NT AUTHORITY 	Logon ID:		0x3e7  Privileges:		SeAssignPrimaryTokenPrivilege 			SeTcbPrivilege 			SeSecurityPrivilege 			SeTakeOwnershipPrivilege 			SeLoadDriverPrivilege 			SeBackupPrivilege 			SeRestorePrivilege 			SeDebugPrivilege 			SeAuditPrivilege 			SeSystemEnvironmentPrivilege 			SeImpersonatePrivilege 			SeDelegateSessionUserImpersonatePrivilege | LogName=Unknown, Source=Microsoft-Windows-Security-Auditing, EventId=4672, EntryType=SuccessAudit, TimeGenerated=2025-12-28 12:57:17.000
[2026-01-07 19:08:49.365] [Info] [Microsoft-Windows-Security-Auditing] A user's local group membership was enumerated.  Subject: 	Security ID:		S-1-5-18 	Account Name:		ROG_MAHDI$ 	Account Domain:		WORKGROUP 	Logon ID:		0x3e7  User: 	Security ID:		S-1-5-21-1560790212-1407658851-3379816254-500 	Account Name:		Administrator 	Account Domain:		ROG_Mahdi  Process Information: 	Process ID:		0x3a80 	Process Name:		C:\Windows\System32\svchost.exe | LogName=Unknown, Source=Microsoft-Windows-Security-Auditing, EventId=4798, EntryType=SuccessAudit, TimeGenerated=2025-12-28 12:57:17.000
[2026-01-07 19:08:49.365] [Info] [Microsoft-Windows-Security-Auditing] A user's local group membership was enumerated.  Subject: 	Security ID:		S-1-5-18 	Account Name:		ROG_MAHDI$ 	Account Domain:		WORKGROUP 	Logon ID:		0x3e7  User: 	Security ID:		S-1-5-21-1560790212-1407658851-3379816254-1001 	Account Name:		llsma 	Account Domain:		ROG_Mahdi  Process Information: 	Process ID:		0x3a80 	Process Name:		C:\Windows\System32\svchost.exe | LogName=Unknown, Source=Microsoft-Windows-Security-Auditing, EventId=4798, EntryType=SuccessAudit, TimeGenerated=2025-12-28 12:57:18.000
[2026-01-07 19:08:49.365] [Info] [Microsoft-Windows-Security-Auditing] Credential Manager credentials were read.  Subject: 	Security ID:		S-1-5-18 	Account Name:		ROG_MAHDI$ 	Account Domain:		WORKGROUP 	Logon ID:		0x3e7 	Read Operation:		%%8100  This event occurs when a user performs a read operation on stored credentials in Credential Manager. | LogName=Unknown, Source=Microsoft-Windows-Security-Auditing, EventId=5379, EntryType=SuccessAudit, TimeGenerated=2025-12-28 12:57:18.000
[2026-01-07 19:08:49.365] [Info] [Microsoft-Windows-Security-Auditing] An account was successfully logged on.  Subject: 	Security ID:		S-1-5-18 	Account Name:		ROG_MAHDI$ 	Account Domain:		WORKGROUP 	Logon ID:		0x3e7  Logon Information: 	Logon Type:		5 	Restricted Admin Mode:	- 	Remote Credential Guard:	- 	Virtual Account:		%%1843 	Elevated Token:		%%1842  Impersonation Level:		%%1833  New Logon: 	Security ID:		S-1-5-18 	Account Name:		SYSTEM 	Account Domain:		NT AUTHORITY 	Logon ID:		0x3e7 	Linked Logon ID:		0x0 	Network Account Name:	- 	Network Account Domain:	- ... | LogName=Unknown, Source=Microsoft-Windows-Security-Auditing, EventId=4624, EntryType=SuccessAudit, TimeGenerated=2025-12-28 13:02:47.000
[2026-01-07 19:08:49.365] [Info] [Microsoft-Windows-Security-Auditing] Special privileges assigned to new logon.  Subject: 	Security ID:		S-1-5-18 	Account Name:		SYSTEM 	Account Domain:		NT AUTHORITY 	Logon ID:		0x3e7  Privileges:		SeAssignPrimaryTokenPrivilege 			SeTcbPrivilege 			SeSecurityPrivilege 			SeTakeOwnershipPrivilege 			SeLoadDriverPrivilege 			SeBackupPrivilege 			SeRestorePrivilege 			SeDebugPrivilege 			SeAuditPrivilege 			SeSystemEnvironmentPrivilege 			SeImpersonatePrivilege 			SeDelegateSessionUserImpersonatePrivilege | LogName=Unknown, Source=Microsoft-Windows-Security-Auditing, EventId=4672, EntryType=SuccessAudit, TimeGenerated=2025-12-28 13:02:47.000
[2026-01-07 19:08:49.365] [Info] [Microsoft-Windows-Security-Auditing] A user's local group membership was enumerated.  Subject: 	Security ID:		S-1-5-18 	Account Name:		ROG_MAHDI$ 	Account Domain:		WORKGROUP 	Logon ID:		0x3e7  User: 	Security ID:		S-1-5-21-1560790212-1407658851-3379816254-500 	Account Name:		Administrator 	Account Domain:		ROG_Mahdi  Process Information: 	Process ID:		0x3a80 	Process Name:		C:\Windows\System32\svchost.exe | LogName=Unknown, Source=Microsoft-Windows-Security-Auditing, EventId=4798, EntryType=SuccessAudit, TimeGenerated=2025-12-28 13:02:47.000
[2026-01-07 19:08:49.365] [Info] [Microsoft-Windows-Security-Auditing] Credential Manager credentials were read.  Subject: 	Security ID:		S-1-5-18 	Account Name:		ROG_MAHDI$ 	Account Domain:		WORKGROUP 	Logon ID:		0x3e7 	Read Operation:		%%8100  This event occurs when a user performs a read operation on stored credentials in Credential Manager. | LogName=Unknown, Source=Microsoft-Windows-Security-Auditing, EventId=5379, EntryType=SuccessAudit, TimeGenerated=2025-12-28 13:02:47.000
[2026-01-07 19:08:49.365] [Info] [Microsoft-Windows-Security-Auditing] An account was successfully logged on.  Subject: 	Security ID:		S-1-5-18 	Account Name:		ROG_MAHDI$ 	Account Domain:		WORKGROUP 	Logon ID:		0x3e7  Logon Information: 	Logon Type:		5 	Restricted Admin Mode:	- 	Remote Credential Guard:	- 	Virtual Account:		%%1843 	Elevated Token:		%%1842  Impersonation Level:		%%1833  New Logon: 	Security ID:		S-1-5-18 	Account Name:		SYSTEM 	Account Domain:		NT AUTHORITY 	Logon ID:		0x3e7 	Linked Logon ID:		0x0 	Network Account Name:	- 	Network Account Domain:	- ... | LogName=Unknown, Source=Microsoft-Windows-Security-Auditing, EventId=4624, EntryType=SuccessAudit, TimeGenerated=2025-12-28 13:03:24.000
[2026-01-07 19:08:49.366] [Info] [Microsoft-Windows-Security-Auditing] Special privileges assigned to new logon.  Subject: 	Security ID:		S-1-5-18 	Account Name:		SYSTEM 	Account Domain:		NT AUTHORITY 	Logon ID:		0x3e7  Privileges:		SeAssignPrimaryTokenPrivilege 			SeTcbPrivilege 			SeSecurityPrivilege 			SeTakeOwnershipPrivilege 			SeLoadDriverPrivilege 			SeBackupPrivilege 			SeRestorePrivilege 			SeDebugPrivilege 			SeAuditPrivilege 			SeSystemEnvironmentPrivilege 			SeImpersonatePrivilege 			SeDelegateSessionUserImpersonatePrivilege | LogName=Unknown, Source=Microsoft-Windows-Security-Auditing, EventId=4672, EntryType=SuccessAudit, TimeGenerated=2025-12-28 13:03:24.000
[2026-01-07 19:08:49.366] [Info] [Microsoft-Windows-Security-Auditing] An account was successfully logged on.  Subject: 	Security ID:		S-1-5-18 	Account Name:		ROG_MAHDI$ 	Account Domain:		WORKGROUP 	Logon ID:		0x3e7  Logon Information: 	Logon Type:		5 	Restricted Admin Mode:	- 	Remote Credential Guard:	- 	Virtual Account:		%%1843 	Elevated Token:		%%1842  Impersonation Level:		%%1833  New Logon: 	Security ID:		S-1-5-18 	Account Name:		SYSTEM 	Account Domain:		NT AUTHORITY 	Logon ID:		0x3e7 	Linked Logon ID:		0x0 	Network Account Name:	- 	Network Account Domain:	- ... | LogName=Unknown, Source=Microsoft-Windows-Security-Auditing, EventId=4624, EntryType=SuccessAudit, TimeGenerated=2025-12-28 13:12:17.000
[2026-01-07 19:08:49.366] [Info] [Microsoft-Windows-Security-Auditing] Special privileges assigned to new logon.  Subject: 	Security ID:		S-1-5-18 	Account Name:		SYSTEM 	Account Domain:		NT AUTHORITY 	Logon ID:		0x3e7  Privileges:		SeAssignPrimaryTokenPrivilege 			SeTcbPrivilege 			SeSecurityPrivilege 			SeTakeOwnershipPrivilege 			SeLoadDriverPrivilege 			SeBackupPrivilege 			SeRestorePrivilege 			SeDebugPrivilege 			SeAuditPrivilege 			SeSystemEnvironmentPrivilege 			SeImpersonatePrivilege 			SeDelegateSessionUserImpersonatePrivilege | LogName=Unknown, Source=Microsoft-Windows-Security-Auditing, EventId=4672, EntryType=SuccessAudit, TimeGenerated=2025-12-28 13:12:17.000
[2026-01-07 19:08:49.366] [Info] [Microsoft-Windows-Security-Auditing] An account was successfully logged on.  Subject: 	Security ID:		S-1-5-18 	Account Name:		ROG_MAHDI$ 	Account Domain:		WORKGROUP 	Logon ID:		0x3e7  Logon Information: 	Logon Type:		5 	Restricted Admin Mode:	- 	Remote Credential Guard:	- 	Virtual Account:		%%1843 	Elevated Token:		%%1842  Impersonation Level:		%%1833  New Logon: 	Security ID:		S-1-5-18 	Account Name:		SYSTEM 	Account Domain:		NT AUTHORITY 	Logon ID:		0x3e7 	Linked Logon ID:		0x0 	Network Account Name:	- 	Network Account Domain:	- ... | LogName=Unknown, Source=Microsoft-Windows-Security-Auditing, EventId=4624, EntryType=SuccessAudit, TimeGenerated=2025-12-28 13:13:28.000
[2026-01-07 19:08:49.366] [Info] [Microsoft-Windows-Security-Auditing] Special privileges assigned to new logon.  Subject: 	Security ID:		S-1-5-18 	Account Name:		SYSTEM 	Account Domain:		NT AUTHORITY 	Logon ID:		0x3e7  Privileges:		SeAssignPrimaryTokenPrivilege 			SeTcbPrivilege 			SeSecurityPrivilege 			SeTakeOwnershipPrivilege 			SeLoadDriverPrivilege 			SeBackupPrivilege 			SeRestorePrivilege 			SeDebugPrivilege 			SeAuditPrivilege 			SeSystemEnvironmentPrivilege 			SeImpersonatePrivilege 			SeDelegateSessionUserImpersonatePrivilege | LogName=Unknown, Source=Microsoft-Windows-Security-Auditing, EventId=4672, EntryType=SuccessAudit, TimeGenerated=2025-12-28 13:13:28.000
[2026-01-07 19:08:49.366] [Info] [Microsoft-Windows-Security-Auditing] An account was successfully logged on.  Subject: 	Security ID:		S-1-5-18 	Account Name:		ROG_MAHDI$ 	Account Domain:		WORKGROUP 	Logon ID:		0x3e7  Logon Information: 	Logon Type:		5 	Restricted Admin Mode:	- 	Remote Credential Guard:	- 	Virtual Account:		%%1843 	Elevated Token:		%%1842  Impersonation Level:		%%1833  New Logon: 	Security ID:		S-1-5-18 	Account Name:		SYSTEM 	Account Domain:		NT AUTHORITY 	Logon ID:		0x3e7 	Linked Logon ID:		0x0 	Network Account Name:	- 	Network Account Domain:	- ... | LogName=Unknown, Source=Microsoft-Windows-Security-Auditing, EventId=4624, EntryType=SuccessAudit, TimeGenerated=2025-12-28 13:22:47.000
[2026-01-07 19:08:49.366] [Info] [Microsoft-Windows-Security-Auditing] Special privileges assigned to new logon.  Subject: 	Security ID:		S-1-5-18 	Account Name:		SYSTEM 	Account Domain:		NT AUTHORITY 	Logon ID:		0x3e7  Privileges:		SeAssignPrimaryTokenPrivilege 			SeTcbPrivilege 			SeSecurityPrivilege 			SeTakeOwnershipPrivilege 			SeLoadDriverPrivilege 			SeBackupPrivilege 			SeRestorePrivilege 			SeDebugPrivilege 			SeAuditPrivilege 			SeSystemEnvironmentPrivilege 			SeImpersonatePrivilege 			SeDelegateSessionUserImpersonatePrivilege | LogName=Unknown, Source=Microsoft-Windows-Security-Auditing, EventId=4672, EntryType=SuccessAudit, TimeGenerated=2025-12-28 13:22:47.000
[2026-01-07 19:08:49.366] [Info] [Microsoft-Windows-Security-Auditing] A user's local group membership was enumerated.  Subject: 	Security ID:		S-1-5-21-1560790212-1407658851-3379816254-1002 	Account Name:		Morph 	Account Domain:		ROG_Mahdi 	Logon ID:		0x11de85ff  User: 	Security ID:		S-1-5-21-1560790212-1407658851-3379816254-1002 	Account Name:		Morph 	Account Domain:		ROG_Mahdi  Process Information: 	Process ID:		0x54a8 	Process Name:		C:\Windows\explorer.exe | LogName=Unknown, Source=Microsoft-Windows-Security-Auditing, EventId=4798, EntryType=SuccessAudit, TimeGenerated=2025-12-28 13:23:46.000
[2026-01-07 19:08:49.366] [Info] [Microsoft-Windows-Security-Auditing] An attempt was made to query the existence of a blank password for an account.  Subject: 	Security ID:		S-1-5-21-1560790212-1407658851-3379816254-1002 	Account Name:		Morph 	Account Domain:		ROG_Mahdi 	Logon ID:		0x11de85ff  Additional Information: 	Caller Workstation:	ROG_MAHDI 	Target Account Name:	Administrator 	Target Account Domain:	ROG_Mahdi | LogName=Unknown, Source=Microsoft-Windows-Security-Auditing, EventId=4797, EntryType=SuccessAudit, TimeGenerated=2025-12-28 13:24:58.000
[2026-01-07 19:08:49.366] [Info] [Microsoft-Windows-Security-Auditing] An account was successfully logged on.  Subject: 	Security ID:		S-1-5-18 	Account Name:		ROG_MAHDI$ 	Account Domain:		WORKGROUP 	Logon ID:		0x3e7  Logon Information: 	Logon Type:		5 	Restricted Admin Mode:	- 	Remote Credential Guard:	- 	Virtual Account:		%%1843 	Elevated Token:		%%1842  Impersonation Level:		%%1833  New Logon: 	Security ID:		S-1-5-18 	Account Name:		SYSTEM 	Account Domain:		NT AUTHORITY 	Logon ID:		0x3e7 	Linked Logon ID:		0x0 	Network Account Name:	- 	Network Account Domain:	- ... | LogName=Unknown, Source=Microsoft-Windows-Security-Auditing, EventId=4624, EntryType=SuccessAudit, TimeGenerated=2025-12-28 13:24:58.000
[2026-01-07 19:08:49.366] [Info] [Microsoft-Windows-Security-Auditing] Special privileges assigned to new logon.  Subject: 	Security ID:		S-1-5-18 	Account Name:		SYSTEM 	Account Domain:		NT AUTHORITY 	Logon ID:		0x3e7  Privileges:		SeAssignPrimaryTokenPrivilege 			SeTcbPrivilege 			SeSecurityPrivilege 			SeTakeOwnershipPrivilege 			SeLoadDriverPrivilege 			SeBackupPrivilege 			SeRestorePrivilege 			SeDebugPrivilege 			SeAuditPrivilege 			SeSystemEnvironmentPrivilege 			SeImpersonatePrivilege 			SeDelegateSessionUserImpersonatePrivilege | LogName=Unknown, Source=Microsoft-Windows-Security-Auditing, EventId=4672, EntryType=SuccessAudit, TimeGenerated=2025-12-28 13:24:58.000
[2026-01-07 19:08:49.366] [Info] [Microsoft-Windows-Security-Auditing] A user's local group membership was enumerated.  Subject: 	Security ID:		S-1-5-21-1560790212-1407658851-3379816254-1002 	Account Name:		Morph 	Account Domain:		ROG_Mahdi 	Logon ID:		0x11de85ff  User: 	Security ID:		S-1-5-21-1560790212-1407658851-3379816254-1001 	Account Name:		llsma 	Account Domain:		ROG_Mahdi  Process Information: 	Process ID:		0x54a8 	Process Name:		C:\Windows\explorer.exe | LogName=Unknown, Source=Microsoft-Windows-Security-Auditing, EventId=4798, EntryType=SuccessAudit, TimeGenerated=2025-12-28 13:24:58.000
[2026-01-07 19:08:49.366] [Info] [Microsoft-Windows-Security-Auditing] Credential Manager credentials were read.  Subject: 	Security ID:		S-1-5-18 	Account Name:		ROG_MAHDI$ 	Account Domain:		WORKGROUP 	Logon ID:		0x3e7 	Read Operation:		%%8100  This event occurs when a user performs a read operation on stored credentials in Credential Manager. | LogName=Unknown, Source=Microsoft-Windows-Security-Auditing, EventId=5379, EntryType=SuccessAudit, TimeGenerated=2025-12-28 13:24:58.000
[2026-01-07 19:08:49.367] [Info] [Microsoft-Windows-Security-Auditing] An account was successfully logged on.  Subject: 	Security ID:		S-1-5-18 	Account Name:		ROG_MAHDI$ 	Account Domain:		WORKGROUP 	Logon ID:		0x3e7  Logon Information: 	Logon Type:		5 	Restricted Admin Mode:	- 	Remote Credential Guard:	- 	Virtual Account:		%%1843 	Elevated Token:		%%1842  Impersonation Level:		%%1833  New Logon: 	Security ID:		S-1-5-18 	Account Name:		SYSTEM 	Account Domain:		NT AUTHORITY 	Logon ID:		0x3e7 	Linked Logon ID:		0x0 	Network Account Name:	- 	Network Account Domain:	- ... | LogName=Unknown, Source=Microsoft-Windows-Security-Auditing, EventId=4624, EntryType=SuccessAudit, TimeGenerated=2025-12-28 13:27:18.000
[2026-01-07 19:08:49.367] [Info] [Microsoft-Windows-Security-Auditing] Special privileges assigned to new logon.  Subject: 	Security ID:		S-1-5-18 	Account Name:		SYSTEM 	Account Domain:		NT AUTHORITY 	Logon ID:		0x3e7  Privileges:		SeAssignPrimaryTokenPrivilege 			SeTcbPrivilege 			SeSecurityPrivilege 			SeTakeOwnershipPrivilege 			SeLoadDriverPrivilege 			SeBackupPrivilege 			SeRestorePrivilege 			SeDebugPrivilege 			SeAuditPrivilege 			SeSystemEnvironmentPrivilege 			SeImpersonatePrivilege 			SeDelegateSessionUserImpersonatePrivilege | LogName=Unknown, Source=Microsoft-Windows-Security-Auditing, EventId=4672, EntryType=SuccessAudit, TimeGenerated=2025-12-28 13:27:18.000
[2026-01-07 19:08:49.367] [Info] [Microsoft-Windows-Security-Auditing] An account was successfully logged on.  Subject: 	Security ID:		S-1-5-18 	Account Name:		ROG_MAHDI$ 	Account Domain:		WORKGROUP 	Logon ID:		0x3e7  Logon Information: 	Logon Type:		5 	Restricted Admin Mode:	- 	Remote Credential Guard:	- 	Virtual Account:		%%1843 	Elevated Token:		%%1842  Impersonation Level:		%%1833  New Logon: 	Security ID:		S-1-5-18 	Account Name:		SYSTEM 	Account Domain:		NT AUTHORITY 	Logon ID:		0x3e7 	Linked Logon ID:		0x0 	Network Account Name:	- 	Network Account Domain:	- ... | LogName=Unknown, Source=Microsoft-Windows-Security-Auditing, EventId=4624, EntryType=SuccessAudit, TimeGenerated=2025-12-28 13:36:50.000
[2026-01-07 19:08:49.367] [Info] [Microsoft-Windows-Security-Auditing] Special privileges assigned to new logon.  Subject: 	Security ID:		S-1-5-18 	Account Name:		SYSTEM 	Account Domain:		NT AUTHORITY 	Logon ID:		0x3e7  Privileges:		SeAssignPrimaryTokenPrivilege 			SeTcbPrivilege 			SeSecurityPrivilege 			SeTakeOwnershipPrivilege 			SeLoadDriverPrivilege 			SeBackupPrivilege 			SeRestorePrivilege 			SeDebugPrivilege 			SeAuditPrivilege 			SeSystemEnvironmentPrivilege 			SeImpersonatePrivilege 			SeDelegateSessionUserImpersonatePrivilege | LogName=Unknown, Source=Microsoft-Windows-Security-Auditing, EventId=4672, EntryType=SuccessAudit, TimeGenerated=2025-12-28 13:36:50.000
[2026-01-07 19:08:49.367] [Info] [Microsoft-Windows-Security-Auditing] An account was successfully logged on.  Subject: 	Security ID:		S-1-5-18 	Account Name:		ROG_MAHDI$ 	Account Domain:		WORKGROUP 	Logon ID:		0x3e7  Logon Information: 	Logon Type:		5 	Restricted Admin Mode:	- 	Remote Credential Guard:	- 	Virtual Account:		%%1843 	Elevated Token:		%%1842  Impersonation Level:		%%1833  New Logon: 	Security ID:		S-1-5-18 	Account Name:		SYSTEM 	Account Domain:		NT AUTHORITY 	Logon ID:		0x3e7 	Linked Logon ID:		0x0 	Network Account Name:	- 	Network Account Domain:	- ... | LogName=Unknown, Source=Microsoft-Windows-Security-Auditing, EventId=4624, EntryType=SuccessAudit, TimeGenerated=2025-12-28 13:42:18.000
[2026-01-07 19:08:49.367] [Info] [Microsoft-Windows-Security-Auditing] Special privileges assigned to new logon.  Subject: 	Security ID:		S-1-5-18 	Account Name:		SYSTEM 	Account Domain:		NT AUTHORITY 	Logon ID:		0x3e7  Privileges:		SeAssignPrimaryTokenPrivilege 			SeTcbPrivilege 			SeSecurityPrivilege 			SeTakeOwnershipPrivilege 			SeLoadDriverPrivilege 			SeBackupPrivilege 			SeRestorePrivilege 			SeDebugPrivilege 			SeAuditPrivilege 			SeSystemEnvironmentPrivilege 			SeImpersonatePrivilege 			SeDelegateSessionUserImpersonatePrivilege | LogName=Unknown, Source=Microsoft-Windows-Security-Auditing, EventId=4672, EntryType=SuccessAudit, TimeGenerated=2025-12-28 13:42:18.000
[2026-01-07 19:08:49.368] [Info] [Microsoft-Windows-Security-Auditing] An account was successfully logged on.  Subject: 	Security ID:		S-1-5-18 	Account Name:		ROG_MAHDI$ 	Account Domain:		WORKGROUP 	Logon ID:		0x3e7  Logon Information: 	Logon Type:		5 	Restricted Admin Mode:	- 	Remote Credential Guard:	- 	Virtual Account:		%%1843 	Elevated Token:		%%1842  Impersonation Level:		%%1833  New Logon: 	Security ID:		S-1-5-18 	Account Name:		SYSTEM 	Account Domain:		NT AUTHORITY 	Logon ID:		0x3e7 	Linked Logon ID:		0x0 	Network Account Name:	- 	Network Account Domain:	- ... | LogName=Unknown, Source=Microsoft-Windows-Security-Auditing, EventId=4624, EntryType=SuccessAudit, TimeGenerated=2025-12-28 13:50:13.000
[2026-01-07 19:08:49.368] [Info] [Microsoft-Windows-Security-Auditing] Special privileges assigned to new logon.  Subject: 	Security ID:		S-1-5-18 	Account Name:		SYSTEM 	Account Domain:		NT AUTHORITY 	Logon ID:		0x3e7  Privileges:		SeAssignPrimaryTokenPrivilege 			SeTcbPrivilege 			SeSecurityPrivilege 			SeTakeOwnershipPrivilege 			SeLoadDriverPrivilege 			SeBackupPrivilege 			SeRestorePrivilege 			SeDebugPrivilege 			SeAuditPrivilege 			SeSystemEnvironmentPrivilege 			SeImpersonatePrivilege 			SeDelegateSessionUserImpersonatePrivilege | LogName=Unknown, Source=Microsoft-Windows-Security-Auditing, EventId=4672, EntryType=SuccessAudit, TimeGenerated=2025-12-28 13:50:13.000
[2026-01-07 19:08:49.368] [Info] [Microsoft-Windows-Security-Auditing] An account was successfully logged on.  Subject: 	Security ID:		S-1-5-18 	Account Name:		ROG_MAHDI$ 	Account Domain:		WORKGROUP 	Logon ID:		0x3e7  Logon Information: 	Logon Type:		5 	Restricted Admin Mode:	- 	Remote Credential Guard:	- 	Virtual Account:		%%1843 	Elevated Token:		%%1842  Impersonation Level:		%%1833  New Logon: 	Security ID:		S-1-5-18 	Account Name:		SYSTEM 	Account Domain:		NT AUTHORITY 	Logon ID:		0x3e7 	Linked Logon ID:		0x0 	Network Account Name:	- 	Network Account Domain:	- ... | LogName=Unknown, Source=Microsoft-Windows-Security-Auditing, EventId=4624, EntryType=SuccessAudit, TimeGenerated=2025-12-28 13:57:08.000
[2026-01-07 19:08:49.368] [Info] [Microsoft-Windows-Security-Auditing] Special privileges assigned to new logon.  Subject: 	Security ID:		S-1-5-18 	Account Name:		SYSTEM 	Account Domain:		NT AUTHORITY 	Logon ID:		0x3e7  Privileges:		SeAssignPrimaryTokenPrivilege 			SeTcbPrivilege 			SeSecurityPrivilege 			SeTakeOwnershipPrivilege 			SeLoadDriverPrivilege 			SeBackupPrivilege 			SeRestorePrivilege 			SeDebugPrivilege 			SeAuditPrivilege 			SeSystemEnvironmentPrivilege 			SeImpersonatePrivilege 			SeDelegateSessionUserImpersonatePrivilege | LogName=Unknown, Source=Microsoft-Windows-Security-Auditing, EventId=4672, EntryType=SuccessAudit, TimeGenerated=2025-12-28 13:57:08.000
[2026-01-07 19:08:49.368] [Info] [Microsoft-Windows-Security-Auditing] An account was successfully logged on.  Subject: 	Security ID:		S-1-5-18 	Account Name:		ROG_MAHDI$ 	Account Domain:		WORKGROUP 	Logon ID:		0x3e7  Logon Information: 	Logon Type:		5 	Restricted Admin Mode:	- 	Remote Credential Guard:	- 	Virtual Account:		%%1843 	Elevated Token:		%%1842  Impersonation Level:		%%1833  New Logon: 	Security ID:		S-1-5-18 	Account Name:		SYSTEM 	Account Domain:		NT AUTHORITY 	Logon ID:		0x3e7 	Linked Logon ID:		0x0 	Network Account Name:	- 	Network Account Domain:	- ... | LogName=Unknown, Source=Microsoft-Windows-Security-Auditing, EventId=4624, EntryType=SuccessAudit, TimeGenerated=2025-12-28 13:57:13.000
[2026-01-07 19:08:49.369] [Info] [Microsoft-Windows-Security-Auditing] Special privileges assigned to new logon.  Subject: 	Security ID:		S-1-5-18 	Account Name:		SYSTEM 	Account Domain:		NT AUTHORITY 	Logon ID:		0x3e7  Privileges:		SeAssignPrimaryTokenPrivilege 			SeTcbPrivilege 			SeSecurityPrivilege 			SeTakeOwnershipPrivilege 			SeLoadDriverPrivilege 			SeBackupPrivilege 			SeRestorePrivilege 			SeDebugPrivilege 			SeAuditPrivilege 			SeSystemEnvironmentPrivilege 			SeImpersonatePrivilege 			SeDelegateSessionUserImpersonatePrivilege | LogName=Unknown, Source=Microsoft-Windows-Security-Auditing, EventId=4672, EntryType=SuccessAudit, TimeGenerated=2025-12-28 13:57:13.000
[2026-01-07 19:08:49.369] [Info] [Microsoft-Windows-Security-Auditing] An account was successfully logged on.  Subject: 	Security ID:		S-1-5-18 	Account Name:		ROG_MAHDI$ 	Account Domain:		WORKGROUP 	Logon ID:		0x3e7  Logon Information: 	Logon Type:		5 	Restricted Admin Mode:	- 	Remote Credential Guard:	- 	Virtual Account:		%%1843 	Elevated Token:		%%1842  Impersonation Level:		%%1833  New Logon: 	Security ID:		S-1-5-18 	Account Name:		SYSTEM 	Account Domain:		NT AUTHORITY 	Logon ID:		0x3e7 	Linked Logon ID:		0x0 	Network Account Name:	- 	Network Account Domain:	- ... | LogName=Unknown, Source=Microsoft-Windows-Security-Auditing, EventId=4624, EntryType=SuccessAudit, TimeGenerated=2025-12-28 14:00:32.000
[2026-01-07 19:08:49.369] [Info] [Microsoft-Windows-Security-Auditing] Special privileges assigned to new logon.  Subject: 	Security ID:		S-1-5-18 	Account Name:		SYSTEM 	Account Domain:		NT AUTHORITY 	Logon ID:		0x3e7  Privileges:		SeAssignPrimaryTokenPrivilege 			SeTcbPrivilege 			SeSecurityPrivilege 			SeTakeOwnershipPrivilege 			SeLoadDriverPrivilege 			SeBackupPrivilege 			SeRestorePrivilege 			SeDebugPrivilege 			SeAuditPrivilege 			SeSystemEnvironmentPrivilege 			SeImpersonatePrivilege 			SeDelegateSessionUserImpersonatePrivilege | LogName=Unknown, Source=Microsoft-Windows-Security-Auditing, EventId=4672, EntryType=SuccessAudit, TimeGenerated=2025-12-28 14:00:32.000
[2026-01-07 19:08:49.369] [Info] [Microsoft-Windows-Security-Auditing] An account was successfully logged on.  Subject: 	Security ID:		S-1-5-18 	Account Name:		ROG_MAHDI$ 	Account Domain:		WORKGROUP 	Logon ID:		0x3e7  Logon Information: 	Logon Type:		5 	Restricted Admin Mode:	- 	Remote Credential Guard:	- 	Virtual Account:		%%1843 	Elevated Token:		%%1842  Impersonation Level:		%%1833  New Logon: 	Security ID:		S-1-5-18 	Account Name:		SYSTEM 	Account Domain:		NT AUTHORITY 	Logon ID:		0x3e7 	Linked Logon ID:		0x0 	Network Account Name:	- 	Network Account Domain:	- ... | LogName=Unknown, Source=Microsoft-Windows-Security-Auditing, EventId=4624, EntryType=SuccessAudit, TimeGenerated=2025-12-28 14:11:22.000
[2026-01-07 19:08:49.369] [Info] [Microsoft-Windows-Security-Auditing] Special privileges assigned to new logon.  Subject: 	Security ID:		S-1-5-18 	Account Name:		SYSTEM 	Account Domain:		NT AUTHORITY 	Logon ID:		0x3e7  Privileges:		SeAssignPrimaryTokenPrivilege 			SeTcbPrivilege 			SeSecurityPrivilege 			SeTakeOwnershipPrivilege 			SeLoadDriverPrivilege 			SeBackupPrivilege 			SeRestorePrivilege 			SeDebugPrivilege 			SeAuditPrivilege 			SeSystemEnvironmentPrivilege 			SeImpersonatePrivilege 			SeDelegateSessionUserImpersonatePrivilege | LogName=Unknown, Source=Microsoft-Windows-Security-Auditing, EventId=4672, EntryType=SuccessAudit, TimeGenerated=2025-12-28 14:11:22.000
[2026-01-07 19:08:49.369] [Info] [Microsoft-Windows-Security-Auditing] An account was successfully logged on.  Subject: 	Security ID:		S-1-5-18 	Account Name:		ROG_MAHDI$ 	Account Domain:		WORKGROUP 	Logon ID:		0x3e7  Logon Information: 	Logon Type:		5 	Restricted Admin Mode:	- 	Remote Credential Guard:	- 	Virtual Account:		%%1843 	Elevated Token:		%%1842  Impersonation Level:		%%1833  New Logon: 	Security ID:		S-1-5-18 	Account Name:		SYSTEM 	Account Domain:		NT AUTHORITY 	Logon ID:		0x3e7 	Linked Logon ID:		0x0 	Network Account Name:	- 	Network Account Domain:	- ... | LogName=Unknown, Source=Microsoft-Windows-Security-Auditing, EventId=4624, EntryType=SuccessAudit, TimeGenerated=2025-12-28 14:12:18.000
[2026-01-07 19:08:49.369] [Info] [Microsoft-Windows-Security-Auditing] Special privileges assigned to new logon.  Subject: 	Security ID:		S-1-5-18 	Account Name:		SYSTEM 	Account Domain:		NT AUTHORITY 	Logon ID:		0x3e7  Privileges:		SeAssignPrimaryTokenPrivilege 			SeTcbPrivilege 			SeSecurityPrivilege 			SeTakeOwnershipPrivilege 			SeLoadDriverPrivilege 			SeBackupPrivilege 			SeRestorePrivilege 			SeDebugPrivilege 			SeAuditPrivilege 			SeSystemEnvironmentPrivilege 			SeImpersonatePrivilege 			SeDelegateSessionUserImpersonatePrivilege | LogName=Unknown, Source=Microsoft-Windows-Security-Auditing, EventId=4672, EntryType=SuccessAudit, TimeGenerated=2025-12-28 14:12:18.000
[2026-01-07 19:08:49.369] [Info] [Microsoft-Windows-Security-Auditing] An account was successfully logged on.  Subject: 	Security ID:		S-1-5-18 	Account Name:		ROG_MAHDI$ 	Account Domain:		WORKGROUP 	Logon ID:		0x3e7  Logon Information: 	Logon Type:		5 	Restricted Admin Mode:	- 	Remote Credential Guard:	- 	Virtual Account:		%%1843 	Elevated Token:		%%1842  Impersonation Level:		%%1833  New Logon: 	Security ID:		S-1-5-18 	Account Name:		SYSTEM 	Account Domain:		NT AUTHORITY 	Logon ID:		0x3e7 	Linked Logon ID:		0x0 	Network Account Name:	- 	Network Account Domain:	- ... | LogName=Unknown, Source=Microsoft-Windows-Security-Auditing, EventId=4624, EntryType=SuccessAudit, TimeGenerated=2025-12-28 14:17:14.000
[2026-01-07 19:08:49.369] [Info] [Microsoft-Windows-Security-Auditing] Special privileges assigned to new logon.  Subject: 	Security ID:		S-1-5-18 	Account Name:		SYSTEM 	Account Domain:		NT AUTHORITY 	Logon ID:		0x3e7  Privileges:		SeAssignPrimaryTokenPrivilege 			SeTcbPrivilege 			SeSecurityPrivilege 			SeTakeOwnershipPrivilege 			SeLoadDriverPrivilege 			SeBackupPrivilege 			SeRestorePrivilege 			SeDebugPrivilege 			SeAuditPrivilege 			SeSystemEnvironmentPrivilege 			SeImpersonatePrivilege 			SeDelegateSessionUserImpersonatePrivilege | LogName=Unknown, Source=Microsoft-Windows-Security-Auditing, EventId=4672, EntryType=SuccessAudit, TimeGenerated=2025-12-28 14:17:14.000
[2026-01-07 19:08:49.369] [Info] [Microsoft-Windows-Security-Auditing] An account was successfully logged on.  Subject: 	Security ID:		S-1-5-18 	Account Name:		ROG_MAHDI$ 	Account Domain:		WORKGROUP 	Logon ID:		0x3e7  Logon Information: 	Logon Type:		5 	Restricted Admin Mode:	- 	Remote Credential Guard:	- 	Virtual Account:		%%1843 	Elevated Token:		%%1842  Impersonation Level:		%%1833  New Logon: 	Security ID:		S-1-5-18 	Account Name:		SYSTEM 	Account Domain:		NT AUTHORITY 	Logon ID:		0x3e7 	Linked Logon ID:		0x0 	Network Account Name:	- 	Network Account Domain:	- ... | LogName=Unknown, Source=Microsoft-Windows-Security-Auditing, EventId=4624, EntryType=SuccessAudit, TimeGenerated=2025-12-28 14:17:23.000
[2026-01-07 19:08:49.369] [Info] [Microsoft-Windows-Security-Auditing] Special privileges assigned to new logon.  Subject: 	Security ID:		S-1-5-18 	Account Name:		SYSTEM 	Account Domain:		NT AUTHORITY 	Logon ID:		0x3e7  Privileges:		SeAssignPrimaryTokenPrivilege 			SeTcbPrivilege 			SeSecurityPrivilege 			SeTakeOwnershipPrivilege 			SeLoadDriverPrivilege 			SeBackupPrivilege 			SeRestorePrivilege 			SeDebugPrivilege 			SeAuditPrivilege 			SeSystemEnvironmentPrivilege 			SeImpersonatePrivilege 			SeDelegateSessionUserImpersonatePrivilege | LogName=Unknown, Source=Microsoft-Windows-Security-Auditing, EventId=4672, EntryType=SuccessAudit, TimeGenerated=2025-12-28 14:17:23.000
[2026-01-07 19:08:49.370] [Info] [Microsoft-Windows-Security-Auditing] An account was successfully logged on.  Subject: 	Security ID:		S-1-5-18 	Account Name:		ROG_MAHDI$ 	Account Domain:		WORKGROUP 	Logon ID:		0x3e7  Logon Information: 	Logon Type:		5 	Restricted Admin Mode:	- 	Remote Credential Guard:	- 	Virtual Account:		%%1843 	Elevated Token:		%%1842  Impersonation Level:		%%1833  New Logon: 	Security ID:		S-1-5-18 	Account Name:		SYSTEM 	Account Domain:		NT AUTHORITY 	Logon ID:		0x3e7 	Linked Logon ID:		0x0 	Network Account Name:	- 	Network Account Domain:	- ... | LogName=Unknown, Source=Microsoft-Windows-Security-Auditing, EventId=4624, EntryType=SuccessAudit, TimeGenerated=2025-12-28 14:22:46.000
[2026-01-07 19:08:49.370] [Info] [Microsoft-Windows-Security-Auditing] Special privileges assigned to new logon.  Subject: 	Security ID:		S-1-5-18 	Account Name:		SYSTEM 	Account Domain:		NT AUTHORITY 	Logon ID:		0x3e7  Privileges:		SeAssignPrimaryTokenPrivilege 			SeTcbPrivilege 			SeSecurityPrivilege 			SeTakeOwnershipPrivilege 			SeLoadDriverPrivilege 			SeBackupPrivilege 			SeRestorePrivilege 			SeDebugPrivilege 			SeAuditPrivilege 			SeSystemEnvironmentPrivilege 			SeImpersonatePrivilege 			SeDelegateSessionUserImpersonatePrivilege | LogName=Unknown, Source=Microsoft-Windows-Security-Auditing, EventId=4672, EntryType=SuccessAudit, TimeGenerated=2025-12-28 14:22:46.000
[2026-01-07 19:08:49.370] [Info] [Microsoft-Windows-Security-Auditing] An account was successfully logged on.  Subject: 	Security ID:		S-1-5-18 	Account Name:		ROG_MAHDI$ 	Account Domain:		WORKGROUP 	Logon ID:		0x3e7  Logon Information: 	Logon Type:		5 	Restricted Admin Mode:	- 	Remote Credential Guard:	- 	Virtual Account:		%%1843 	Elevated Token:		%%1842  Impersonation Level:		%%1833  New Logon: 	Security ID:		S-1-5-18 	Account Name:		SYSTEM 	Account Domain:		NT AUTHORITY 	Logon ID:		0x3e7 	Linked Logon ID:		0x0 	Network Account Name:	- 	Network Account Domain:	- ... | LogName=Unknown, Source=Microsoft-Windows-Security-Auditing, EventId=4624, EntryType=SuccessAudit, TimeGenerated=2025-12-28 14:27:18.000
[2026-01-07 19:08:49.370] [Info] [Microsoft-Windows-Security-Auditing] Special privileges assigned to new logon.  Subject: 	Security ID:		S-1-5-18 	Account Name:		SYSTEM 	Account Domain:		NT AUTHORITY 	Logon ID:		0x3e7  Privileges:		SeAssignPrimaryTokenPrivilege 			SeTcbPrivilege 			SeSecurityPrivilege 			SeTakeOwnershipPrivilege 			SeLoadDriverPrivilege 			SeBackupPrivilege 			SeRestorePrivilege 			SeDebugPrivilege 			SeAuditPrivilege 			SeSystemEnvironmentPrivilege 			SeImpersonatePrivilege 			SeDelegateSessionUserImpersonatePrivilege | LogName=Unknown, Source=Microsoft-Windows-Security-Auditing, EventId=4672, EntryType=SuccessAudit, TimeGenerated=2025-12-28 14:27:18.000
[2026-01-07 19:08:49.370] [Info] [Microsoft-Windows-Security-Auditing] An account was successfully logged on.  Subject: 	Security ID:		S-1-5-18 	Account Name:		ROG_MAHDI$ 	Account Domain:		WORKGROUP 	Logon ID:		0x3e7  Logon Information: 	Logon Type:		5 	Restricted Admin Mode:	- 	Remote Credential Guard:	- 	Virtual Account:		%%1843 	Elevated Token:		%%1842  Impersonation Level:		%%1833  New Logon: 	Security ID:		S-1-5-18 	Account Name:		SYSTEM 	Account Domain:		NT AUTHORITY 	Logon ID:		0x3e7 	Linked Logon ID:		0x0 	Network Account Name:	- 	Network Account Domain:	- ... | LogName=Unknown, Source=Microsoft-Windows-Security-Auditing, EventId=4624, EntryType=SuccessAudit, TimeGenerated=2025-12-28 14:36:51.000
[2026-01-07 19:08:49.370] [Info] [Microsoft-Windows-Security-Auditing] Special privileges assigned to new logon.  Subject: 	Security ID:		S-1-5-18 	Account Name:		SYSTEM 	Account Domain:		NT AUTHORITY 	Logon ID:		0x3e7  Privileges:		SeAssignPrimaryTokenPrivilege 			SeTcbPrivilege 			SeSecurityPrivilege 			SeTakeOwnershipPrivilege 			SeLoadDriverPrivilege 			SeBackupPrivilege 			SeRestorePrivilege 			SeDebugPrivilege 			SeAuditPrivilege 			SeSystemEnvironmentPrivilege 			SeImpersonatePrivilege 			SeDelegateSessionUserImpersonatePrivilege | LogName=Unknown, Source=Microsoft-Windows-Security-Auditing, EventId=4672, EntryType=SuccessAudit, TimeGenerated=2025-12-28 14:36:51.000
[2026-01-07 19:08:49.370] [Info] [Microsoft-Windows-Security-Auditing] An account was successfully logged on.  Subject: 	Security ID:		S-1-5-18 	Account Name:		ROG_MAHDI$ 	Account Domain:		WORKGROUP 	Logon ID:		0x3e7  Logon Information: 	Logon Type:		5 	Restricted Admin Mode:	- 	Remote Credential Guard:	- 	Virtual Account:		%%1843 	Elevated Token:		%%1842  Impersonation Level:		%%1833  New Logon: 	Security ID:		S-1-5-18 	Account Name:		SYSTEM 	Account Domain:		NT AUTHORITY 	Logon ID:		0x3e7 	Linked Logon ID:		0x0 	Network Account Name:	- 	Network Account Domain:	- ... | LogName=Unknown, Source=Microsoft-Windows-Security-Auditing, EventId=4624, EntryType=SuccessAudit, TimeGenerated=2025-12-28 14:42:18.000
[2026-01-07 19:08:49.370] [Info] [Microsoft-Windows-Security-Auditing] Special privileges assigned to new logon.  Subject: 	Security ID:		S-1-5-18 	Account Name:		SYSTEM 	Account Domain:		NT AUTHORITY 	Logon ID:		0x3e7  Privileges:		SeAssignPrimaryTokenPrivilege 			SeTcbPrivilege 			SeSecurityPrivilege 			SeTakeOwnershipPrivilege 			SeLoadDriverPrivilege 			SeBackupPrivilege 			SeRestorePrivilege 			SeDebugPrivilege 			SeAuditPrivilege 			SeSystemEnvironmentPrivilege 			SeImpersonatePrivilege 			SeDelegateSessionUserImpersonatePrivilege | LogName=Unknown, Source=Microsoft-Windows-Security-Auditing, EventId=4672, EntryType=SuccessAudit, TimeGenerated=2025-12-28 14:42:18.000
[2026-01-07 19:08:49.370] [Info] [Microsoft-Windows-Security-Auditing] An account was successfully logged on.  Subject: 	Security ID:		S-1-5-18 	Account Name:		ROG_MAHDI$ 	Account Domain:		WORKGROUP 	Logon ID:		0x3e7  Logon Information: 	Logon Type:		5 	Restricted Admin Mode:	- 	Remote Credential Guard:	- 	Virtual Account:		%%1843 	Elevated Token:		%%1842  Impersonation Level:		%%1833  New Logon: 	Security ID:		S-1-5-18 	Account Name:		SYSTEM 	Account Domain:		NT AUTHORITY 	Logon ID:		0x3e7 	Linked Logon ID:		0x0 	Network Account Name:	- 	Network Account Domain:	- ... | LogName=Unknown, Source=Microsoft-Windows-Security-Auditing, EventId=4624, EntryType=SuccessAudit, TimeGenerated=2025-12-28 14:52:33.000
[2026-01-07 19:08:49.370] [Info] [Microsoft-Windows-Security-Auditing] Special privileges assigned to new logon.  Subject: 	Security ID:		S-1-5-18 	Account Name:		SYSTEM 	Account Domain:		NT AUTHORITY 	Logon ID:		0x3e7  Privileges:		SeAssignPrimaryTokenPrivilege 			SeTcbPrivilege 			SeSecurityPrivilege 			SeTakeOwnershipPrivilege 			SeLoadDriverPrivilege 			SeBackupPrivilege 			SeRestorePrivilege 			SeDebugPrivilege 			SeAuditPrivilege 			SeSystemEnvironmentPrivilege 			SeImpersonatePrivilege 			SeDelegateSessionUserImpersonatePrivilege | LogName=Unknown, Source=Microsoft-Windows-Security-Auditing, EventId=4672, EntryType=SuccessAudit, TimeGenerated=2025-12-28 14:52:33.000
[2026-01-07 19:08:49.370] [Info] [Microsoft-Windows-Security-Auditing] An account was successfully logged on.  Subject: 	Security ID:		S-1-5-18 	Account Name:		ROG_MAHDI$ 	Account Domain:		WORKGROUP 	Logon ID:		0x3e7  Logon Information: 	Logon Type:		5 	Restricted Admin Mode:	- 	Remote Credential Guard:	- 	Virtual Account:		%%1843 	Elevated Token:		%%1842  Impersonation Level:		%%1833  New Logon: 	Security ID:		S-1-5-18 	Account Name:		SYSTEM 	Account Domain:		NT AUTHORITY 	Logon ID:		0x3e7 	Linked Logon ID:		0x0 	Network Account Name:	- 	Network Account Domain:	- ... | LogName=Unknown, Source=Microsoft-Windows-Security-Auditing, EventId=4624, EntryType=SuccessAudit, TimeGenerated=2025-12-28 14:53:49.000
[2026-01-07 19:08:49.370] [Info] [Microsoft-Windows-Security-Auditing] Special privileges assigned to new logon.  Subject: 	Security ID:		S-1-5-18 	Account Name:		SYSTEM 	Account Domain:		NT AUTHORITY 	Logon ID:		0x3e7  Privileges:		SeAssignPrimaryTokenPrivilege 			SeTcbPrivilege 			SeSecurityPrivilege 			SeTakeOwnershipPrivilege 			SeLoadDriverPrivilege 			SeBackupPrivilege 			SeRestorePrivilege 			SeDebugPrivilege 			SeAuditPrivilege 			SeSystemEnvironmentPrivilege 			SeImpersonatePrivilege 			SeDelegateSessionUserImpersonatePrivilege | LogName=Unknown, Source=Microsoft-Windows-Security-Auditing, EventId=4672, EntryType=SuccessAudit, TimeGenerated=2025-12-28 14:53:49.000
[2026-01-07 19:08:49.371] [Info] [Microsoft-Windows-Security-Auditing] Credential Manager credentials were read.  Subject: 	Security ID:		S-1-5-18 	Account Name:		ROG_MAHDI$ 	Account Domain:		WORKGROUP 	Logon ID:		0x3e7 	Read Operation:		%%8100  This event occurs when a user performs a read operation on stored credentials in Credential Manager. | LogName=Unknown, Source=Microsoft-Windows-Security-Auditing, EventId=5379, EntryType=SuccessAudit, TimeGenerated=2025-12-28 14:53:49.000
[2026-01-07 19:08:49.371] [Info] [Microsoft-Windows-Security-Auditing] Credential Manager credentials were read.  Subject: 	Security ID:		S-1-5-21-1560790212-1407658851-3379816254-1002 	Account Name:		Morph 	Account Domain:		ROG_Mahdi 	Logon ID:		0x11de85ff 	Read Operation:		%%8100  This event occurs when a user performs a read operation on stored credentials in Credential Manager. | LogName=Unknown, Source=Microsoft-Windows-Security-Auditing, EventId=5379, EntryType=SuccessAudit, TimeGenerated=2025-12-28 14:53:50.000
[2026-01-07 19:08:49.371] [Info] [Microsoft-Windows-Security-Auditing] An account was successfully logged on.  Subject: 	Security ID:		S-1-5-18 	Account Name:		ROG_MAHDI$ 	Account Domain:		WORKGROUP 	Logon ID:		0x3e7  Logon Information: 	Logon Type:		5 	Restricted Admin Mode:	- 	Remote Credential Guard:	- 	Virtual Account:		%%1843 	Elevated Token:		%%1842  Impersonation Level:		%%1833  New Logon: 	Security ID:		S-1-5-18 	Account Name:		SYSTEM 	Account Domain:		NT AUTHORITY 	Logon ID:		0x3e7 	Linked Logon ID:		0x0 	Network Account Name:	- 	Network Account Domain:	- ... | LogName=Unknown, Source=Microsoft-Windows-Security-Auditing, EventId=4624, EntryType=SuccessAudit, TimeGenerated=2025-12-28 15:02:58.000
[2026-01-07 19:08:49.371] [Info] [Microsoft-Windows-Security-Auditing] Special privileges assigned to new logon.  Subject: 	Security ID:		S-1-5-18 	Account Name:		SYSTEM 	Account Domain:		NT AUTHORITY 	Logon ID:		0x3e7  Privileges:		SeAssignPrimaryTokenPrivilege 			SeTcbPrivilege 			SeSecurityPrivilege 			SeTakeOwnershipPrivilege 			SeLoadDriverPrivilege 			SeBackupPrivilege 			SeRestorePrivilege 			SeDebugPrivilege 			SeAuditPrivilege 			SeSystemEnvironmentPrivilege 			SeImpersonatePrivilege 			SeDelegateSessionUserImpersonatePrivilege | LogName=Unknown, Source=Microsoft-Windows-Security-Auditing, EventId=4672, EntryType=SuccessAudit, TimeGenerated=2025-12-28 15:02:58.000
