[2026-01-07 19:08:49.405] [Info] [Microsoft-Windows-Security-Auditing] An account was successfully logged on.  Subject: 	Security ID:		S-1-5-18 	Account Name:		ROG_MAHDI$ 	Account Domain:		WORKGROUP 	Logon ID:		0x3e7  Logon Information: 	Logon Type:		5 	Restricted Admin Mode:	- 	Remote Credential Guard:	- 	Virtual Account:		%%1843 	Elevated Token:		%%1842  Impersonation Level:		%%1833  New Logon: 	Security ID:		S-1-5-18 	Account Name:		SYSTEM 	Account Domain:		NT AUTHORITY 	Logon ID:		0x3e7 	Linked Logon ID:		0x0 	Network Account Name:	- 	Network Account Domain:	- ... | LogName=Unknown, Source=Microsoft-Windows-Security-Auditing, EventId=4624, EntryType=SuccessAudit, TimeGenerated=2025-12-29 01:36:05.000
[2026-01-07 19:08:49.405] [Info] [Microsoft-Windows-Security-Auditing] Special privileges assigned to new logon.  Subject: 	Security ID:		S-1-5-18 	Account Name:		SYSTEM 	Account Domain:		NT AUTHORITY 	Logon ID:		0x3e7  Privileges:		SeAssignPrimaryTokenPrivilege 			SeTcbPrivilege 			SeSecurityPrivilege 			SeTakeOwnershipPrivilege 			SeLoadDriverPrivilege 			SeBackupPrivilege 			SeRestorePrivilege 			SeDebugPrivilege 			SeAuditPrivilege 			SeSystemEnvironmentPrivilege 			SeImpersonatePrivilege 			SeDelegateSessionUserImpersonatePrivilege | LogName=Unknown, Source=Microsoft-Windows-Security-Auditing, EventId=4672, EntryType=SuccessAudit, TimeGenerated=2025-12-29 01:36:05.000
[2026-01-07 19:08:49.406] [Info] [Microsoft-Windows-Security-Auditing] An account was successfully logged on.  Subject: 	Security ID:		S-1-5-18 	Account Name:		ROG_MAHDI$ 	Account Domain:		WORKGROUP 	Logon ID:		0x3e7  Logon Information: 	Logon Type:		5 	Restricted Admin Mode:	- 	Remote Credential Guard:	- 	Virtual Account:		%%1843 	Elevated Token:		%%1842  Impersonation Level:		%%1833  New Logon: 	Security ID:		S-1-5-18 	Account Name:		SYSTEM 	Account Domain:		NT AUTHORITY 	Logon ID:		0x3e7 	Linked Logon ID:		0x0 	Network Account Name:	- 	Network Account Domain:	- ... | LogName=Unknown, Source=Microsoft-Windows-Security-Auditing, EventId=4624, EntryType=SuccessAudit, TimeGenerated=2025-12-29 01:39:18.000
[2026-01-07 19:08:49.406] [Info] [Microsoft-Windows-Security-Auditing] Special privileges assigned to new logon.  Subject: 	Security ID:		S-1-5-18 	Account Name:		SYSTEM 	Account Domain:		NT AUTHORITY 	Logon ID:		0x3e7  Privileges:		SeAssignPrimaryTokenPrivilege 			SeTcbPrivilege 			SeSecurityPrivilege 			SeTakeOwnershipPrivilege 			SeLoadDriverPrivilege 			SeBackupPrivilege 			SeRestorePrivilege 			SeDebugPrivilege 			SeAuditPrivilege 			SeSystemEnvironmentPrivilege 			SeImpersonatePrivilege 			SeDelegateSessionUserImpersonatePrivilege | LogName=Unknown, Source=Microsoft-Windows-Security-Auditing, EventId=4672, EntryType=SuccessAudit, TimeGenerated=2025-12-29 01:39:18.000
[2026-01-07 19:08:49.406] [Info] [Microsoft-Windows-Security-Auditing] An account was successfully logged on.  Subject: 	Security ID:		S-1-5-18 	Account Name:		ROG_MAHDI$ 	Account Domain:		WORKGROUP 	Logon ID:		0x3e7  Logon Information: 	Logon Type:		5 	Restricted Admin Mode:	- 	Remote Credential Guard:	- 	Virtual Account:		%%1843 	Elevated Token:		%%1842  Impersonation Level:		%%1833  New Logon: 	Security ID:		S-1-5-18 	Account Name:		SYSTEM 	Account Domain:		NT AUTHORITY 	Logon ID:		0x3e7 	Linked Logon ID:		0x0 	Network Account Name:	- 	Network Account Domain:	- ... | LogName=Unknown, Source=Microsoft-Windows-Security-Auditing, EventId=4624, EntryType=SuccessAudit, TimeGenerated=2025-12-29 01:50:43.000
[2026-01-07 19:08:49.406] [Info] [Microsoft-Windows-Security-Auditing] Special privileges assigned to new logon.  Subject: 	Security ID:		S-1-5-18 	Account Name:		SYSTEM 	Account Domain:		NT AUTHORITY 	Logon ID:		0x3e7  Privileges:		SeAssignPrimaryTokenPrivilege 			SeTcbPrivilege 			SeSecurityPrivilege 			SeTakeOwnershipPrivilege 			SeLoadDriverPrivilege 			SeBackupPrivilege 			SeRestorePrivilege 			SeDebugPrivilege 			SeAuditPrivilege 			SeSystemEnvironmentPrivilege 			SeImpersonatePrivilege 			SeDelegateSessionUserImpersonatePrivilege | LogName=Unknown, Source=Microsoft-Windows-Security-Auditing, EventId=4672, EntryType=SuccessAudit, TimeGenerated=2025-12-29 01:50:43.000
[2026-01-07 19:08:49.406] [Info] [Microsoft-Windows-Security-Auditing] An account was successfully logged on.  Subject: 	Security ID:		S-1-5-18 	Account Name:		ROG_MAHDI$ 	Account Domain:		WORKGROUP 	Logon ID:		0x3e7  Logon Information: 	Logon Type:		5 	Restricted Admin Mode:	- 	Remote Credential Guard:	- 	Virtual Account:		%%1843 	Elevated Token:		%%1842  Impersonation Level:		%%1833  New Logon: 	Security ID:		S-1-5-18 	Account Name:		SYSTEM 	Account Domain:		NT AUTHORITY 	Logon ID:		0x3e7 	Linked Logon ID:		0x0 	Network Account Name:	- 	Network Account Domain:	- ... | LogName=Unknown, Source=Microsoft-Windows-Security-Auditing, EventId=4624, EntryType=SuccessAudit, TimeGenerated=2025-12-29 01:51:05.000
[2026-01-07 19:08:49.406] [Info] [Microsoft-Windows-Security-Auditing] Special privileges assigned to new logon.  Subject: 	Security ID:		S-1-5-18 	Account Name:		SYSTEM 	Account Domain:		NT AUTHORITY 	Logon ID:		0x3e7  Privileges:		SeAssignPrimaryTokenPrivilege 			SeTcbPrivilege 			SeSecurityPrivilege 			SeTakeOwnershipPrivilege 			SeLoadDriverPrivilege 			SeBackupPrivilege 			SeRestorePrivilege 			SeDebugPrivilege 			SeAuditPrivilege 			SeSystemEnvironmentPrivilege 			SeImpersonatePrivilege 			SeDelegateSessionUserImpersonatePrivilege | LogName=Unknown, Source=Microsoft-Windows-Security-Auditing, EventId=4672, EntryType=SuccessAudit, TimeGenerated=2025-12-29 01:51:05.000
[2026-01-07 19:08:49.406] [Info] [Microsoft-Windows-Security-Auditing] An account was successfully logged on.  Subject: 	Security ID:		S-1-5-18 	Account Name:		ROG_MAHDI$ 	Account Domain:		WORKGROUP 	Logon ID:		0x3e7  Logon Information: 	Logon Type:		5 	Restricted Admin Mode:	- 	Remote Credential Guard:	- 	Virtual Account:		%%1843 	Elevated Token:		%%1842  Impersonation Level:		%%1833  New Logon: 	Security ID:		S-1-5-18 	Account Name:		SYSTEM 	Account Domain:		NT AUTHORITY 	Logon ID:		0x3e7 	Linked Logon ID:		0x0 	Network Account Name:	- 	Network Account Domain:	- ... | LogName=Unknown, Source=Microsoft-Windows-Security-Auditing, EventId=4624, EntryType=SuccessAudit, TimeGenerated=2025-12-29 01:58:48.000
[2026-01-07 19:08:49.406] [Info] [Microsoft-Windows-Security-Auditing] Special privileges assigned to new logon.  Subject: 	Security ID:		S-1-5-18 	Account Name:		SYSTEM 	Account Domain:		NT AUTHORITY 	Logon ID:		0x3e7  Privileges:		SeAssignPrimaryTokenPrivilege 			SeTcbPrivilege 			SeSecurityPrivilege 			SeTakeOwnershipPrivilege 			SeLoadDriverPrivilege 			SeBackupPrivilege 			SeRestorePrivilege 			SeDebugPrivilege 			SeAuditPrivilege 			SeSystemEnvironmentPrivilege 			SeImpersonatePrivilege 			SeDelegateSessionUserImpersonatePrivilege | LogName=Unknown, Source=Microsoft-Windows-Security-Auditing, EventId=4672, EntryType=SuccessAudit, TimeGenerated=2025-12-29 01:58:48.000
[2026-01-07 19:08:49.406] [Info] [Microsoft-Windows-Security-Auditing] An account was successfully logged on.  Subject: 	Security ID:		S-1-5-18 	Account Name:		ROG_MAHDI$ 	Account Domain:		WORKGROUP 	Logon ID:		0x3e7  Logon Information: 	Logon Type:		5 	Restricted Admin Mode:	- 	Remote Credential Guard:	- 	Virtual Account:		%%1843 	Elevated Token:		%%1842  Impersonation Level:		%%1833  New Logon: 	Security ID:		S-1-5-18 	Account Name:		SYSTEM 	Account Domain:		NT AUTHORITY 	Logon ID:		0x3e7 	Linked Logon ID:		0x0 	Network Account Name:	- 	Network Account Domain:	- ... | LogName=Unknown, Source=Microsoft-Windows-Security-Auditing, EventId=4624, EntryType=SuccessAudit, TimeGenerated=2025-12-29 01:58:49.000
[2026-01-07 19:08:49.406] [Info] [Microsoft-Windows-Security-Auditing] Special privileges assigned to new logon.  Subject: 	Security ID:		S-1-5-18 	Account Name:		SYSTEM 	Account Domain:		NT AUTHORITY 	Logon ID:		0x3e7  Privileges:		SeAssignPrimaryTokenPrivilege 			SeTcbPrivilege 			SeSecurityPrivilege 			SeTakeOwnershipPrivilege 			SeLoadDriverPrivilege 			SeBackupPrivilege 			SeRestorePrivilege 			SeDebugPrivilege 			SeAuditPrivilege 			SeSystemEnvironmentPrivilege 			SeImpersonatePrivilege 			SeDelegateSessionUserImpersonatePrivilege | LogName=Unknown, Source=Microsoft-Windows-Security-Auditing, EventId=4672, EntryType=SuccessAudit, TimeGenerated=2025-12-29 01:58:49.000
[2026-01-07 19:08:49.406] [Info] [Microsoft-Windows-Security-Auditing] A logon was attempted using explicit credentials.  Subject: 	Security ID:		S-1-5-18 	Account Name:		ROG_MAHDI$ 	Account Domain:		WORKGROUP 	Logon ID:		0x3e7 	Logon GUID:		{00000000-0000-0000-0000-000000000000}  Account Whose Credentials Were Used: 	Account Name:		UMFD-2 	Account Domain:		Font Driver Host 	Logon GUID:		{00000000-0000-0000-0000-000000000000}  Target Server: 	Target Server Name:	localhost 	Additional Information:	localhost  Process Information: 	Process ID:		0xb38 	Process Name:		C... | LogName=Unknown, Source=Microsoft-Windows-Security-Auditing, EventId=4648, EntryType=SuccessAudit, TimeGenerated=2025-12-29 01:58:56.000
[2026-01-07 19:08:49.406] [Info] [Microsoft-Windows-Security-Auditing] An account was successfully logged on.  Subject: 	Security ID:		S-1-5-18 	Account Name:		ROG_MAHDI$ 	Account Domain:		WORKGROUP 	Logon ID:		0x3e7  Logon Information: 	Logon Type:		2 	Restricted Admin Mode:	- 	Remote Credential Guard:	- 	Virtual Account:		%%1842 	Elevated Token:		%%1843  Impersonation Level:		%%1833  New Logon: 	Security ID:		S-1-5-96-0-2 	Account Name:		UMFD-2 	Account Domain:		Font Driver Host 	Logon ID:		0x5ff752d 	Linked Logon ID:		0x0 	Network Account Name:	- 	Network Accoun... | LogName=Unknown, Source=Microsoft-Windows-Security-Auditing, EventId=4624, EntryType=SuccessAudit, TimeGenerated=2025-12-29 01:58:56.000
[2026-01-07 19:08:49.406] [Info] [Microsoft-Windows-Security-Auditing] Special privileges assigned to new logon.  Subject: 	Security ID:		S-1-5-90-0-2 	Account Name:		DWM-2 	Account Domain:		Window Manager 	Logon ID:		0x5ff8898  Privileges:		SeAssignPrimaryTokenPrivilege 			SeAuditPrivilege 			SeImpersonatePrivilege | LogName=Unknown, Source=Microsoft-Windows-Security-Auditing, EventId=4672, EntryType=SuccessAudit, TimeGenerated=2025-12-29 01:58:56.000
[2026-01-07 19:08:49.407] [Info] [Microsoft-Windows-Security-Auditing] User initiated logoff:  Subject: 	Security ID:		S-1-5-21-1560790212-1407658851-3379816254-1002 	Account Name:		Morph 	Account Domain:		ROG_Mahdi 	Logon ID:		0x342ca  This event is generated when a logoff is initiated. No further user-initiated activity can occur. This event can be interpreted as a logoff event. | LogName=Unknown, Source=Microsoft-Windows-Security-Auditing, EventId=4647, EntryType=SuccessAudit, TimeGenerated=2025-12-29 01:58:57.000
[2026-01-07 19:08:49.407] [Info] [Microsoft-Windows-Security-Auditing] An account was successfully logged on.  Subject: 	Security ID:		S-1-5-18 	Account Name:		ROG_MAHDI$ 	Account Domain:		WORKGROUP 	Logon ID:		0x3e7  Logon Information: 	Logon Type:		5 	Restricted Admin Mode:	- 	Remote Credential Guard:	- 	Virtual Account:		%%1843 	Elevated Token:		%%1842  Impersonation Level:		%%1833  New Logon: 	Security ID:		S-1-5-18 	Account Name:		SYSTEM 	Account Domain:		NT AUTHORITY 	Logon ID:		0x3e7 	Linked Logon ID:		0x0 	Network Account Name:	- 	Network Account Domain:	- ... | LogName=Unknown, Source=Microsoft-Windows-Security-Auditing, EventId=4624, EntryType=SuccessAudit, TimeGenerated=2025-12-29 01:58:58.000
[2026-01-07 19:08:49.407] [Info] [Microsoft-Windows-Security-Auditing] Special privileges assigned to new logon.  Subject: 	Security ID:		S-1-5-18 	Account Name:		SYSTEM 	Account Domain:		NT AUTHORITY 	Logon ID:		0x3e7  Privileges:		SeAssignPrimaryTokenPrivilege 			SeTcbPrivilege 			SeSecurityPrivilege 			SeTakeOwnershipPrivilege 			SeLoadDriverPrivilege 			SeBackupPrivilege 			SeRestorePrivilege 			SeDebugPrivilege 			SeAuditPrivilege 			SeSystemEnvironmentPrivilege 			SeImpersonatePrivilege 			SeDelegateSessionUserImpersonatePrivilege | LogName=Unknown, Source=Microsoft-Windows-Security-Auditing, EventId=4672, EntryType=SuccessAudit, TimeGenerated=2025-12-29 01:58:58.000
[2026-01-07 19:08:49.407] [Info] [Microsoft-Windows-Security-Auditing] A user's local group membership was enumerated.  Subject: 	Security ID:		S-1-5-18 	Account Name:		ROG_MAHDI$ 	Account Domain:		WORKGROUP 	Logon ID:		0x3e7  User: 	Security ID:		S-1-5-21-1560790212-1407658851-3379816254-500 	Account Name:		Administrator 	Account Domain:		ROG_Mahdi  Process Information: 	Process ID:		0x3d6c 	Process Name:		C:\Windows\System32\svchost.exe | LogName=Unknown, Source=Microsoft-Windows-Security-Auditing, EventId=4798, EntryType=SuccessAudit, TimeGenerated=2025-12-29 01:58:59.000
[2026-01-07 19:08:49.407] [Info] [Microsoft-Windows-Security-Auditing] An account was successfully logged on.  Subject: 	Security ID:		S-1-5-18 	Account Name:		ROG_MAHDI$ 	Account Domain:		WORKGROUP 	Logon ID:		0x3e7  Logon Information: 	Logon Type:		5 	Restricted Admin Mode:	- 	Remote Credential Guard:	- 	Virtual Account:		%%1843 	Elevated Token:		%%1842  Impersonation Level:		%%1833  New Logon: 	Security ID:		S-1-5-18 	Account Name:		SYSTEM 	Account Domain:		NT AUTHORITY 	Logon ID:		0x3e7 	Linked Logon ID:		0x0 	Network Account Name:	- 	Network Account Domain:	- ... | LogName=Unknown, Source=Microsoft-Windows-Security-Auditing, EventId=4624, EntryType=SuccessAudit, TimeGenerated=2025-12-29 01:58:59.000
[2026-01-07 19:08:49.407] [Info] [Microsoft-Windows-Security-Auditing] Special privileges assigned to new logon.  Subject: 	Security ID:		S-1-5-18 	Account Name:		SYSTEM 	Account Domain:		NT AUTHORITY 	Logon ID:		0x3e7  Privileges:		SeAssignPrimaryTokenPrivilege 			SeTcbPrivilege 			SeSecurityPrivilege 			SeTakeOwnershipPrivilege 			SeLoadDriverPrivilege 			SeBackupPrivilege 			SeRestorePrivilege 			SeDebugPrivilege 			SeAuditPrivilege 			SeSystemEnvironmentPrivilege 			SeImpersonatePrivilege 			SeDelegateSessionUserImpersonatePrivilege | LogName=Unknown, Source=Microsoft-Windows-Security-Auditing, EventId=4672, EntryType=SuccessAudit, TimeGenerated=2025-12-29 01:58:59.000
[2026-01-07 19:08:49.407] [Info] [Microsoft-Windows-Security-Auditing] A user's local group membership was enumerated.  Subject: 	Security ID:		S-1-5-18 	Account Name:		ROG_MAHDI$ 	Account Domain:		WORKGROUP 	Logon ID:		0x3e7  User: 	Security ID:		S-1-5-21-1560790212-1407658851-3379816254-500 	Account Name:		Administrator 	Account Domain:		ROG_Mahdi  Process Information: 	Process ID:		0x3d6c 	Process Name:		C:\Windows\System32\svchost.exe | LogName=Unknown, Source=Microsoft-Windows-Security-Auditing, EventId=4798, EntryType=SuccessAudit, TimeGenerated=2025-12-29 01:59:00.000
[2026-01-07 19:08:49.407] [Info] [Microsoft-Windows-Security-Auditing] A user's local group membership was enumerated.  Subject: 	Security ID:		S-1-5-18 	Account Name:		ROG_MAHDI$ 	Account Domain:		WORKGROUP 	Logon ID:		0x3e7  User: 	Security ID:		S-1-5-21-1560790212-1407658851-3379816254-1002 	Account Name:		Morph 	Account Domain:		ROG_Mahdi  Process Information: 	Process ID:		0x940 	Process Name:		C:\Windows\System32\lsass.exe | LogName=Unknown, Source=Microsoft-Windows-Security-Auditing, EventId=4798, EntryType=SuccessAudit, TimeGenerated=2025-12-29 15:42:38.000
[2026-01-07 19:08:49.407] [Info] [Microsoft-Windows-Security-Auditing] A logon was attempted using explicit credentials.  Subject: 	Security ID:		S-1-5-18 	Account Name:		ROG_MAHDI$ 	Account Domain:		WORKGROUP 	Logon ID:		0x3e7 	Logon GUID:		{00000000-0000-0000-0000-000000000000}  Account Whose Credentials Were Used: 	Account Name:		Morph 	Account Domain:		ROG_Mahdi 	Logon GUID:		{00000000-0000-0000-0000-000000000000}  Target Server: 	Target Server Name:	localhost 	Additional Information:	localhost  Process Information: 	Process ID:		0xda0 	Process Name:		C:\Window... | LogName=Unknown, Source=Microsoft-Windows-Security-Auditing, EventId=4648, EntryType=SuccessAudit, TimeGenerated=2025-12-29 15:42:38.000
[2026-01-07 19:08:49.407] [Info] [Microsoft-Windows-Security-Auditing] An account was successfully logged on.  Subject: 	Security ID:		S-1-5-18 	Account Name:		ROG_MAHDI$ 	Account Domain:		WORKGROUP 	Logon ID:		0x3e7  Logon Information: 	Logon Type:		2 	Restricted Admin Mode:	- 	Remote Credential Guard:	- 	Virtual Account:		%%1843 	Elevated Token:		%%1842  Impersonation Level:		%%1833  New Logon: 	Security ID:		S-1-5-21-1560790212-1407658851-3379816254-1002 	Account Name:		Morph 	Account Domain:		ROG_Mahdi 	Logon ID:		0x60338d4 	Linked Logon ID:		0x6033d1c 	Network... | LogName=Unknown, Source=Microsoft-Windows-Security-Auditing, EventId=4624, EntryType=SuccessAudit, TimeGenerated=2025-12-29 15:42:38.000
[2026-01-07 19:08:49.407] [Info] [Microsoft-Windows-Security-Auditing] Special privileges assigned to new logon.  Subject: 	Security ID:		S-1-5-21-1560790212-1407658851-3379816254-1002 	Account Name:		Morph 	Account Domain:		ROG_Mahdi 	Logon ID:		0x60338d4  Privileges:		SeSecurityPrivilege 			SeTakeOwnershipPrivilege 			SeLoadDriverPrivilege 			SeBackupPrivilege 			SeRestorePrivilege 			SeDebugPrivilege 			SeSystemEnvironmentPrivilege 			SeImpersonatePrivilege 			SeDelegateSessionUserImpersonatePrivilege | LogName=Unknown, Source=Microsoft-Windows-Security-Auditing, EventId=4672, EntryType=SuccessAudit, TimeGenerated=2025-12-29 15:42:38.000
[2026-01-07 19:08:49.407] [Info] [Microsoft-Windows-Security-Auditing] A security-enabled local group membership was enumerated.  Subject: 	Security ID:		S-1-5-18 	Account Name:		ROG_MAHDI$ 	Account Domain:		WORKGROUP 	Logon ID:		0x3e7  Group: 	Security ID:		S-1-5-32-544 	Group Name:		Administrators 	Group Domain:		Builtin  Process Information: 	Process ID:		0xcd0 	Process Name:		C:\Windows\System32\svchost.exe | LogName=Unknown, Source=Microsoft-Windows-Security-Auditing, EventId=4799, EntryType=SuccessAudit, TimeGenerated=2025-12-29 15:42:38.000
[2026-01-07 19:08:49.407] [Info] [Microsoft-Windows-Security-Auditing] Credential Manager credentials were read.  Subject: 	Security ID:		S-1-5-18 	Account Name:		ROG_MAHDI$ 	Account Domain:		WORKGROUP 	Logon ID:		0x3e7 	Read Operation:		%%8100  This event occurs when a user performs a read operation on stored credentials in Credential Manager. | LogName=Unknown, Source=Microsoft-Windows-Security-Auditing, EventId=5379, EntryType=SuccessAudit, TimeGenerated=2025-12-29 15:42:38.000
[2026-01-07 19:08:49.407] [Info] [Microsoft-Windows-Security-Auditing] Key file operation.  Subject: 	Security ID:		S-1-5-21-1560790212-1407658851-3379816254-1002 	Account Name:		Morph 	Account Domain:		ROG_Mahdi 	Logon ID:		0x6033d1c  Process Information: 	Process ID:		16040 	Process Creation Time:	2025-12-29T12:12:39.0085863Z  Cryptographic Parameters: 	Provider Name:	Microsoft Software Key Storage Provider 	Algorithm Name:	UNKNOWN 	Key Name:	Microsoft Connected Devices Platform device certificate 	Key Type:	%%2500  Key File Operation Information: 	File Path:	C:\... | LogName=Unknown, Source=Microsoft-Windows-Security-Auditing, EventId=5058, EntryType=SuccessAudit, TimeGenerated=2025-12-29 15:42:39.000
[2026-01-07 19:08:49.407] [Info] [Microsoft-Windows-Security-Auditing] Cryptographic operation.  Subject: 	Security ID:		S-1-5-21-1560790212-1407658851-3379816254-1002 	Account Name:		Morph 	Account Domain:		ROG_Mahdi 	Logon ID:		0x6033d1c  Cryptographic Parameters: 	Provider Name:	Microsoft Software Key Storage Provider 	Algorithm Name:	ECDSA_P256 	Key Name:	Microsoft Connected Devices Platform device certificate 	Key Type:	%%2500  Cryptographic Operation: 	Operation:	%%2480 	Return Code:	0x0 | LogName=Unknown, Source=Microsoft-Windows-Security-Auditing, EventId=5061, EntryType=SuccessAudit, TimeGenerated=2025-12-29 15:42:39.000
[2026-01-07 19:08:49.407] [Info] [Microsoft-Windows-Security-Auditing] Key migration operation.  Subject: 	Security ID:		S-1-5-21-1560790212-1407658851-3379816254-1002 	Account Name:		Morph 	Account Domain:		ROG_Mahdi 	Logon ID:		0x6033d1c  Process Information: 	Process ID:		16040 	Process Creation Time:	2025-12-29T12:12:39.0085863Z  Cryptographic Parameters: 	Provider Name:	Microsoft Software Key Storage Provider 	Algorithm Name:	ECDSA_P256 	Key Name:	Microsoft Connected Devices Platform device certificate 	Key Type:	%%2500  Additional Information: 	Operation:	%%2... | LogName=Unknown, Source=Microsoft-Windows-Security-Auditing, EventId=5059, EntryType=SuccessAudit, TimeGenerated=2025-12-29 15:42:39.000
[2026-01-07 19:08:49.407] [Info] [Microsoft-Windows-Security-Auditing] A user's local group membership was enumerated.  Subject: 	Security ID:		S-1-5-18 	Account Name:		ROG_MAHDI$ 	Account Domain:		WORKGROUP 	Logon ID:		0x3e7  User: 	Security ID:		S-1-5-21-1560790212-1407658851-3379816254-500 	Account Name:		Administrator 	Account Domain:		ROG_Mahdi  Process Information: 	Process ID:		0x3d6c 	Process Name:		C:\Windows\System32\svchost.exe | LogName=Unknown, Source=Microsoft-Windows-Security-Auditing, EventId=4798, EntryType=SuccessAudit, TimeGenerated=2025-12-29 15:42:39.000
[2026-01-07 19:08:49.407] [Info] [Microsoft-Windows-Security-Auditing] A user's local group membership was enumerated.  Subject: 	Security ID:		S-1-5-18 	Account Name:		ROG_MAHDI$ 	Account Domain:		WORKGROUP 	Logon ID:		0x3e7  User: 	Security ID:		S-1-5-21-1560790212-1407658851-3379816254-1001 	Account Name:		llsma 	Account Domain:		ROG_Mahdi  Process Information: 	Process ID:		0x2324 	Process Name:		C:\Windows\System32\LogonUI.exe | LogName=Unknown, Source=Microsoft-Windows-Security-Auditing, EventId=4798, EntryType=SuccessAudit, TimeGenerated=2025-12-29 15:42:40.000
[2026-01-07 19:08:49.408] [Info] [Microsoft-Windows-Security-Auditing] An account was successfully logged on.  Subject: 	Security ID:		S-1-5-18 	Account Name:		ROG_MAHDI$ 	Account Domain:		WORKGROUP 	Logon ID:		0x3e7  Logon Information: 	Logon Type:		5 	Restricted Admin Mode:	- 	Remote Credential Guard:	- 	Virtual Account:		%%1843 	Elevated Token:		%%1842  Impersonation Level:		%%1833  New Logon: 	Security ID:		S-1-5-18 	Account Name:		SYSTEM 	Account Domain:		NT AUTHORITY 	Logon ID:		0x3e7 	Linked Logon ID:		0x0 	Network Account Name:	- 	Network Account Domain:	- ... | LogName=Unknown, Source=Microsoft-Windows-Security-Auditing, EventId=4624, EntryType=SuccessAudit, TimeGenerated=2025-12-29 15:42:40.000
[2026-01-07 19:08:49.408] [Info] [Microsoft-Windows-Security-Auditing] Special privileges assigned to new logon.  Subject: 	Security ID:		S-1-5-18 	Account Name:		SYSTEM 	Account Domain:		NT AUTHORITY 	Logon ID:		0x3e7  Privileges:		SeAssignPrimaryTokenPrivilege 			SeTcbPrivilege 			SeSecurityPrivilege 			SeTakeOwnershipPrivilege 			SeLoadDriverPrivilege 			SeBackupPrivilege 			SeRestorePrivilege 			SeDebugPrivilege 			SeAuditPrivilege 			SeSystemEnvironmentPrivilege 			SeImpersonatePrivilege 			SeDelegateSessionUserImpersonatePrivilege | LogName=Unknown, Source=Microsoft-Windows-Security-Auditing, EventId=4672, EntryType=SuccessAudit, TimeGenerated=2025-12-29 15:42:40.000
[2026-01-07 19:08:49.408] [Info] [Microsoft-Windows-Security-Auditing] Credential Manager credentials were read.  Subject: 	Security ID:		S-1-5-21-1560790212-1407658851-3379816254-1002 	Account Name:		Morph 	Account Domain:		ROG_Mahdi 	Logon ID:		0x6033d1c 	Read Operation:		%%8100  This event occurs when a user performs a read operation on stored credentials in Credential Manager. | LogName=Unknown, Source=Microsoft-Windows-Security-Auditing, EventId=5379, EntryType=SuccessAudit, TimeGenerated=2025-12-29 15:42:41.000
[2026-01-07 19:08:49.408] [Info] [Microsoft-Windows-Security-Auditing] An account was successfully logged on.  Subject: 	Security ID:		S-1-5-18 	Account Name:		ROG_MAHDI$ 	Account Domain:		WORKGROUP 	Logon ID:		0x3e7  Logon Information: 	Logon Type:		5 	Restricted Admin Mode:	- 	Remote Credential Guard:	- 	Virtual Account:		%%1843 	Elevated Token:		%%1842  Impersonation Level:		%%1833  New Logon: 	Security ID:		S-1-5-18 	Account Name:		SYSTEM 	Account Domain:		NT AUTHORITY 	Logon ID:		0x3e7 	Linked Logon ID:		0x0 	Network Account Name:	- 	Network Account Domain:	- ... | LogName=Unknown, Source=Microsoft-Windows-Security-Auditing, EventId=4624, EntryType=SuccessAudit, TimeGenerated=2025-12-29 15:42:42.000
[2026-01-07 19:08:49.408] [Info] [Microsoft-Windows-Security-Auditing] Special privileges assigned to new logon.  Subject: 	Security ID:		S-1-5-18 	Account Name:		SYSTEM 	Account Domain:		NT AUTHORITY 	Logon ID:		0x3e7  Privileges:		SeAssignPrimaryTokenPrivilege 			SeTcbPrivilege 			SeSecurityPrivilege 			SeTakeOwnershipPrivilege 			SeLoadDriverPrivilege 			SeBackupPrivilege 			SeRestorePrivilege 			SeDebugPrivilege 			SeAuditPrivilege 			SeSystemEnvironmentPrivilege 			SeImpersonatePrivilege 			SeDelegateSessionUserImpersonatePrivilege | LogName=Unknown, Source=Microsoft-Windows-Security-Auditing, EventId=4672, EntryType=SuccessAudit, TimeGenerated=2025-12-29 15:42:42.000
[2026-01-07 19:08:49.408] [Info] [Microsoft-Windows-Security-Auditing] Credential Manager credentials were read.  Subject: 	Security ID:		S-1-5-21-1560790212-1407658851-3379816254-1002 	Account Name:		Morph 	Account Domain:		ROG_Mahdi 	Logon ID:		0x6033d1c 	Read Operation:		%%8100  This event occurs when a user performs a read operation on stored credentials in Credential Manager. | LogName=Unknown, Source=Microsoft-Windows-Security-Auditing, EventId=5379, EntryType=SuccessAudit, TimeGenerated=2025-12-29 15:42:42.000
[2026-01-07 19:08:49.408] [Info] [Microsoft-Windows-Security-Auditing] A security-enabled local group membership was enumerated.  Subject: 	Security ID:		S-1-5-21-1560790212-1407658851-3379816254-1002 	Account Name:		Morph 	Account Domain:		ROG_Mahdi 	Logon ID:		0x6033d1c  Group: 	Security ID:		S-1-5-32-544 	Group Name:		Administrators 	Group Domain:		Builtin  Process Information: 	Process ID:		0x39a0 	Process Name:		C:\Windows\explorer.exe | LogName=Unknown, Source=Microsoft-Windows-Security-Auditing, EventId=4799, EntryType=SuccessAudit, TimeGenerated=2025-12-29 15:42:43.000
[2026-01-07 19:08:49.408] [Info] [Microsoft-Windows-Security-Auditing] Credential Manager credentials were read.  Subject: 	Security ID:		S-1-5-21-1560790212-1407658851-3379816254-1002 	Account Name:		Morph 	Account Domain:		ROG_Mahdi 	Logon ID:		0x6033d1c 	Read Operation:		%%8100  This event occurs when a user performs a read operation on stored credentials in Credential Manager. | LogName=Unknown, Source=Microsoft-Windows-Security-Auditing, EventId=5379, EntryType=SuccessAudit, TimeGenerated=2025-12-29 15:42:43.000
[2026-01-07 19:08:49.408] [Info] [Microsoft-Windows-Security-Auditing] Key file operation.  Subject: 	Security ID:		S-1-5-21-1560790212-1407658851-3379816254-1002 	Account Name:		Morph 	Account Domain:		ROG_Mahdi 	Logon ID:		0x6033d1c  Process Information: 	Process ID:		11032 	Process Creation Time:	2025-12-29T12:12:42.3182596Z  Cryptographic Parameters: 	Provider Name:	Microsoft Software Key Storage Provider 	Algorithm Name:	ECDSA_P256 	Key Name:	ChromeMetricsTestKey 	Key Type:	%%2500  Key File Operation Information: 	File Path:	C:\Users\Morph\AppData\Local\Packag... | LogName=Unknown, Source=Microsoft-Windows-Security-Auditing, EventId=5058, EntryType=SuccessAudit, TimeGenerated=2025-12-29 15:42:47.000
[2026-01-07 19:08:49.408] [Info] [Microsoft-Windows-Security-Auditing] Cryptographic operation.  Subject: 	Security ID:		S-1-5-21-1560790212-1407658851-3379816254-1002 	Account Name:		Morph 	Account Domain:		ROG_Mahdi 	Logon ID:		0x6033d1c  Cryptographic Parameters: 	Provider Name:	Microsoft Software Key Storage Provider 	Algorithm Name:	ECDSA_P256 	Key Name:	ChromeMetricsTestKey 	Key Type:	%%2500  Cryptographic Operation: 	Operation:	%%2481 	Return Code:	0x0 | LogName=Unknown, Source=Microsoft-Windows-Security-Auditing, EventId=5061, EntryType=SuccessAudit, TimeGenerated=2025-12-29 15:42:47.000
[2026-01-07 19:08:49.409] [Info] [Microsoft-Windows-Security-Auditing] Key migration operation.  Subject: 	Security ID:		S-1-5-21-1560790212-1407658851-3379816254-1002 	Account Name:		Morph 	Account Domain:		ROG_Mahdi 	Logon ID:		0x6033d1c  Process Information: 	Process ID:		11032 	Process Creation Time:	2025-12-29T12:12:42.3182596Z  Cryptographic Parameters: 	Provider Name:	Microsoft Software Key Storage Provider 	Algorithm Name:	ECDSA_P256 	Key Name:	ChromeMetricsTestKey 	Key Type:	%%2500  Additional Information: 	Operation:	%%2464 	Return Code:	0x0 | LogName=Unknown, Source=Microsoft-Windows-Security-Auditing, EventId=5059, EntryType=SuccessAudit, TimeGenerated=2025-12-29 15:42:47.000
[2026-01-07 19:08:49.409] [Info] [Microsoft-Windows-Security-Auditing] A user's local group membership was enumerated.  Subject: 	Security ID:		S-1-5-21-1560790212-1407658851-3379816254-1002 	Account Name:		Morph 	Account Domain:		ROG_Mahdi 	Logon ID:		0x6033d1c  User: 	Security ID:		S-1-5-21-1560790212-1407658851-3379816254-1002 	Account Name:		Morph 	Account Domain:		ROG_Mahdi  Process Information: 	Process ID:		0x39a0 	Process Name:		C:\Windows\explorer.exe | LogName=Unknown, Source=Microsoft-Windows-Security-Auditing, EventId=4798, EntryType=SuccessAudit, TimeGenerated=2025-12-29 15:42:53.000
[2026-01-07 19:08:49.409] [Info] [Microsoft-Windows-Security-Auditing] A user's local group membership was enumerated.  Subject: 	Security ID:		S-1-5-21-1560790212-1407658851-3379816254-1002 	Account Name:		Morph 	Account Domain:		ROG_Mahdi 	Logon ID:		0x6033d1c  User: 	Security ID:		S-1-5-21-1560790212-1407658851-3379816254-1002 	Account Name:		Morph 	Account Domain:		ROG_Mahdi  Process Information: 	Process ID:		0x39a0 	Process Name:		C:\Windows\explorer.exe | LogName=Unknown, Source=Microsoft-Windows-Security-Auditing, EventId=4798, EntryType=SuccessAudit, TimeGenerated=2025-12-29 15:42:55.000
[2026-01-07 19:08:49.409] [Info] [Microsoft-Windows-Security-Auditing] A user's local group membership was enumerated.  Subject: 	Security ID:		S-1-5-21-1560790212-1407658851-3379816254-1002 	Account Name:		Morph 	Account Domain:		ROG_Mahdi 	Logon ID:		0x6033d1c  User: 	Security ID:		S-1-5-21-1560790212-1407658851-3379816254-1002 	Account Name:		Morph 	Account Domain:		ROG_Mahdi  Process Information: 	Process ID:		0x39a0 	Process Name:		C:\Windows\explorer.exe | LogName=Unknown, Source=Microsoft-Windows-Security-Auditing, EventId=4798, EntryType=SuccessAudit, TimeGenerated=2025-12-29 15:42:58.000
[2026-01-07 19:08:49.409] [Info] [Microsoft-Windows-Security-Auditing] A user's local group membership was enumerated.  Subject: 	Security ID:		S-1-5-21-1560790212-1407658851-3379816254-1002 	Account Name:		Morph 	Account Domain:		ROG_Mahdi 	Logon ID:		0x6033d1c  User: 	Security ID:		S-1-5-21-1560790212-1407658851-3379816254-1002 	Account Name:		Morph 	Account Domain:		ROG_Mahdi  Process Information: 	Process ID:		0x39a0 	Process Name:		C:\Windows\explorer.exe | LogName=Unknown, Source=Microsoft-Windows-Security-Auditing, EventId=4798, EntryType=SuccessAudit, TimeGenerated=2025-12-29 15:43:02.000
[2026-01-07 19:08:49.409] [Info] [Microsoft-Windows-Security-Auditing] A user's local group membership was enumerated.  Subject: 	Security ID:		S-1-5-18 	Account Name:		ROG_MAHDI$ 	Account Domain:		WORKGROUP 	Logon ID:		0x3e7  User: 	Security ID:		S-1-5-21-1560790212-1407658851-3379816254-1002 	Account Name:		Morph 	Account Domain:		ROG_Mahdi  Process Information: 	Process ID:		0x940 	Process Name:		C:\Windows\System32\lsass.exe | LogName=Unknown, Source=Microsoft-Windows-Security-Auditing, EventId=4798, EntryType=SuccessAudit, TimeGenerated=2025-12-29 15:43:06.000
[2026-01-07 19:08:49.409] [Info] [Microsoft-Windows-Security-Auditing] A logon was attempted using explicit credentials.  Subject: 	Security ID:		S-1-5-18 	Account Name:		ROG_MAHDI$ 	Account Domain:		WORKGROUP 	Logon ID:		0x3e7 	Logon GUID:		{00000000-0000-0000-0000-000000000000}  Account Whose Credentials Were Used: 	Account Name:		Morph 	Account Domain:		ROG_Mahdi 	Logon GUID:		{00000000-0000-0000-0000-000000000000}  Target Server: 	Target Server Name:	localhost 	Additional Information:	localhost  Process Information: 	Process ID:		0xda0 	Process Name:		C:\Window... | LogName=Unknown, Source=Microsoft-Windows-Security-Auditing, EventId=4648, EntryType=SuccessAudit, TimeGenerated=2025-12-29 15:43:06.000
[2026-01-07 19:08:49.409] [Info] [Microsoft-Windows-Security-Auditing] An account was successfully logged on.  Subject: 	Security ID:		S-1-5-18 	Account Name:		ROG_MAHDI$ 	Account Domain:		WORKGROUP 	Logon ID:		0x3e7  Logon Information: 	Logon Type:		2 	Restricted Admin Mode:	- 	Remote Credential Guard:	- 	Virtual Account:		%%1843 	Elevated Token:		%%1842  Impersonation Level:		%%1833  New Logon: 	Security ID:		S-1-5-21-1560790212-1407658851-3379816254-1002 	Account Name:		Morph 	Account Domain:		ROG_Mahdi 	Logon ID:		0x61ac7ad 	Linked Logon ID:		0x61ac7d8 	Network... | LogName=Unknown, Source=Microsoft-Windows-Security-Auditing, EventId=4624, EntryType=SuccessAudit, TimeGenerated=2025-12-29 15:43:06.000
[2026-01-07 19:08:49.409] [Info] [Microsoft-Windows-Security-Auditing] Special privileges assigned to new logon.  Subject: 	Security ID:		S-1-5-21-1560790212-1407658851-3379816254-1002 	Account Name:		Morph 	Account Domain:		ROG_Mahdi 	Logon ID:		0x61ac7ad  Privileges:		SeSecurityPrivilege 			SeTakeOwnershipPrivilege 			SeLoadDriverPrivilege 			SeBackupPrivilege 			SeRestorePrivilege 			SeDebugPrivilege 			SeSystemEnvironmentPrivilege 			SeImpersonatePrivilege 			SeDelegateSessionUserImpersonatePrivilege | LogName=Unknown, Source=Microsoft-Windows-Security-Auditing, EventId=4672, EntryType=SuccessAudit, TimeGenerated=2025-12-29 15:43:06.000
[2026-01-07 19:08:49.409] [Info] [Microsoft-Windows-Security-Auditing] An account was logged off.  Subject: 	Security ID:		S-1-5-21-1560790212-1407658851-3379816254-1002 	Account Name:		Morph 	Account Domain:		ROG_Mahdi 	Logon ID:		0x61ac7d8  Logon Type:			2  This event is generated when a logon session is destroyed. It may be positively correlated with a logon event using the Logon ID value. Logon IDs are only unique between reboots on the same computer. | LogName=Unknown, Source=Microsoft-Windows-Security-Auditing, EventId=4634, EntryType=SuccessAudit, TimeGenerated=2025-12-29 15:43:06.000
[2026-01-07 19:08:49.409] [Info] [Microsoft-Windows-Security-Auditing] An account was successfully logged on.  Subject: 	Security ID:		S-1-5-18 	Account Name:		ROG_MAHDI$ 	Account Domain:		WORKGROUP 	Logon ID:		0x3e7  Logon Information: 	Logon Type:		5 	Restricted Admin Mode:	- 	Remote Credential Guard:	- 	Virtual Account:		%%1843 	Elevated Token:		%%1842  Impersonation Level:		%%1833  New Logon: 	Security ID:		S-1-5-18 	Account Name:		SYSTEM 	Account Domain:		NT AUTHORITY 	Logon ID:		0x3e7 	Linked Logon ID:		0x0 	Network Account Name:	- 	Network Account Domain:	- ... | LogName=Unknown, Source=Microsoft-Windows-Security-Auditing, EventId=4624, EntryType=SuccessAudit, TimeGenerated=2025-12-29 15:43:44.000
[2026-01-07 19:08:49.409] [Info] [Microsoft-Windows-Security-Auditing] Special privileges assigned to new logon.  Subject: 	Security ID:		S-1-5-18 	Account Name:		SYSTEM 	Account Domain:		NT AUTHORITY 	Logon ID:		0x3e7  Privileges:		SeAssignPrimaryTokenPrivilege 			SeTcbPrivilege 			SeSecurityPrivilege 			SeTakeOwnershipPrivilege 			SeLoadDriverPrivilege 			SeBackupPrivilege 			SeRestorePrivilege 			SeDebugPrivilege 			SeAuditPrivilege 			SeSystemEnvironmentPrivilege 			SeImpersonatePrivilege 			SeDelegateSessionUserImpersonatePrivilege | LogName=Unknown, Source=Microsoft-Windows-Security-Auditing, EventId=4672, EntryType=SuccessAudit, TimeGenerated=2025-12-29 15:43:44.000
[2026-01-07 19:08:49.410] [Info] [Microsoft-Windows-Security-Auditing] Key file operation.  Subject: 	Security ID:		S-1-5-21-1560790212-1407658851-3379816254-1002 	Account Name:		Morph 	Account Domain:		ROG_Mahdi 	Logon ID:		0x6033d1c  Process Information: 	Process ID:		6788 	Process Creation Time:	2025-12-29T12:13:43.9684739Z  Cryptographic Parameters: 	Provider Name:	Microsoft Software Key Storage Provider 	Algorithm Name:	ECDSA_P256 	Key Name:	ChromeMetricsTestKey 	Key Type:	%%2500  Key File Operation Information: 	File Path:	C:\Users\Morph\AppData\Roaming\Micro... | LogName=Unknown, Source=Microsoft-Windows-Security-Auditing, EventId=5058, EntryType=SuccessAudit, TimeGenerated=2025-12-29 15:43:46.000
[2026-01-07 19:08:49.410] [Info] [Microsoft-Windows-Security-Auditing] Cryptographic operation.  Subject: 	Security ID:		S-1-5-21-1560790212-1407658851-3379816254-1002 	Account Name:		Morph 	Account Domain:		ROG_Mahdi 	Logon ID:		0x6033d1c  Cryptographic Parameters: 	Provider Name:	Microsoft Software Key Storage Provider 	Algorithm Name:	ECDSA_P256 	Key Name:	ChromeMetricsTestKey 	Key Type:	%%2500  Cryptographic Operation: 	Operation:	%%2481 	Return Code:	0x0 | LogName=Unknown, Source=Microsoft-Windows-Security-Auditing, EventId=5061, EntryType=SuccessAudit, TimeGenerated=2025-12-29 15:43:46.000
[2026-01-07 19:08:49.410] [Info] [Microsoft-Windows-Security-Auditing] Key migration operation.  Subject: 	Security ID:		S-1-5-21-1560790212-1407658851-3379816254-1002 	Account Name:		Morph 	Account Domain:		ROG_Mahdi 	Logon ID:		0x6033d1c  Process Information: 	Process ID:		6788 	Process Creation Time:	2025-12-29T12:13:43.9684739Z  Cryptographic Parameters: 	Provider Name:	Microsoft Software Key Storage Provider 	Algorithm Name:	ECDSA_P256 	Key Name:	ChromeMetricsTestKey 	Key Type:	%%2500  Additional Information: 	Operation:	%%2464 	Return Code:	0x0 | LogName=Unknown, Source=Microsoft-Windows-Security-Auditing, EventId=5059, EntryType=SuccessAudit, TimeGenerated=2025-12-29 15:43:46.000
[2026-01-07 19:08:49.410] [Info] [Microsoft-Windows-Security-Auditing] Key file operation.  Subject: 	Security ID:		S-1-5-18 	Account Name:		ROG_MAHDI$ 	Account Domain:		WORKGROUP 	Logon ID:		0x3e7  Process Information: 	Process ID:		18508 	Process Creation Time:	2025-12-29T12:14:26.8341278Z  Cryptographic Parameters: 	Provider Name:	Microsoft Software Key Storage Provider 	Algorithm Name:	UNKNOWN 	Key Name:	Google Chromekey1 	Key Type:	%%2500  Key File Operation Information: 	File Path:	C:\ProgramData\Microsoft\Crypto\SystemKeys\7096db7aeb75c0d3497ecd56d355a695_d4... | LogName=Unknown, Source=Microsoft-Windows-Security-Auditing, EventId=5058, EntryType=SuccessAudit, TimeGenerated=2025-12-29 15:44:26.000
[2026-01-07 19:08:49.410] [Info] [Microsoft-Windows-Security-Auditing] Cryptographic operation.  Subject: 	Security ID:		S-1-5-18 	Account Name:		ROG_MAHDI$ 	Account Domain:		WORKGROUP 	Logon ID:		0x3e7  Cryptographic Parameters: 	Provider Name:	Microsoft Software Key Storage Provider 	Algorithm Name:	AES 	Key Name:	Google Chromekey1 	Key Type:	%%2500  Cryptographic Operation: 	Operation:	%%2480 	Return Code:	0x0 | LogName=Unknown, Source=Microsoft-Windows-Security-Auditing, EventId=5061, EntryType=SuccessAudit, TimeGenerated=2025-12-29 15:44:26.000
[2026-01-07 19:08:49.410] [Info] [Microsoft-Windows-Security-Auditing] Key file operation.  Subject: 	Security ID:		S-1-5-21-1560790212-1407658851-3379816254-1002 	Account Name:		Morph 	Account Domain:		ROG_Mahdi 	Logon ID:		0x6033d1c  Process Information: 	Process ID:		19496 	Process Creation Time:	2025-12-29T12:14:26.4756539Z  Cryptographic Parameters: 	Provider Name:	Microsoft Software Key Storage Provider 	Algorithm Name:	ECDSA_P256 	Key Name:	ChromeMetricsTestKey 	Key Type:	%%2500  Key File Operation Information: 	File Path:	C:\Users\Morph\AppData\Roaming\Micr... | LogName=Unknown, Source=Microsoft-Windows-Security-Auditing, EventId=5058, EntryType=SuccessAudit, TimeGenerated=2025-12-29 15:44:30.000
[2026-01-07 19:08:49.410] [Info] [Microsoft-Windows-Security-Auditing] Cryptographic operation.  Subject: 	Security ID:		S-1-5-21-1560790212-1407658851-3379816254-1002 	Account Name:		Morph 	Account Domain:		ROG_Mahdi 	Logon ID:		0x6033d1c  Cryptographic Parameters: 	Provider Name:	Microsoft Software Key Storage Provider 	Algorithm Name:	ECDSA_P256 	Key Name:	ChromeMetricsTestKey 	Key Type:	%%2500  Cryptographic Operation: 	Operation:	%%2481 	Return Code:	0x0 | LogName=Unknown, Source=Microsoft-Windows-Security-Auditing, EventId=5061, EntryType=SuccessAudit, TimeGenerated=2025-12-29 15:44:30.000
[2026-01-07 19:08:49.410] [Info] [Microsoft-Windows-Security-Auditing] Key migration operation.  Subject: 	Security ID:		S-1-5-21-1560790212-1407658851-3379816254-1002 	Account Name:		Morph 	Account Domain:		ROG_Mahdi 	Logon ID:		0x6033d1c  Process Information: 	Process ID:		19496 	Process Creation Time:	2025-12-29T12:14:26.4756539Z  Cryptographic Parameters: 	Provider Name:	Microsoft Software Key Storage Provider 	Algorithm Name:	ECDSA_P256 	Key Name:	ChromeMetricsTestKey 	Key Type:	%%2500  Additional Information: 	Operation:	%%2464 	Return Code:	0x0 | LogName=Unknown, Source=Microsoft-Windows-Security-Auditing, EventId=5059, EntryType=SuccessAudit, TimeGenerated=2025-12-29 15:44:30.000
[2026-01-07 19:08:49.410] [Info] [Microsoft-Windows-Security-Auditing] Vault credentials were read.  Subject: 	Security ID:		S-1-5-21-1560790212-1407658851-3379816254-1002 	Account Name:		Morph 	Account Domain:		ROG_Mahdi 	Logon ID:		0x6033d1c  This event occurs when a user reads a stored vault credential. | LogName=Unknown, Source=Microsoft-Windows-Security-Auditing, EventId=5382, EntryType=SuccessAudit, TimeGenerated=2025-12-29 15:44:39.000
[2026-01-07 19:08:49.410] [Info] [Microsoft-Windows-Security-Auditing] An attempt was made to query the existence of a blank password for an account.  Subject: 	Security ID:		S-1-5-21-1560790212-1407658851-3379816254-1002 	Account Name:		Morph 	Account Domain:		ROG_Mahdi 	Logon ID:		0x6033d1c  Additional Information: 	Caller Workstation:	ROG_MAHDI 	Target Account Name:	Administrator 	Target Account Domain:	ROG_Mahdi | LogName=Unknown, Source=Microsoft-Windows-Security-Auditing, EventId=4797, EntryType=SuccessAudit, TimeGenerated=2025-12-29 15:44:43.000
[2026-01-07 19:08:49.410] [Info] [Microsoft-Windows-Security-Auditing] A user's local group membership was enumerated.  Subject: 	Security ID:		S-1-5-21-1560790212-1407658851-3379816254-1002 	Account Name:		Morph 	Account Domain:		ROG_Mahdi 	Logon ID:		0x6033d1c  User: 	Security ID:		S-1-5-21-1560790212-1407658851-3379816254-1001 	Account Name:		llsma 	Account Domain:		ROG_Mahdi  Process Information: 	Process ID:		0x39a0 	Process Name:		C:\Windows\explorer.exe | LogName=Unknown, Source=Microsoft-Windows-Security-Auditing, EventId=4798, EntryType=SuccessAudit, TimeGenerated=2025-12-29 15:44:43.000
[2026-01-07 19:08:49.410] [Info] [Microsoft-Windows-Security-Auditing] An account was successfully logged on.  Subject: 	Security ID:		S-1-5-18 	Account Name:		ROG_MAHDI$ 	Account Domain:		WORKGROUP 	Logon ID:		0x3e7  Logon Information: 	Logon Type:		5 	Restricted Admin Mode:	- 	Remote Credential Guard:	- 	Virtual Account:		%%1843 	Elevated Token:		%%1842  Impersonation Level:		%%1833  New Logon: 	Security ID:		S-1-5-18 	Account Name:		SYSTEM 	Account Domain:		NT AUTHORITY 	Logon ID:		0x3e7 	Linked Logon ID:		0x0 	Network Account Name:	- 	Network Account Domain:	- ... | LogName=Unknown, Source=Microsoft-Windows-Security-Auditing, EventId=4624, EntryType=SuccessAudit, TimeGenerated=2025-12-29 15:46:45.000
[2026-01-07 19:08:49.410] [Info] [Microsoft-Windows-Security-Auditing] Special privileges assigned to new logon.  Subject: 	Security ID:		S-1-5-18 	Account Name:		SYSTEM 	Account Domain:		NT AUTHORITY 	Logon ID:		0x3e7  Privileges:		SeAssignPrimaryTokenPrivilege 			SeTcbPrivilege 			SeSecurityPrivilege 			SeTakeOwnershipPrivilege 			SeLoadDriverPrivilege 			SeBackupPrivilege 			SeRestorePrivilege 			SeDebugPrivilege 			SeAuditPrivilege 			SeSystemEnvironmentPrivilege 			SeImpersonatePrivilege 			SeDelegateSessionUserImpersonatePrivilege | LogName=Unknown, Source=Microsoft-Windows-Security-Auditing, EventId=4672, EntryType=SuccessAudit, TimeGenerated=2025-12-29 15:46:45.000
[2026-01-07 19:08:49.410] [Info] [Microsoft-Windows-Security-Auditing] A user's local group membership was enumerated.  Subject: 	Security ID:		S-1-5-21-1560790212-1407658851-3379816254-1002 	Account Name:		Morph 	Account Domain:		ROG_Mahdi 	Logon ID:		0x6033d1c  User: 	Security ID:		S-1-5-21-1560790212-1407658851-3379816254-1002 	Account Name:		Morph 	Account Domain:		ROG_Mahdi  Process Information: 	Process ID:		0x39a0 	Process Name:		C:\Windows\explorer.exe | LogName=Unknown, Source=Microsoft-Windows-Security-Auditing, EventId=4798, EntryType=SuccessAudit, TimeGenerated=2025-12-29 15:47:08.000
[2026-01-07 19:08:49.410] [Info] [Microsoft-Windows-Security-Auditing] A user's local group membership was enumerated.  Subject: 	Security ID:		S-1-5-21-1560790212-1407658851-3379816254-1002 	Account Name:		Morph 	Account Domain:		ROG_Mahdi 	Logon ID:		0x6033d1c  User: 	Security ID:		S-1-5-21-1560790212-1407658851-3379816254-1002 	Account Name:		Morph 	Account Domain:		ROG_Mahdi  Process Information: 	Process ID:		0x39a0 	Process Name:		C:\Windows\explorer.exe | LogName=Unknown, Source=Microsoft-Windows-Security-Auditing, EventId=4798, EntryType=SuccessAudit, TimeGenerated=2025-12-29 15:47:09.000
[2026-01-07 19:08:49.410] [Info] [Microsoft-Windows-Security-Auditing] A user's local group membership was enumerated.  Subject: 	Security ID:		S-1-5-21-1560790212-1407658851-3379816254-1002 	Account Name:		Morph 	Account Domain:		ROG_Mahdi 	Logon ID:		0x6033d1c  User: 	Security ID:		S-1-5-21-1560790212-1407658851-3379816254-1002 	Account Name:		Morph 	Account Domain:		ROG_Mahdi  Process Information: 	Process ID:		0x39a0 	Process Name:		C:\Windows\explorer.exe | LogName=Unknown, Source=Microsoft-Windows-Security-Auditing, EventId=4798, EntryType=SuccessAudit, TimeGenerated=2025-12-29 15:47:29.000
[2026-01-07 19:08:49.410] [Info] [Microsoft-Windows-Security-Auditing] A user's local group membership was enumerated.  Subject: 	Security ID:		S-1-5-18 	Account Name:		ROG_MAHDI$ 	Account Domain:		WORKGROUP 	Logon ID:		0x3e7  User: 	Security ID:		S-1-5-21-1560790212-1407658851-3379816254-500 	Account Name:		Administrator 	Account Domain:		ROG_Mahdi  Process Information: 	Process ID:		0x3d6c 	Process Name:		C:\Windows\System32\svchost.exe | LogName=Unknown, Source=Microsoft-Windows-Security-Auditing, EventId=4798, EntryType=SuccessAudit, TimeGenerated=2025-12-29 15:47:31.000
[2026-01-07 19:08:49.410] [Info] [Microsoft-Windows-Security-Auditing] An account was successfully logged on.  Subject: 	Security ID:		S-1-5-18 	Account Name:		ROG_MAHDI$ 	Account Domain:		WORKGROUP 	Logon ID:		0x3e7  Logon Information: 	Logon Type:		5 	Restricted Admin Mode:	- 	Remote Credential Guard:	- 	Virtual Account:		%%1843 	Elevated Token:		%%1842  Impersonation Level:		%%1833  New Logon: 	Security ID:		S-1-5-18 	Account Name:		SYSTEM 	Account Domain:		NT AUTHORITY 	Logon ID:		0x3e7 	Linked Logon ID:		0x0 	Network Account Name:	- 	Network Account Domain:	- ... | LogName=Unknown, Source=Microsoft-Windows-Security-Auditing, EventId=4624, EntryType=SuccessAudit, TimeGenerated=2025-12-29 15:47:36.000
[2026-01-07 19:08:49.410] [Info] [Microsoft-Windows-Security-Auditing] Special privileges assigned to new logon.  Subject: 	Security ID:		S-1-5-18 	Account Name:		SYSTEM 	Account Domain:		NT AUTHORITY 	Logon ID:		0x3e7  Privileges:		SeAssignPrimaryTokenPrivilege 			SeTcbPrivilege 			SeSecurityPrivilege 			SeTakeOwnershipPrivilege 			SeLoadDriverPrivilege 			SeBackupPrivilege 			SeRestorePrivilege 			SeDebugPrivilege 			SeAuditPrivilege 			SeSystemEnvironmentPrivilege 			SeImpersonatePrivilege 			SeDelegateSessionUserImpersonatePrivilege | LogName=Unknown, Source=Microsoft-Windows-Security-Auditing, EventId=4672, EntryType=SuccessAudit, TimeGenerated=2025-12-29 15:47:36.000
[2026-01-07 19:08:49.410] [Info] [Microsoft-Windows-Security-Auditing] Credential Manager credentials were read.  Subject: 	Security ID:		S-1-5-18 	Account Name:		ROG_MAHDI$ 	Account Domain:		WORKGROUP 	Logon ID:		0x3e7 	Read Operation:		%%8100  This event occurs when a user performs a read operation on stored credentials in Credential Manager. | LogName=Unknown, Source=Microsoft-Windows-Security-Auditing, EventId=5379, EntryType=SuccessAudit, TimeGenerated=2025-12-29 15:47:37.000
[2026-01-07 19:08:49.410] [Info] [Microsoft-Windows-Security-Auditing] An account was successfully logged on.  Subject: 	Security ID:		S-1-5-18 	Account Name:		ROG_MAHDI$ 	Account Domain:		WORKGROUP 	Logon ID:		0x3e7  Logon Information: 	Logon Type:		5 	Restricted Admin Mode:	- 	Remote Credential Guard:	- 	Virtual Account:		%%1843 	Elevated Token:		%%1842  Impersonation Level:		%%1833  New Logon: 	Security ID:		S-1-5-18 	Account Name:		SYSTEM 	Account Domain:		NT AUTHORITY 	Logon ID:		0x3e7 	Linked Logon ID:		0x0 	Network Account Name:	- 	Network Account Domain:	- ... | LogName=Unknown, Source=Microsoft-Windows-Security-Auditing, EventId=4624, EntryType=SuccessAudit, TimeGenerated=2025-12-29 15:48:01.000
[2026-01-07 19:08:49.410] [Info] [Microsoft-Windows-Security-Auditing] Special privileges assigned to new logon.  Subject: 	Security ID:		S-1-5-18 	Account Name:		SYSTEM 	Account Domain:		NT AUTHORITY 	Logon ID:		0x3e7  Privileges:		SeAssignPrimaryTokenPrivilege 			SeTcbPrivilege 			SeSecurityPrivilege 			SeTakeOwnershipPrivilege 			SeLoadDriverPrivilege 			SeBackupPrivilege 			SeRestorePrivilege 			SeDebugPrivilege 			SeAuditPrivilege 			SeSystemEnvironmentPrivilege 			SeImpersonatePrivilege 			SeDelegateSessionUserImpersonatePrivilege | LogName=Unknown, Source=Microsoft-Windows-Security-Auditing, EventId=4672, EntryType=SuccessAudit, TimeGenerated=2025-12-29 15:48:01.000
