[2026-01-07 19:08:47.722] [Info] [Microsoft-Windows-Security-Auditing] Special privileges assigned to new logon.  Subject: 	Security ID:		S-1-5-18 	Account Name:		SYSTEM 	Account Domain:		NT AUTHORITY 	Logon ID:		0x3e7  Privileges:		SeAssignPrimaryTokenPrivilege 			SeTcbPrivilege 			SeSecurityPrivilege 			SeTakeOwnershipPrivilege 			SeLoadDriverPrivilege 			SeBackupPrivilege 			SeRestorePrivilege 			SeDebugPrivilege 			SeAuditPrivilege 			SeSystemEnvironmentPrivilege 			SeImpersonatePrivilege 			SeDelegateSessionUserImpersonatePrivilege | LogName=Unknown, Source=Microsoft-Windows-Security-Auditing, EventId=4672, EntryType=SuccessAudit, TimeGenerated=2025-12-30 16:06:24.000
[2026-01-07 19:08:47.723] [Info] [Microsoft-Windows-Security-Auditing] An account was successfully logged on.  Subject: 	Security ID:		S-1-5-18 	Account Name:		ROG_MAHDI$ 	Account Domain:		WORKGROUP 	Logon ID:		0x3e7  Logon Information: 	Logon Type:		5 	Restricted Admin Mode:	- 	Remote Credential Guard:	- 	Virtual Account:		%%1843 	Elevated Token:		%%1842  Impersonation Level:		%%1833  New Logon: 	Security ID:		S-1-5-18 	Account Name:		SYSTEM 	Account Domain:		NT AUTHORITY 	Logon ID:		0x3e7 	Linked Logon ID:		0x0 	Network Account Name:	- 	Network Account Domain:	- ... | LogName=Unknown, Source=Microsoft-Windows-Security-Auditing, EventId=4624, EntryType=SuccessAudit, TimeGenerated=2025-12-30 16:06:25.000
[2026-01-07 19:08:47.723] [Info] [Microsoft-Windows-Security-Auditing] Special privileges assigned to new logon.  Subject: 	Security ID:		S-1-5-18 	Account Name:		SYSTEM 	Account Domain:		NT AUTHORITY 	Logon ID:		0x3e7  Privileges:		SeAssignPrimaryTokenPrivilege 			SeTcbPrivilege 			SeSecurityPrivilege 			SeTakeOwnershipPrivilege 			SeLoadDriverPrivilege 			SeBackupPrivilege 			SeRestorePrivilege 			SeDebugPrivilege 			SeAuditPrivilege 			SeSystemEnvironmentPrivilege 			SeImpersonatePrivilege 			SeDelegateSessionUserImpersonatePrivilege | LogName=Unknown, Source=Microsoft-Windows-Security-Auditing, EventId=4672, EntryType=SuccessAudit, TimeGenerated=2025-12-30 16:06:25.000
[2026-01-07 19:08:47.723] [Info] [Microsoft-Windows-Security-Auditing] A user's local group membership was enumerated.  Subject: 	Security ID:		S-1-5-18 	Account Name:		ROG_MAHDI$ 	Account Domain:		WORKGROUP 	Logon ID:		0x3e7  User: 	Security ID:		S-1-5-21-1560790212-1407658851-3379816254-1002 	Account Name:		Morph 	Account Domain:		ROG_Mahdi  Process Information: 	Process ID:		0x6bc 	Process Name:		C:\Windows\System32\lsass.exe | LogName=Unknown, Source=Microsoft-Windows-Security-Auditing, EventId=4798, EntryType=SuccessAudit, TimeGenerated=2025-12-30 16:06:25.000
[2026-01-07 19:08:47.723] [Info] [Microsoft-Windows-Security-Auditing] A logon was attempted using explicit credentials.  Subject: 	Security ID:		S-1-5-18 	Account Name:		ROG_MAHDI$ 	Account Domain:		WORKGROUP 	Logon ID:		0x3e7 	Logon GUID:		{00000000-0000-0000-0000-000000000000}  Account Whose Credentials Were Used: 	Account Name:		Morph 	Account Domain:		ROG_Mahdi 	Logon GUID:		{00000000-0000-0000-0000-000000000000}  Target Server: 	Target Server Name:	localhost 	Additional Information:	localhost  Process Information: 	Process ID:		0xad0 	Process Name:		C:\Window... | LogName=Unknown, Source=Microsoft-Windows-Security-Auditing, EventId=4648, EntryType=SuccessAudit, TimeGenerated=2025-12-30 16:06:25.000
[2026-01-07 19:08:47.723] [Info] [Microsoft-Windows-Security-Auditing] A security-enabled local group membership was enumerated.  Subject: 	Security ID:		S-1-5-18 	Account Name:		ROG_MAHDI$ 	Account Domain:		WORKGROUP 	Logon ID:		0x3e7  Group: 	Security ID:		S-1-5-32-544 	Group Name:		Administrators 	Group Domain:		Builtin  Process Information: 	Process ID:		0xa10 	Process Name:		C:\Windows\System32\svchost.exe | LogName=Unknown, Source=Microsoft-Windows-Security-Auditing, EventId=4799, EntryType=SuccessAudit, TimeGenerated=2025-12-30 16:06:25.000
[2026-01-07 19:08:47.723] [Info] [Microsoft-Windows-Security-Auditing] The Windows Firewall Driver started successfully. | LogName=Unknown, Source=Microsoft-Windows-Security-Auditing, EventId=5033, EntryType=SuccessAudit, TimeGenerated=2025-12-30 16:06:25.000
[2026-01-07 19:08:47.724] [Warning] [Microsoft-Windows-Security-Auditing] An account failed to log on.  Subject: 	Security ID:		S-1-5-18 	Account Name:		ROG_MAHDI$ 	Account Domain:		WORKGROUP 	Logon ID:		0x3e7  Logon Type:			2  Account For Which Logon Failed: 	Security ID:		S-1-0-0 	Account Name:		Morph 	Account Domain:		ROG_Mahdi  Failure Information: 	Failure Reason:		%%2313 	Status:			0xc000006d 	Sub Status:		0xc000006a  Process Information: 	Caller Process ID:	0x132c 	Caller Process Name:	C:\Windows\System32\DriverStore\FileRepository\asussci2.inf_amd64_f44825bb5b... | LogName=Unknown, Source=Microsoft-Windows-Security-Auditing, EventId=4625, EntryType=FailureAudit, TimeGenerated=2025-12-30 16:06:25.000
[2026-01-07 19:08:47.724] [Info] [Microsoft-Windows-Security-Auditing] An account was successfully logged on.  Subject: 	Security ID:		S-1-5-18 	Account Name:		ROG_MAHDI$ 	Account Domain:		WORKGROUP 	Logon ID:		0x3e7  Logon Information: 	Logon Type:		5 	Restricted Admin Mode:	- 	Remote Credential Guard:	- 	Virtual Account:		%%1843 	Elevated Token:		%%1842  Impersonation Level:		%%1833  New Logon: 	Security ID:		S-1-5-18 	Account Name:		SYSTEM 	Account Domain:		NT AUTHORITY 	Logon ID:		0x3e7 	Linked Logon ID:		0x0 	Network Account Name:	- 	Network Account Domain:	- ... | LogName=Unknown, Source=Microsoft-Windows-Security-Auditing, EventId=4624, EntryType=SuccessAudit, TimeGenerated=2025-12-30 16:06:26.000
[2026-01-07 19:08:47.724] [Info] [Microsoft-Windows-Security-Auditing] Special privileges assigned to new logon.  Subject: 	Security ID:		S-1-5-18 	Account Name:		SYSTEM 	Account Domain:		NT AUTHORITY 	Logon ID:		0x3e7  Privileges:		SeAssignPrimaryTokenPrivilege 			SeTcbPrivilege 			SeSecurityPrivilege 			SeTakeOwnershipPrivilege 			SeLoadDriverPrivilege 			SeBackupPrivilege 			SeRestorePrivilege 			SeDebugPrivilege 			SeAuditPrivilege 			SeSystemEnvironmentPrivilege 			SeImpersonatePrivilege 			SeDelegateSessionUserImpersonatePrivilege | LogName=Unknown, Source=Microsoft-Windows-Security-Auditing, EventId=4672, EntryType=SuccessAudit, TimeGenerated=2025-12-30 16:06:26.000
[2026-01-07 19:08:47.724] [Info] [Microsoft-Windows-Security-Auditing] An account was successfully logged on.  Subject: 	Security ID:		S-1-5-18 	Account Name:		ROG_MAHDI$ 	Account Domain:		WORKGROUP 	Logon ID:		0x3e7  Logon Information: 	Logon Type:		5 	Restricted Admin Mode:	- 	Remote Credential Guard:	- 	Virtual Account:		%%1843 	Elevated Token:		%%1842  Impersonation Level:		%%1833  New Logon: 	Security ID:		S-1-5-18 	Account Name:		SYSTEM 	Account Domain:		NT AUTHORITY 	Logon ID:		0x3e7 	Linked Logon ID:		0x0 	Network Account Name:	- 	Network Account Domain:	- ... | LogName=Unknown, Source=Microsoft-Windows-Security-Auditing, EventId=4624, EntryType=SuccessAudit, TimeGenerated=2025-12-30 16:06:27.000
[2026-01-07 19:08:47.724] [Info] [Microsoft-Windows-Security-Auditing] Special privileges assigned to new logon.  Subject: 	Security ID:		S-1-5-18 	Account Name:		SYSTEM 	Account Domain:		NT AUTHORITY 	Logon ID:		0x3e7  Privileges:		SeAssignPrimaryTokenPrivilege 			SeTcbPrivilege 			SeSecurityPrivilege 			SeTakeOwnershipPrivilege 			SeLoadDriverPrivilege 			SeBackupPrivilege 			SeRestorePrivilege 			SeDebugPrivilege 			SeAuditPrivilege 			SeSystemEnvironmentPrivilege 			SeImpersonatePrivilege 			SeDelegateSessionUserImpersonatePrivilege | LogName=Unknown, Source=Microsoft-Windows-Security-Auditing, EventId=4672, EntryType=SuccessAudit, TimeGenerated=2025-12-30 16:06:27.000
[2026-01-07 19:08:47.724] [Info] [Microsoft-Windows-Security-Auditing] The Windows Firewall service started successfully. | LogName=Unknown, Source=Microsoft-Windows-Security-Auditing, EventId=5024, EntryType=SuccessAudit, TimeGenerated=2025-12-30 16:06:28.000
[2026-01-07 19:08:47.724] [Info] [Microsoft-Windows-Security-Auditing] An account was successfully logged on.  Subject: 	Security ID:		S-1-5-18 	Account Name:		ROG_MAHDI$ 	Account Domain:		WORKGROUP 	Logon ID:		0x3e7  Logon Information: 	Logon Type:		5 	Restricted Admin Mode:	- 	Remote Credential Guard:	- 	Virtual Account:		%%1843 	Elevated Token:		%%1842  Impersonation Level:		%%1833  New Logon: 	Security ID:		S-1-5-18 	Account Name:		SYSTEM 	Account Domain:		NT AUTHORITY 	Logon ID:		0x3e7 	Linked Logon ID:		0x0 	Network Account Name:	- 	Network Account Domain:	- ... | LogName=Unknown, Source=Microsoft-Windows-Security-Auditing, EventId=4624, EntryType=SuccessAudit, TimeGenerated=2025-12-30 16:06:28.000
[2026-01-07 19:08:47.724] [Info] [Microsoft-Windows-Security-Auditing] Special privileges assigned to new logon.  Subject: 	Security ID:		S-1-5-18 	Account Name:		SYSTEM 	Account Domain:		NT AUTHORITY 	Logon ID:		0x3e7  Privileges:		SeAssignPrimaryTokenPrivilege 			SeTcbPrivilege 			SeSecurityPrivilege 			SeTakeOwnershipPrivilege 			SeLoadDriverPrivilege 			SeBackupPrivilege 			SeRestorePrivilege 			SeDebugPrivilege 			SeAuditPrivilege 			SeSystemEnvironmentPrivilege 			SeImpersonatePrivilege 			SeDelegateSessionUserImpersonatePrivilege | LogName=Unknown, Source=Microsoft-Windows-Security-Auditing, EventId=4672, EntryType=SuccessAudit, TimeGenerated=2025-12-30 16:06:28.000
[2026-01-07 19:08:47.724] [Info] [Microsoft-Windows-Security-Auditing] A security-enabled local group membership was enumerated.  Subject: 	Security ID:		S-1-5-18 	Account Name:		ROG_MAHDI$ 	Account Domain:		WORKGROUP 	Logon ID:		0x3e7  Group: 	Security ID:		S-1-5-32-544 	Group Name:		Administrators 	Group Domain:		Builtin  Process Information: 	Process ID:		0x2ecc 	Process Name:		C:\Windows\System32\SearchIndexer.exe | LogName=Unknown, Source=Microsoft-Windows-Security-Auditing, EventId=4799, EntryType=SuccessAudit, TimeGenerated=2025-12-30 16:06:28.000
[2026-01-07 19:08:47.724] [Info] [Microsoft-Windows-Security-Auditing] Key file operation.  Subject: 	Security ID:		S-1-5-21-1560790212-1407658851-3379816254-1002 	Account Name:		Morph 	Account Domain:		ROG_Mahdi 	Logon ID:		0x32e8c  Process Information: 	Process ID:		11796 	Process Creation Time:	2025-12-30T12:36:28.5615463Z  Cryptographic Parameters: 	Provider Name:	Microsoft Software Key Storage Provider 	Algorithm Name:	UNKNOWN 	Key Name:	Microsoft Connected Devices Platform device certificate 	Key Type:	%%2500  Key File Operation Information: 	File Path:	C:\Us... | LogName=Unknown, Source=Microsoft-Windows-Security-Auditing, EventId=5058, EntryType=SuccessAudit, TimeGenerated=2025-12-30 16:06:28.000
[2026-01-07 19:08:47.724] [Info] [Microsoft-Windows-Security-Auditing] Cryptographic operation.  Subject: 	Security ID:		S-1-5-21-1560790212-1407658851-3379816254-1002 	Account Name:		Morph 	Account Domain:		ROG_Mahdi 	Logon ID:		0x32e8c  Cryptographic Parameters: 	Provider Name:	Microsoft Software Key Storage Provider 	Algorithm Name:	ECDSA_P256 	Key Name:	Microsoft Connected Devices Platform device certificate 	Key Type:	%%2500  Cryptographic Operation: 	Operation:	%%2480 	Return Code:	0x0 | LogName=Unknown, Source=Microsoft-Windows-Security-Auditing, EventId=5061, EntryType=SuccessAudit, TimeGenerated=2025-12-30 16:06:28.000
[2026-01-07 19:08:47.724] [Info] [Microsoft-Windows-Security-Auditing] Key migration operation.  Subject: 	Security ID:		S-1-5-21-1560790212-1407658851-3379816254-1002 	Account Name:		Morph 	Account Domain:		ROG_Mahdi 	Logon ID:		0x32e8c  Process Information: 	Process ID:		11796 	Process Creation Time:	2025-12-30T12:36:28.5615463Z  Cryptographic Parameters: 	Provider Name:	Microsoft Software Key Storage Provider 	Algorithm Name:	ECDSA_P256 	Key Name:	Microsoft Connected Devices Platform device certificate 	Key Type:	%%2500  Additional Information: 	Operation:	%%246... | LogName=Unknown, Source=Microsoft-Windows-Security-Auditing, EventId=5059, EntryType=SuccessAudit, TimeGenerated=2025-12-30 16:06:28.000
[2026-01-07 19:08:47.724] [Info] [Microsoft-Windows-Security-Auditing] An account was successfully logged on.  Subject: 	Security ID:		S-1-5-18 	Account Name:		ROG_MAHDI$ 	Account Domain:		WORKGROUP 	Logon ID:		0x3e7  Logon Information: 	Logon Type:		5 	Restricted Admin Mode:	- 	Remote Credential Guard:	- 	Virtual Account:		%%1843 	Elevated Token:		%%1842  Impersonation Level:		%%1833  New Logon: 	Security ID:		S-1-5-18 	Account Name:		SYSTEM 	Account Domain:		NT AUTHORITY 	Logon ID:		0x3e7 	Linked Logon ID:		0x0 	Network Account Name:	- 	Network Account Domain:	- ... | LogName=Unknown, Source=Microsoft-Windows-Security-Auditing, EventId=4624, EntryType=SuccessAudit, TimeGenerated=2025-12-30 16:06:29.000
[2026-01-07 19:08:47.724] [Info] [Microsoft-Windows-Security-Auditing] Special privileges assigned to new logon.  Subject: 	Security ID:		S-1-5-18 	Account Name:		SYSTEM 	Account Domain:		NT AUTHORITY 	Logon ID:		0x3e7  Privileges:		SeAssignPrimaryTokenPrivilege 			SeTcbPrivilege 			SeSecurityPrivilege 			SeTakeOwnershipPrivilege 			SeLoadDriverPrivilege 			SeBackupPrivilege 			SeRestorePrivilege 			SeDebugPrivilege 			SeAuditPrivilege 			SeSystemEnvironmentPrivilege 			SeImpersonatePrivilege 			SeDelegateSessionUserImpersonatePrivilege | LogName=Unknown, Source=Microsoft-Windows-Security-Auditing, EventId=4672, EntryType=SuccessAudit, TimeGenerated=2025-12-30 16:06:29.000
[2026-01-07 19:08:47.724] [Info] [Microsoft-Windows-Security-Auditing] A user's local group membership was enumerated.  Subject: 	Security ID:		S-1-5-18 	Account Name:		ROG_MAHDI$ 	Account Domain:		WORKGROUP 	Logon ID:		0x3e7  User: 	Security ID:		S-1-5-21-1560790212-1407658851-3379816254-1001 	Account Name:		llsma 	Account Domain:		ROG_Mahdi  Process Information: 	Process ID:		0x834 	Process Name:		C:\Windows\System32\LogonUI.exe | LogName=Unknown, Source=Microsoft-Windows-Security-Auditing, EventId=4798, EntryType=SuccessAudit, TimeGenerated=2025-12-30 16:06:29.000
[2026-01-07 19:08:47.725] [Info] [Microsoft-Windows-Security-Auditing] A security-enabled local group membership was enumerated.  Subject: 	Security ID:		S-1-5-18 	Account Name:		ROG_MAHDI$ 	Account Domain:		WORKGROUP 	Logon ID:		0x3e7  Group: 	Security ID:		S-1-5-32-544 	Group Name:		Administrators 	Group Domain:		Builtin  Process Information: 	Process ID:		0x3448 	Process Name:		C:\Windows\System32\SearchIndexer.exe | LogName=Unknown, Source=Microsoft-Windows-Security-Auditing, EventId=4799, EntryType=SuccessAudit, TimeGenerated=2025-12-30 16:06:29.000
[2026-01-07 19:08:47.725] [Info] [Microsoft-Windows-Security-Auditing] Credential Manager credentials were read.  Subject: 	Security ID:		S-1-5-18 	Account Name:		ROG_MAHDI$ 	Account Domain:		WORKGROUP 	Logon ID:		0x3e7 	Read Operation:		%%8100  This event occurs when a user performs a read operation on stored credentials in Credential Manager. | LogName=Unknown, Source=Microsoft-Windows-Security-Auditing, EventId=5379, EntryType=SuccessAudit, TimeGenerated=2025-12-30 16:06:29.000
[2026-01-07 19:08:47.725] [Info] [Microsoft-Windows-Security-Auditing] Credential Manager credentials were read.  Subject: 	Security ID:		S-1-5-21-1560790212-1407658851-3379816254-1002 	Account Name:		Morph 	Account Domain:		ROG_Mahdi 	Logon ID:		0x32e8c 	Read Operation:		%%8100  This event occurs when a user performs a read operation on stored credentials in Credential Manager. | LogName=Unknown, Source=Microsoft-Windows-Security-Auditing, EventId=5379, EntryType=SuccessAudit, TimeGenerated=2025-12-30 16:06:30.000
[2026-01-07 19:08:47.725] [Info] [Microsoft-Windows-Security-Auditing] An account was successfully logged on.  Subject: 	Security ID:		S-1-5-18 	Account Name:		ROG_MAHDI$ 	Account Domain:		WORKGROUP 	Logon ID:		0x3e7  Logon Information: 	Logon Type:		5 	Restricted Admin Mode:	- 	Remote Credential Guard:	- 	Virtual Account:		%%1843 	Elevated Token:		%%1842  Impersonation Level:		%%1833  New Logon: 	Security ID:		S-1-5-18 	Account Name:		SYSTEM 	Account Domain:		NT AUTHORITY 	Logon ID:		0x3e7 	Linked Logon ID:		0x0 	Network Account Name:	- 	Network Account Domain:	- ... | LogName=Unknown, Source=Microsoft-Windows-Security-Auditing, EventId=4624, EntryType=SuccessAudit, TimeGenerated=2025-12-30 16:06:30.000
[2026-01-07 19:08:47.725] [Info] [Microsoft-Windows-Security-Auditing] Special privileges assigned to new logon.  Subject: 	Security ID:		S-1-5-18 	Account Name:		SYSTEM 	Account Domain:		NT AUTHORITY 	Logon ID:		0x3e7  Privileges:		SeAssignPrimaryTokenPrivilege 			SeTcbPrivilege 			SeSecurityPrivilege 			SeTakeOwnershipPrivilege 			SeLoadDriverPrivilege 			SeBackupPrivilege 			SeRestorePrivilege 			SeDebugPrivilege 			SeAuditPrivilege 			SeSystemEnvironmentPrivilege 			SeImpersonatePrivilege 			SeDelegateSessionUserImpersonatePrivilege | LogName=Unknown, Source=Microsoft-Windows-Security-Auditing, EventId=4672, EntryType=SuccessAudit, TimeGenerated=2025-12-30 16:06:30.000
[2026-01-07 19:08:47.725] [Info] [Microsoft-Windows-Security-Auditing] A user's local group membership was enumerated.  Subject: 	Security ID:		S-1-5-18 	Account Name:		ROG_MAHDI$ 	Account Domain:		WORKGROUP 	Logon ID:		0x3e7  User: 	Security ID:		S-1-5-21-1560790212-1407658851-3379816254-500 	Account Name:		Administrator 	Account Domain:		ROG_Mahdi  Process Information: 	Process ID:		0x1084 	Process Name:		C:\Windows\System32\svchost.exe | LogName=Unknown, Source=Microsoft-Windows-Security-Auditing, EventId=4798, EntryType=SuccessAudit, TimeGenerated=2025-12-30 16:06:30.000
[2026-01-07 19:08:47.725] [Info] [Microsoft-Windows-Security-Auditing] Credential Manager credentials were read.  Subject: 	Security ID:		S-1-5-21-1560790212-1407658851-3379816254-1002 	Account Name:		Morph 	Account Domain:		ROG_Mahdi 	Logon ID:		0x32e8c 	Read Operation:		%%8100  This event occurs when a user performs a read operation on stored credentials in Credential Manager. | LogName=Unknown, Source=Microsoft-Windows-Security-Auditing, EventId=5379, EntryType=SuccessAudit, TimeGenerated=2025-12-30 16:06:31.000
[2026-01-07 19:08:47.725] [Info] [Microsoft-Windows-Security-Auditing] A security-enabled local group membership was enumerated.  Subject: 	Security ID:		S-1-5-21-1560790212-1407658851-3379816254-1002 	Account Name:		Morph 	Account Domain:		ROG_Mahdi 	Logon ID:		0x32e8c  Group: 	Security ID:		S-1-5-32-544 	Group Name:		Administrators 	Group Domain:		Builtin  Process Information: 	Process ID:		0x324c 	Process Name:		C:\Windows\explorer.exe | LogName=Unknown, Source=Microsoft-Windows-Security-Auditing, EventId=4799, EntryType=SuccessAudit, TimeGenerated=2025-12-30 16:06:31.000
[2026-01-07 19:08:47.725] [Info] [Microsoft-Windows-Security-Auditing] An account was successfully logged on.  Subject: 	Security ID:		S-1-5-18 	Account Name:		ROG_MAHDI$ 	Account Domain:		WORKGROUP 	Logon ID:		0x3e7  Logon Information: 	Logon Type:		5 	Restricted Admin Mode:	- 	Remote Credential Guard:	- 	Virtual Account:		%%1843 	Elevated Token:		%%1842  Impersonation Level:		%%1833  New Logon: 	Security ID:		S-1-5-18 	Account Name:		SYSTEM 	Account Domain:		NT AUTHORITY 	Logon ID:		0x3e7 	Linked Logon ID:		0x0 	Network Account Name:	- 	Network Account Domain:	- ... | LogName=Unknown, Source=Microsoft-Windows-Security-Auditing, EventId=4624, EntryType=SuccessAudit, TimeGenerated=2025-12-30 16:06:31.000
[2026-01-07 19:08:47.725] [Info] [Microsoft-Windows-Security-Auditing] Special privileges assigned to new logon.  Subject: 	Security ID:		S-1-5-18 	Account Name:		SYSTEM 	Account Domain:		NT AUTHORITY 	Logon ID:		0x3e7  Privileges:		SeAssignPrimaryTokenPrivilege 			SeTcbPrivilege 			SeSecurityPrivilege 			SeTakeOwnershipPrivilege 			SeLoadDriverPrivilege 			SeBackupPrivilege 			SeRestorePrivilege 			SeDebugPrivilege 			SeAuditPrivilege 			SeSystemEnvironmentPrivilege 			SeImpersonatePrivilege 			SeDelegateSessionUserImpersonatePrivilege | LogName=Unknown, Source=Microsoft-Windows-Security-Auditing, EventId=4672, EntryType=SuccessAudit, TimeGenerated=2025-12-30 16:06:31.000
[2026-01-07 19:08:47.725] [Info] [Microsoft-Windows-Security-Auditing] Credential Manager credentials were read.  Subject: 	Security ID:		S-1-5-21-1560790212-1407658851-3379816254-1002 	Account Name:		Morph 	Account Domain:		ROG_Mahdi 	Logon ID:		0x32e8c 	Read Operation:		%%8100  This event occurs when a user performs a read operation on stored credentials in Credential Manager. | LogName=Unknown, Source=Microsoft-Windows-Security-Auditing, EventId=5379, EntryType=SuccessAudit, TimeGenerated=2025-12-30 16:06:32.000
[2026-01-07 19:08:47.725] [Info] [Microsoft-Windows-Security-Auditing] A user's local group membership was enumerated.  Subject: 	Security ID:		S-1-5-21-1560790212-1407658851-3379816254-1002 	Account Name:		Morph 	Account Domain:		ROG_Mahdi 	Logon ID:		0x32e8c  User: 	Security ID:		S-1-5-21-1560790212-1407658851-3379816254-1002 	Account Name:		Morph 	Account Domain:		ROG_Mahdi  Process Information: 	Process ID:		0x324c 	Process Name:		C:\Windows\explorer.exe | LogName=Unknown, Source=Microsoft-Windows-Security-Auditing, EventId=4798, EntryType=SuccessAudit, TimeGenerated=2025-12-30 16:06:33.000
[2026-01-07 19:08:47.725] [Info] [Microsoft-Windows-Security-Auditing] A user's local group membership was enumerated.  Subject: 	Security ID:		S-1-5-18 	Account Name:		ROG_MAHDI$ 	Account Domain:		WORKGROUP 	Logon ID:		0x3e7  User: 	Security ID:		S-1-5-21-1560790212-1407658851-3379816254-500 	Account Name:		Administrator 	Account Domain:		ROG_Mahdi  Process Information: 	Process ID:		0x1084 	Process Name:		C:\Windows\System32\svchost.exe | LogName=Unknown, Source=Microsoft-Windows-Security-Auditing, EventId=4798, EntryType=SuccessAudit, TimeGenerated=2025-12-30 16:06:35.000
[2026-01-07 19:08:47.725] [Info] [Microsoft-Windows-Security-Auditing] An account was successfully logged on.  Subject: 	Security ID:		S-1-5-18 	Account Name:		ROG_MAHDI$ 	Account Domain:		WORKGROUP 	Logon ID:		0x3e7  Logon Information: 	Logon Type:		5 	Restricted Admin Mode:	- 	Remote Credential Guard:	- 	Virtual Account:		%%1843 	Elevated Token:		%%1842  Impersonation Level:		%%1833  New Logon: 	Security ID:		S-1-5-18 	Account Name:		SYSTEM 	Account Domain:		NT AUTHORITY 	Logon ID:		0x3e7 	Linked Logon ID:		0x0 	Network Account Name:	- 	Network Account Domain:	- ... | LogName=Unknown, Source=Microsoft-Windows-Security-Auditing, EventId=4624, EntryType=SuccessAudit, TimeGenerated=2025-12-30 16:06:41.000
[2026-01-07 19:08:47.726] [Info] [Microsoft-Windows-Security-Auditing] Special privileges assigned to new logon.  Subject: 	Security ID:		S-1-5-18 	Account Name:		SYSTEM 	Account Domain:		NT AUTHORITY 	Logon ID:		0x3e7  Privileges:		SeAssignPrimaryTokenPrivilege 			SeTcbPrivilege 			SeSecurityPrivilege 			SeTakeOwnershipPrivilege 			SeLoadDriverPrivilege 			SeBackupPrivilege 			SeRestorePrivilege 			SeDebugPrivilege 			SeAuditPrivilege 			SeSystemEnvironmentPrivilege 			SeImpersonatePrivilege 			SeDelegateSessionUserImpersonatePrivilege | LogName=Unknown, Source=Microsoft-Windows-Security-Auditing, EventId=4672, EntryType=SuccessAudit, TimeGenerated=2025-12-30 16:06:41.000
[2026-01-07 19:08:47.726] [Info] [Microsoft-Windows-Security-Auditing] A user's local group membership was enumerated.  Subject: 	Security ID:		S-1-5-18 	Account Name:		ROG_MAHDI$ 	Account Domain:		WORKGROUP 	Logon ID:		0x3e7  User: 	Security ID:		S-1-5-21-1560790212-1407658851-3379816254-500 	Account Name:		Administrator 	Account Domain:		ROG_Mahdi  Process Information: 	Process ID:		0x1084 	Process Name:		C:\Windows\System32\svchost.exe | LogName=Unknown, Source=Microsoft-Windows-Security-Auditing, EventId=4798, EntryType=SuccessAudit, TimeGenerated=2025-12-30 16:06:42.000
[2026-01-07 19:08:47.726] [Info] [Microsoft-Windows-Security-Auditing] A user's local group membership was enumerated.  Subject: 	Security ID:		S-1-5-18 	Account Name:		ROG_MAHDI$ 	Account Domain:		WORKGROUP 	Logon ID:		0x3e7  User: 	Security ID:		S-1-5-21-1560790212-1407658851-3379816254-1002 	Account Name:		Morph 	Account Domain:		ROG_Mahdi  Process Information: 	Process ID:		0x6bc 	Process Name:		C:\Windows\System32\lsass.exe | LogName=Unknown, Source=Microsoft-Windows-Security-Auditing, EventId=4798, EntryType=SuccessAudit, TimeGenerated=2025-12-30 16:06:58.000
[2026-01-07 19:08:47.726] [Info] [Microsoft-Windows-Security-Auditing] A logon was attempted using explicit credentials.  Subject: 	Security ID:		S-1-5-18 	Account Name:		ROG_MAHDI$ 	Account Domain:		WORKGROUP 	Logon ID:		0x3e7 	Logon GUID:		{00000000-0000-0000-0000-000000000000}  Account Whose Credentials Were Used: 	Account Name:		Morph 	Account Domain:		ROG_Mahdi 	Logon GUID:		{00000000-0000-0000-0000-000000000000}  Target Server: 	Target Server Name:	localhost 	Additional Information:	localhost  Process Information: 	Process ID:		0xad0 	Process Name:		C:\Window... | LogName=Unknown, Source=Microsoft-Windows-Security-Auditing, EventId=4648, EntryType=SuccessAudit, TimeGenerated=2025-12-30 16:06:58.000
[2026-01-07 19:08:47.726] [Info] [Microsoft-Windows-Security-Auditing] An account was successfully logged on.  Subject: 	Security ID:		S-1-5-18 	Account Name:		ROG_MAHDI$ 	Account Domain:		WORKGROUP 	Logon ID:		0x3e7  Logon Information: 	Logon Type:		2 	Restricted Admin Mode:	- 	Remote Credential Guard:	- 	Virtual Account:		%%1843 	Elevated Token:		%%1842  Impersonation Level:		%%1833  New Logon: 	Security ID:		S-1-5-21-1560790212-1407658851-3379816254-1002 	Account Name:		Morph 	Account Domain:		ROG_Mahdi 	Logon ID:		0x2b0460 	Linked Logon ID:		0x2b04a5 	Network A... | LogName=Unknown, Source=Microsoft-Windows-Security-Auditing, EventId=4624, EntryType=SuccessAudit, TimeGenerated=2025-12-30 16:06:58.000
[2026-01-07 19:08:47.726] [Info] [Microsoft-Windows-Security-Auditing] Special privileges assigned to new logon.  Subject: 	Security ID:		S-1-5-21-1560790212-1407658851-3379816254-1002 	Account Name:		Morph 	Account Domain:		ROG_Mahdi 	Logon ID:		0x2b0460  Privileges:		SeSecurityPrivilege 			SeTakeOwnershipPrivilege 			SeLoadDriverPrivilege 			SeBackupPrivilege 			SeRestorePrivilege 			SeDebugPrivilege 			SeSystemEnvironmentPrivilege 			SeImpersonatePrivilege 			SeDelegateSessionUserImpersonatePrivilege | LogName=Unknown, Source=Microsoft-Windows-Security-Auditing, EventId=4672, EntryType=SuccessAudit, TimeGenerated=2025-12-30 16:06:58.000
[2026-01-07 19:08:47.726] [Info] [Microsoft-Windows-Security-Auditing] An account was logged off.  Subject: 	Security ID:		S-1-5-21-1560790212-1407658851-3379816254-1002 	Account Name:		Morph 	Account Domain:		ROG_Mahdi 	Logon ID:		0x2b04a5  Logon Type:			2  This event is generated when a logon session is destroyed. It may be positively correlated with a logon event using the Logon ID value. Logon IDs are only unique between reboots on the same computer. | LogName=Unknown, Source=Microsoft-Windows-Security-Auditing, EventId=4634, EntryType=SuccessAudit, TimeGenerated=2025-12-30 16:06:58.000
[2026-01-07 19:08:47.727] [Info] [Microsoft-Windows-Security-Auditing] Key file operation.  Subject: 	Security ID:		S-1-5-21-1560790212-1407658851-3379816254-1002 	Account Name:		Morph 	Account Domain:		ROG_Mahdi 	Logon ID:		0x32e8c  Process Information: 	Process ID:		2900 	Process Creation Time:	2025-12-30T12:37:32.0739231Z  Cryptographic Parameters: 	Provider Name:	Microsoft Software Key Storage Provider 	Algorithm Name:	ECDSA_P256 	Key Name:	ChromeMetricsTestKey 	Key Type:	%%2500  Key File Operation Information: 	File Path:	C:\Users\Morph\AppData\Roaming\Microso... | LogName=Unknown, Source=Microsoft-Windows-Security-Auditing, EventId=5058, EntryType=SuccessAudit, TimeGenerated=2025-12-30 16:07:34.000
[2026-01-07 19:08:47.727] [Info] [Microsoft-Windows-Security-Auditing] Cryptographic operation.  Subject: 	Security ID:		S-1-5-21-1560790212-1407658851-3379816254-1002 	Account Name:		Morph 	Account Domain:		ROG_Mahdi 	Logon ID:		0x32e8c  Cryptographic Parameters: 	Provider Name:	Microsoft Software Key Storage Provider 	Algorithm Name:	ECDSA_P256 	Key Name:	ChromeMetricsTestKey 	Key Type:	%%2500  Cryptographic Operation: 	Operation:	%%2481 	Return Code:	0x0 | LogName=Unknown, Source=Microsoft-Windows-Security-Auditing, EventId=5061, EntryType=SuccessAudit, TimeGenerated=2025-12-30 16:07:34.000
[2026-01-07 19:08:47.727] [Info] [Microsoft-Windows-Security-Auditing] Key migration operation.  Subject: 	Security ID:		S-1-5-21-1560790212-1407658851-3379816254-1002 	Account Name:		Morph 	Account Domain:		ROG_Mahdi 	Logon ID:		0x32e8c  Process Information: 	Process ID:		2900 	Process Creation Time:	2025-12-30T12:37:32.0739231Z  Cryptographic Parameters: 	Provider Name:	Microsoft Software Key Storage Provider 	Algorithm Name:	ECDSA_P256 	Key Name:	ChromeMetricsTestKey 	Key Type:	%%2500  Additional Information: 	Operation:	%%2464 	Return Code:	0x0 | LogName=Unknown, Source=Microsoft-Windows-Security-Auditing, EventId=5059, EntryType=SuccessAudit, TimeGenerated=2025-12-30 16:07:34.000
[2026-01-07 19:08:47.727] [Info] [Microsoft-Windows-Security-Auditing] Credential Manager credentials were read.  Subject: 	Security ID:		S-1-5-21-1560790212-1407658851-3379816254-1002 	Account Name:		Morph 	Account Domain:		ROG_Mahdi 	Logon ID:		0x32e8c 	Read Operation:		%%8100  This event occurs when a user performs a read operation on stored credentials in Credential Manager. | LogName=Unknown, Source=Microsoft-Windows-Security-Auditing, EventId=5379, EntryType=SuccessAudit, TimeGenerated=2025-12-30 16:07:45.000
[2026-01-07 19:08:47.727] [Info] [Microsoft-Windows-Security-Auditing] A user's local group membership was enumerated.  Subject: 	Security ID:		S-1-5-21-1560790212-1407658851-3379816254-1002 	Account Name:		Morph 	Account Domain:		ROG_Mahdi 	Logon ID:		0x32e8c  User: 	Security ID:		S-1-5-21-1560790212-1407658851-3379816254-1002 	Account Name:		Morph 	Account Domain:		ROG_Mahdi  Process Information: 	Process ID:		0x324c 	Process Name:		C:\Windows\explorer.exe | LogName=Unknown, Source=Microsoft-Windows-Security-Auditing, EventId=4798, EntryType=SuccessAudit, TimeGenerated=2025-12-30 16:07:45.000
[2026-01-07 19:08:47.727] [Info] [Microsoft-Windows-Security-Auditing] An account was successfully logged on.  Subject: 	Security ID:		S-1-5-18 	Account Name:		ROG_MAHDI$ 	Account Domain:		WORKGROUP 	Logon ID:		0x3e7  Logon Information: 	Logon Type:		5 	Restricted Admin Mode:	- 	Remote Credential Guard:	- 	Virtual Account:		%%1843 	Elevated Token:		%%1842  Impersonation Level:		%%1833  New Logon: 	Security ID:		S-1-5-18 	Account Name:		SYSTEM 	Account Domain:		NT AUTHORITY 	Logon ID:		0x3e7 	Linked Logon ID:		0x0 	Network Account Name:	- 	Network Account Domain:	- ... | LogName=Unknown, Source=Microsoft-Windows-Security-Auditing, EventId=4624, EntryType=SuccessAudit, TimeGenerated=2025-12-30 16:07:45.000
[2026-01-07 19:08:47.727] [Info] [Microsoft-Windows-Security-Auditing] Special privileges assigned to new logon.  Subject: 	Security ID:		S-1-5-18 	Account Name:		SYSTEM 	Account Domain:		NT AUTHORITY 	Logon ID:		0x3e7  Privileges:		SeAssignPrimaryTokenPrivilege 			SeTcbPrivilege 			SeSecurityPrivilege 			SeTakeOwnershipPrivilege 			SeLoadDriverPrivilege 			SeBackupPrivilege 			SeRestorePrivilege 			SeDebugPrivilege 			SeAuditPrivilege 			SeSystemEnvironmentPrivilege 			SeImpersonatePrivilege 			SeDelegateSessionUserImpersonatePrivilege | LogName=Unknown, Source=Microsoft-Windows-Security-Auditing, EventId=4672, EntryType=SuccessAudit, TimeGenerated=2025-12-30 16:07:45.000
[2026-01-07 19:08:47.727] [Info] [Microsoft-Windows-Security-Auditing] Credential Manager credentials were read.  Subject: 	Security ID:		S-1-5-21-1560790212-1407658851-3379816254-1002 	Account Name:		Morph 	Account Domain:		ROG_Mahdi 	Logon ID:		0x32e8c 	Read Operation:		%%8100  This event occurs when a user performs a read operation on stored credentials in Credential Manager. | LogName=Unknown, Source=Microsoft-Windows-Security-Auditing, EventId=5379, EntryType=SuccessAudit, TimeGenerated=2025-12-30 16:07:46.000
[2026-01-07 19:08:47.727] [Info] [Microsoft-Windows-Security-Auditing] A user's local group membership was enumerated.  Subject: 	Security ID:		S-1-5-21-1560790212-1407658851-3379816254-1002 	Account Name:		Morph 	Account Domain:		ROG_Mahdi 	Logon ID:		0x32e8c  User: 	Security ID:		S-1-5-21-1560790212-1407658851-3379816254-1002 	Account Name:		Morph 	Account Domain:		ROG_Mahdi  Process Information: 	Process ID:		0x324c 	Process Name:		C:\Windows\explorer.exe | LogName=Unknown, Source=Microsoft-Windows-Security-Auditing, EventId=4798, EntryType=SuccessAudit, TimeGenerated=2025-12-30 16:07:46.000
[2026-01-07 19:08:47.727] [Info] [Microsoft-Windows-Security-Auditing] An account was successfully logged on.  Subject: 	Security ID:		S-1-5-18 	Account Name:		ROG_MAHDI$ 	Account Domain:		WORKGROUP 	Logon ID:		0x3e7  Logon Information: 	Logon Type:		5 	Restricted Admin Mode:	- 	Remote Credential Guard:	- 	Virtual Account:		%%1843 	Elevated Token:		%%1842  Impersonation Level:		%%1833  New Logon: 	Security ID:		S-1-5-18 	Account Name:		SYSTEM 	Account Domain:		NT AUTHORITY 	Logon ID:		0x3e7 	Linked Logon ID:		0x0 	Network Account Name:	- 	Network Account Domain:	- ... | LogName=Unknown, Source=Microsoft-Windows-Security-Auditing, EventId=4624, EntryType=SuccessAudit, TimeGenerated=2025-12-30 16:08:04.000
[2026-01-07 19:08:47.727] [Info] [Microsoft-Windows-Security-Auditing] Special privileges assigned to new logon.  Subject: 	Security ID:		S-1-5-18 	Account Name:		SYSTEM 	Account Domain:		NT AUTHORITY 	Logon ID:		0x3e7  Privileges:		SeAssignPrimaryTokenPrivilege 			SeTcbPrivilege 			SeSecurityPrivilege 			SeTakeOwnershipPrivilege 			SeLoadDriverPrivilege 			SeBackupPrivilege 			SeRestorePrivilege 			SeDebugPrivilege 			SeAuditPrivilege 			SeSystemEnvironmentPrivilege 			SeImpersonatePrivilege 			SeDelegateSessionUserImpersonatePrivilege | LogName=Unknown, Source=Microsoft-Windows-Security-Auditing, EventId=4672, EntryType=SuccessAudit, TimeGenerated=2025-12-30 16:08:04.000
[2026-01-07 19:08:47.727] [Info] [Microsoft-Windows-Security-Auditing] An account was successfully logged on.  Subject: 	Security ID:		S-1-5-18 	Account Name:		ROG_MAHDI$ 	Account Domain:		WORKGROUP 	Logon ID:		0x3e7  Logon Information: 	Logon Type:		5 	Restricted Admin Mode:	- 	Remote Credential Guard:	- 	Virtual Account:		%%1843 	Elevated Token:		%%1842  Impersonation Level:		%%1833  New Logon: 	Security ID:		S-1-5-18 	Account Name:		SYSTEM 	Account Domain:		NT AUTHORITY 	Logon ID:		0x3e7 	Linked Logon ID:		0x0 	Network Account Name:	- 	Network Account Domain:	- ... | LogName=Unknown, Source=Microsoft-Windows-Security-Auditing, EventId=4624, EntryType=SuccessAudit, TimeGenerated=2025-12-30 16:08:07.000
[2026-01-07 19:08:47.727] [Info] [Microsoft-Windows-Security-Auditing] Special privileges assigned to new logon.  Subject: 	Security ID:		S-1-5-18 	Account Name:		SYSTEM 	Account Domain:		NT AUTHORITY 	Logon ID:		0x3e7  Privileges:		SeAssignPrimaryTokenPrivilege 			SeTcbPrivilege 			SeSecurityPrivilege 			SeTakeOwnershipPrivilege 			SeLoadDriverPrivilege 			SeBackupPrivilege 			SeRestorePrivilege 			SeDebugPrivilege 			SeAuditPrivilege 			SeSystemEnvironmentPrivilege 			SeImpersonatePrivilege 			SeDelegateSessionUserImpersonatePrivilege | LogName=Unknown, Source=Microsoft-Windows-Security-Auditing, EventId=4672, EntryType=SuccessAudit, TimeGenerated=2025-12-30 16:08:07.000
[2026-01-07 19:08:47.727] [Info] [Microsoft-Windows-Security-Auditing] An account was successfully logged on.  Subject: 	Security ID:		S-1-5-18 	Account Name:		ROG_MAHDI$ 	Account Domain:		WORKGROUP 	Logon ID:		0x3e7  Logon Information: 	Logon Type:		5 	Restricted Admin Mode:	- 	Remote Credential Guard:	- 	Virtual Account:		%%1843 	Elevated Token:		%%1842  Impersonation Level:		%%1833  New Logon: 	Security ID:		S-1-5-18 	Account Name:		SYSTEM 	Account Domain:		NT AUTHORITY 	Logon ID:		0x3e7 	Linked Logon ID:		0x0 	Network Account Name:	- 	Network Account Domain:	- ... | LogName=Unknown, Source=Microsoft-Windows-Security-Auditing, EventId=4624, EntryType=SuccessAudit, TimeGenerated=2025-12-30 16:08:29.000
[2026-01-07 19:08:47.727] [Info] [Microsoft-Windows-Security-Auditing] Special privileges assigned to new logon.  Subject: 	Security ID:		S-1-5-18 	Account Name:		SYSTEM 	Account Domain:		NT AUTHORITY 	Logon ID:		0x3e7  Privileges:		SeAssignPrimaryTokenPrivilege 			SeTcbPrivilege 			SeSecurityPrivilege 			SeTakeOwnershipPrivilege 			SeLoadDriverPrivilege 			SeBackupPrivilege 			SeRestorePrivilege 			SeDebugPrivilege 			SeAuditPrivilege 			SeSystemEnvironmentPrivilege 			SeImpersonatePrivilege 			SeDelegateSessionUserImpersonatePrivilege | LogName=Unknown, Source=Microsoft-Windows-Security-Auditing, EventId=4672, EntryType=SuccessAudit, TimeGenerated=2025-12-30 16:08:29.000
[2026-01-07 19:08:47.727] [Info] [Microsoft-Windows-Security-Auditing] An account was successfully logged on.  Subject: 	Security ID:		S-1-5-18 	Account Name:		ROG_MAHDI$ 	Account Domain:		WORKGROUP 	Logon ID:		0x3e7  Logon Information: 	Logon Type:		5 	Restricted Admin Mode:	- 	Remote Credential Guard:	- 	Virtual Account:		%%1843 	Elevated Token:		%%1842  Impersonation Level:		%%1833  New Logon: 	Security ID:		S-1-5-18 	Account Name:		SYSTEM 	Account Domain:		NT AUTHORITY 	Logon ID:		0x3e7 	Linked Logon ID:		0x0 	Network Account Name:	- 	Network Account Domain:	- ... | LogName=Unknown, Source=Microsoft-Windows-Security-Auditing, EventId=4624, EntryType=SuccessAudit, TimeGenerated=2025-12-30 16:08:30.000
[2026-01-07 19:08:47.727] [Info] [Microsoft-Windows-Security-Auditing] Special privileges assigned to new logon.  Subject: 	Security ID:		S-1-5-18 	Account Name:		SYSTEM 	Account Domain:		NT AUTHORITY 	Logon ID:		0x3e7  Privileges:		SeAssignPrimaryTokenPrivilege 			SeTcbPrivilege 			SeSecurityPrivilege 			SeTakeOwnershipPrivilege 			SeLoadDriverPrivilege 			SeBackupPrivilege 			SeRestorePrivilege 			SeDebugPrivilege 			SeAuditPrivilege 			SeSystemEnvironmentPrivilege 			SeImpersonatePrivilege 			SeDelegateSessionUserImpersonatePrivilege | LogName=Unknown, Source=Microsoft-Windows-Security-Auditing, EventId=4672, EntryType=SuccessAudit, TimeGenerated=2025-12-30 16:08:30.000
[2026-01-07 19:08:47.727] [Info] [Microsoft-Windows-Security-Auditing] Key file operation.  Subject: 	Security ID:		S-1-5-18 	Account Name:		ROG_MAHDI$ 	Account Domain:		WORKGROUP 	Logon ID:		0x3e7  Process Information: 	Process ID:		7884 	Process Creation Time:	2025-12-30T12:39:25.1896847Z  Cryptographic Parameters: 	Provider Name:	Microsoft Software Key Storage Provider 	Algorithm Name:	UNKNOWN 	Key Name:	Google Chromekey1 	Key Type:	%%2500  Key File Operation Information: 	File Path:	C:\ProgramData\Microsoft\Crypto\SystemKeys\7096db7aeb75c0d3497ecd56d355a695_d40... | LogName=Unknown, Source=Microsoft-Windows-Security-Auditing, EventId=5058, EntryType=SuccessAudit, TimeGenerated=2025-12-30 16:09:25.000
[2026-01-07 19:08:47.727] [Info] [Microsoft-Windows-Security-Auditing] Cryptographic operation.  Subject: 	Security ID:		S-1-5-18 	Account Name:		ROG_MAHDI$ 	Account Domain:		WORKGROUP 	Logon ID:		0x3e7  Cryptographic Parameters: 	Provider Name:	Microsoft Software Key Storage Provider 	Algorithm Name:	AES 	Key Name:	Google Chromekey1 	Key Type:	%%2500  Cryptographic Operation: 	Operation:	%%2480 	Return Code:	0x0 | LogName=Unknown, Source=Microsoft-Windows-Security-Auditing, EventId=5061, EntryType=SuccessAudit, TimeGenerated=2025-12-30 16:09:25.000
[2026-01-07 19:08:47.727] [Info] [Microsoft-Windows-Security-Auditing] An account was successfully logged on.  Subject: 	Security ID:		S-1-5-18 	Account Name:		ROG_MAHDI$ 	Account Domain:		WORKGROUP 	Logon ID:		0x3e7  Logon Information: 	Logon Type:		5 	Restricted Admin Mode:	- 	Remote Credential Guard:	- 	Virtual Account:		%%1843 	Elevated Token:		%%1842  Impersonation Level:		%%1833  New Logon: 	Security ID:		S-1-5-18 	Account Name:		SYSTEM 	Account Domain:		NT AUTHORITY 	Logon ID:		0x3e7 	Linked Logon ID:		0x0 	Network Account Name:	- 	Network Account Domain:	- ... | LogName=Unknown, Source=Microsoft-Windows-Security-Auditing, EventId=4624, EntryType=SuccessAudit, TimeGenerated=2025-12-30 16:09:27.000
[2026-01-07 19:08:47.727] [Info] [Microsoft-Windows-Security-Auditing] Special privileges assigned to new logon.  Subject: 	Security ID:		S-1-5-18 	Account Name:		SYSTEM 	Account Domain:		NT AUTHORITY 	Logon ID:		0x3e7  Privileges:		SeAssignPrimaryTokenPrivilege 			SeTcbPrivilege 			SeSecurityPrivilege 			SeTakeOwnershipPrivilege 			SeLoadDriverPrivilege 			SeBackupPrivilege 			SeRestorePrivilege 			SeDebugPrivilege 			SeAuditPrivilege 			SeSystemEnvironmentPrivilege 			SeImpersonatePrivilege 			SeDelegateSessionUserImpersonatePrivilege | LogName=Unknown, Source=Microsoft-Windows-Security-Auditing, EventId=4672, EntryType=SuccessAudit, TimeGenerated=2025-12-30 16:09:27.000
[2026-01-07 19:08:47.727] [Info] [Microsoft-Windows-Security-Auditing] Key file operation.  Subject: 	Security ID:		S-1-5-21-1560790212-1407658851-3379816254-1002 	Account Name:		Morph 	Account Domain:		ROG_Mahdi 	Logon ID:		0x32e8c  Process Information: 	Process ID:		10852 	Process Creation Time:	2025-12-30T12:39:24.8867631Z  Cryptographic Parameters: 	Provider Name:	Microsoft Software Key Storage Provider 	Algorithm Name:	ECDSA_P256 	Key Name:	ChromeMetricsTestKey 	Key Type:	%%2500  Key File Operation Information: 	File Path:	C:\Users\Morph\AppData\Roaming\Micros... | LogName=Unknown, Source=Microsoft-Windows-Security-Auditing, EventId=5058, EntryType=SuccessAudit, TimeGenerated=2025-12-30 16:09:27.000
[2026-01-07 19:08:47.727] [Info] [Microsoft-Windows-Security-Auditing] Cryptographic operation.  Subject: 	Security ID:		S-1-5-21-1560790212-1407658851-3379816254-1002 	Account Name:		Morph 	Account Domain:		ROG_Mahdi 	Logon ID:		0x32e8c  Cryptographic Parameters: 	Provider Name:	Microsoft Software Key Storage Provider 	Algorithm Name:	ECDSA_P256 	Key Name:	ChromeMetricsTestKey 	Key Type:	%%2500  Cryptographic Operation: 	Operation:	%%2481 	Return Code:	0x0 | LogName=Unknown, Source=Microsoft-Windows-Security-Auditing, EventId=5061, EntryType=SuccessAudit, TimeGenerated=2025-12-30 16:09:27.000
[2026-01-07 19:08:47.727] [Info] [Microsoft-Windows-Security-Auditing] Key migration operation.  Subject: 	Security ID:		S-1-5-21-1560790212-1407658851-3379816254-1002 	Account Name:		Morph 	Account Domain:		ROG_Mahdi 	Logon ID:		0x32e8c  Process Information: 	Process ID:		10852 	Process Creation Time:	2025-12-30T12:39:24.8867631Z  Cryptographic Parameters: 	Provider Name:	Microsoft Software Key Storage Provider 	Algorithm Name:	ECDSA_P256 	Key Name:	ChromeMetricsTestKey 	Key Type:	%%2500  Additional Information: 	Operation:	%%2464 	Return Code:	0x0 | LogName=Unknown, Source=Microsoft-Windows-Security-Auditing, EventId=5059, EntryType=SuccessAudit, TimeGenerated=2025-12-30 16:09:27.000
[2026-01-07 19:08:47.728] [Info] [Microsoft-Windows-Security-Auditing] A user's local group membership was enumerated.  Subject: 	Security ID:		S-1-5-18 	Account Name:		ROG_MAHDI$ 	Account Domain:		WORKGROUP 	Logon ID:		0x3e7  User: 	Security ID:		S-1-5-21-1560790212-1407658851-3379816254-500 	Account Name:		Administrator 	Account Domain:		ROG_Mahdi  Process Information: 	Process ID:		0x1084 	Process Name:		C:\Windows\System32\svchost.exe | LogName=Unknown, Source=Microsoft-Windows-Security-Auditing, EventId=4798, EntryType=SuccessAudit, TimeGenerated=2025-12-30 16:11:30.000
[2026-01-07 19:08:47.728] [Info] [Microsoft-Windows-Security-Auditing] An account was successfully logged on.  Subject: 	Security ID:		S-1-5-18 	Account Name:		ROG_MAHDI$ 	Account Domain:		WORKGROUP 	Logon ID:		0x3e7  Logon Information: 	Logon Type:		5 	Restricted Admin Mode:	- 	Remote Credential Guard:	- 	Virtual Account:		%%1843 	Elevated Token:		%%1842  Impersonation Level:		%%1833  New Logon: 	Security ID:		S-1-5-18 	Account Name:		SYSTEM 	Account Domain:		NT AUTHORITY 	Logon ID:		0x3e7 	Linked Logon ID:		0x0 	Network Account Name:	- 	Network Account Domain:	- ... | LogName=Unknown, Source=Microsoft-Windows-Security-Auditing, EventId=4624, EntryType=SuccessAudit, TimeGenerated=2025-12-30 16:11:31.000
[2026-01-07 19:08:47.728] [Info] [Microsoft-Windows-Security-Auditing] Special privileges assigned to new logon.  Subject: 	Security ID:		S-1-5-18 	Account Name:		SYSTEM 	Account Domain:		NT AUTHORITY 	Logon ID:		0x3e7  Privileges:		SeAssignPrimaryTokenPrivilege 			SeTcbPrivilege 			SeSecurityPrivilege 			SeTakeOwnershipPrivilege 			SeLoadDriverPrivilege 			SeBackupPrivilege 			SeRestorePrivilege 			SeDebugPrivilege 			SeAuditPrivilege 			SeSystemEnvironmentPrivilege 			SeImpersonatePrivilege 			SeDelegateSessionUserImpersonatePrivilege | LogName=Unknown, Source=Microsoft-Windows-Security-Auditing, EventId=4672, EntryType=SuccessAudit, TimeGenerated=2025-12-30 16:11:31.000
[2026-01-07 19:08:47.728] [Info] [Microsoft-Windows-Security-Auditing] A security-enabled local group membership was enumerated.  Subject: 	Security ID:		S-1-5-18 	Account Name:		ROG_MAHDI$ 	Account Domain:		WORKGROUP 	Logon ID:		0x3e7  Group: 	Security ID:		S-1-5-32-544 	Group Name:		Administrators 	Group Domain:		Builtin  Process Information: 	Process ID:		0x3a1c 	Process Name:		C:\Windows\System32\svchost.exe | LogName=Unknown, Source=Microsoft-Windows-Security-Auditing, EventId=4799, EntryType=SuccessAudit, TimeGenerated=2025-12-30 16:11:36.000
[2026-01-07 19:08:47.728] [Info] [Microsoft-Windows-Security-Auditing] An account was successfully logged on.  Subject: 	Security ID:		S-1-5-18 	Account Name:		ROG_MAHDI$ 	Account Domain:		WORKGROUP 	Logon ID:		0x3e7  Logon Information: 	Logon Type:		5 	Restricted Admin Mode:	- 	Remote Credential Guard:	- 	Virtual Account:		%%1843 	Elevated Token:		%%1842  Impersonation Level:		%%1833  New Logon: 	Security ID:		S-1-5-18 	Account Name:		SYSTEM 	Account Domain:		NT AUTHORITY 	Logon ID:		0x3e7 	Linked Logon ID:		0x0 	Network Account Name:	- 	Network Account Domain:	- ... | LogName=Unknown, Source=Microsoft-Windows-Security-Auditing, EventId=4624, EntryType=SuccessAudit, TimeGenerated=2025-12-30 16:13:16.000
[2026-01-07 19:08:47.728] [Info] [Microsoft-Windows-Security-Auditing] Special privileges assigned to new logon.  Subject: 	Security ID:		S-1-5-18 	Account Name:		SYSTEM 	Account Domain:		NT AUTHORITY 	Logon ID:		0x3e7  Privileges:		SeAssignPrimaryTokenPrivilege 			SeTcbPrivilege 			SeSecurityPrivilege 			SeTakeOwnershipPrivilege 			SeLoadDriverPrivilege 			SeBackupPrivilege 			SeRestorePrivilege 			SeDebugPrivilege 			SeAuditPrivilege 			SeSystemEnvironmentPrivilege 			SeImpersonatePrivilege 			SeDelegateSessionUserImpersonatePrivilege | LogName=Unknown, Source=Microsoft-Windows-Security-Auditing, EventId=4672, EntryType=SuccessAudit, TimeGenerated=2025-12-30 16:13:16.000
[2026-01-07 19:08:47.728] [Info] [Microsoft-Windows-Security-Auditing] An account was successfully logged on.  Subject: 	Security ID:		S-1-5-18 	Account Name:		ROG_MAHDI$ 	Account Domain:		WORKGROUP 	Logon ID:		0x3e7  Logon Information: 	Logon Type:		5 	Restricted Admin Mode:	- 	Remote Credential Guard:	- 	Virtual Account:		%%1843 	Elevated Token:		%%1842  Impersonation Level:		%%1833  New Logon: 	Security ID:		S-1-5-18 	Account Name:		SYSTEM 	Account Domain:		NT AUTHORITY 	Logon ID:		0x3e7 	Linked Logon ID:		0x0 	Network Account Name:	- 	Network Account Domain:	- ... | LogName=Unknown, Source=Microsoft-Windows-Security-Auditing, EventId=4624, EntryType=SuccessAudit, TimeGenerated=2025-12-30 16:14:00.000
[2026-01-07 19:08:47.729] [Info] [Microsoft-Windows-Security-Auditing] Special privileges assigned to new logon.  Subject: 	Security ID:		S-1-5-18 	Account Name:		SYSTEM 	Account Domain:		NT AUTHORITY 	Logon ID:		0x3e7  Privileges:		SeAssignPrimaryTokenPrivilege 			SeTcbPrivilege 			SeSecurityPrivilege 			SeTakeOwnershipPrivilege 			SeLoadDriverPrivilege 			SeBackupPrivilege 			SeRestorePrivilege 			SeDebugPrivilege 			SeAuditPrivilege 			SeSystemEnvironmentPrivilege 			SeImpersonatePrivilege 			SeDelegateSessionUserImpersonatePrivilege | LogName=Unknown, Source=Microsoft-Windows-Security-Auditing, EventId=4672, EntryType=SuccessAudit, TimeGenerated=2025-12-30 16:14:00.000
[2026-01-07 19:08:47.729] [Info] [Microsoft-Windows-Security-Auditing] An account was successfully logged on.  Subject: 	Security ID:		S-1-5-18 	Account Name:		ROG_MAHDI$ 	Account Domain:		WORKGROUP 	Logon ID:		0x3e7  Logon Information: 	Logon Type:		5 	Restricted Admin Mode:	- 	Remote Credential Guard:	- 	Virtual Account:		%%1843 	Elevated Token:		%%1842  Impersonation Level:		%%1833  New Logon: 	Security ID:		S-1-5-18 	Account Name:		SYSTEM 	Account Domain:		NT AUTHORITY 	Logon ID:		0x3e7 	Linked Logon ID:		0x0 	Network Account Name:	- 	Network Account Domain:	- ... | LogName=Unknown, Source=Microsoft-Windows-Security-Auditing, EventId=4624, EntryType=SuccessAudit, TimeGenerated=2025-12-30 16:14:01.000
[2026-01-07 19:08:47.729] [Info] [Microsoft-Windows-Security-Auditing] Special privileges assigned to new logon.  Subject: 	Security ID:		S-1-5-18 	Account Name:		SYSTEM 	Account Domain:		NT AUTHORITY 	Logon ID:		0x3e7  Privileges:		SeAssignPrimaryTokenPrivilege 			SeTcbPrivilege 			SeSecurityPrivilege 			SeTakeOwnershipPrivilege 			SeLoadDriverPrivilege 			SeBackupPrivilege 			SeRestorePrivilege 			SeDebugPrivilege 			SeAuditPrivilege 			SeSystemEnvironmentPrivilege 			SeImpersonatePrivilege 			SeDelegateSessionUserImpersonatePrivilege | LogName=Unknown, Source=Microsoft-Windows-Security-Auditing, EventId=4672, EntryType=SuccessAudit, TimeGenerated=2025-12-30 16:14:01.000
