[2026-01-07 19:08:49.429] [Info] [Microsoft-Windows-Security-Auditing] Special privileges assigned to new logon.  Subject: 	Security ID:		S-1-5-18 	Account Name:		SYSTEM 	Account Domain:		NT AUTHORITY 	Logon ID:		0x3e7  Privileges:		SeAssignPrimaryTokenPrivilege 			SeTcbPrivilege 			SeSecurityPrivilege 			SeTakeOwnershipPrivilege 			SeLoadDriverPrivilege 			SeBackupPrivilege 			SeRestorePrivilege 			SeDebugPrivilege 			SeAuditPrivilege 			SeSystemEnvironmentPrivilege 			SeImpersonatePrivilege 			SeDelegateSessionUserImpersonatePrivilege | LogName=Unknown, Source=Microsoft-Windows-Security-Auditing, EventId=4672, EntryType=SuccessAudit, TimeGenerated=2025-12-29 23:09:59.000
[2026-01-07 19:08:49.429] [Info] [Microsoft-Windows-Security-Auditing] An account was successfully logged on.  Subject: 	Security ID:		S-1-5-18 	Account Name:		ROG_MAHDI$ 	Account Domain:		WORKGROUP 	Logon ID:		0x3e7  Logon Information: 	Logon Type:		5 	Restricted Admin Mode:	- 	Remote Credential Guard:	- 	Virtual Account:		%%1843 	Elevated Token:		%%1842  Impersonation Level:		%%1833  New Logon: 	Security ID:		S-1-5-18 	Account Name:		SYSTEM 	Account Domain:		NT AUTHORITY 	Logon ID:		0x3e7 	Linked Logon ID:		0x0 	Network Account Name:	- 	Network Account Domain:	- ... | LogName=Unknown, Source=Microsoft-Windows-Security-Auditing, EventId=4624, EntryType=SuccessAudit, TimeGenerated=2025-12-29 23:10:29.000
[2026-01-07 19:08:49.429] [Info] [Microsoft-Windows-Security-Auditing] Special privileges assigned to new logon.  Subject: 	Security ID:		S-1-5-18 	Account Name:		SYSTEM 	Account Domain:		NT AUTHORITY 	Logon ID:		0x3e7  Privileges:		SeAssignPrimaryTokenPrivilege 			SeTcbPrivilege 			SeSecurityPrivilege 			SeTakeOwnershipPrivilege 			SeLoadDriverPrivilege 			SeBackupPrivilege 			SeRestorePrivilege 			SeDebugPrivilege 			SeAuditPrivilege 			SeSystemEnvironmentPrivilege 			SeImpersonatePrivilege 			SeDelegateSessionUserImpersonatePrivilege | LogName=Unknown, Source=Microsoft-Windows-Security-Auditing, EventId=4672, EntryType=SuccessAudit, TimeGenerated=2025-12-29 23:10:29.000
[2026-01-07 19:08:49.429] [Info] [Microsoft-Windows-Security-Auditing] Key file operation.  Subject: 	Security ID:		S-1-5-18 	Account Name:		ROG_MAHDI$ 	Account Domain:		WORKGROUP 	Logon ID:		0x3e7  Process Information: 	Process ID:		21584 	Process Creation Time:	2025-12-29T19:40:42.9695785Z  Cryptographic Parameters: 	Provider Name:	Microsoft Software Key Storage Provider 	Algorithm Name:	UNKNOWN 	Key Name:	Google Chromekey1 	Key Type:	%%2500  Key File Operation Information: 	File Path:	C:\ProgramData\Microsoft\Crypto\SystemKeys\7096db7aeb75c0d3497ecd56d355a695_d4... | LogName=Unknown, Source=Microsoft-Windows-Security-Auditing, EventId=5058, EntryType=SuccessAudit, TimeGenerated=2025-12-29 23:10:43.000
[2026-01-07 19:08:49.429] [Info] [Microsoft-Windows-Security-Auditing] Cryptographic operation.  Subject: 	Security ID:		S-1-5-18 	Account Name:		ROG_MAHDI$ 	Account Domain:		WORKGROUP 	Logon ID:		0x3e7  Cryptographic Parameters: 	Provider Name:	Microsoft Software Key Storage Provider 	Algorithm Name:	AES 	Key Name:	Google Chromekey1 	Key Type:	%%2500  Cryptographic Operation: 	Operation:	%%2480 	Return Code:	0x0 | LogName=Unknown, Source=Microsoft-Windows-Security-Auditing, EventId=5061, EntryType=SuccessAudit, TimeGenerated=2025-12-29 23:10:43.000
[2026-01-07 19:08:49.429] [Info] [Microsoft-Windows-Security-Auditing] Key file operation.  Subject: 	Security ID:		S-1-5-21-1560790212-1407658851-3379816254-1002 	Account Name:		Morph 	Account Domain:		ROG_Mahdi 	Logon ID:		0x749b1d6  Process Information: 	Process ID:		3948 	Process Creation Time:	2025-12-29T19:40:42.8678308Z  Cryptographic Parameters: 	Provider Name:	Microsoft Software Key Storage Provider 	Algorithm Name:	ECDSA_P256 	Key Name:	ChromeMetricsTestKey 	Key Type:	%%2500  Key File Operation Information: 	File Path:	C:\Users\Morph\AppData\Roaming\Micro... | LogName=Unknown, Source=Microsoft-Windows-Security-Auditing, EventId=5058, EntryType=SuccessAudit, TimeGenerated=2025-12-29 23:10:47.000
[2026-01-07 19:08:49.429] [Info] [Microsoft-Windows-Security-Auditing] Cryptographic operation.  Subject: 	Security ID:		S-1-5-21-1560790212-1407658851-3379816254-1002 	Account Name:		Morph 	Account Domain:		ROG_Mahdi 	Logon ID:		0x749b1d6  Cryptographic Parameters: 	Provider Name:	Microsoft Software Key Storage Provider 	Algorithm Name:	ECDSA_P256 	Key Name:	ChromeMetricsTestKey 	Key Type:	%%2500  Cryptographic Operation: 	Operation:	%%2481 	Return Code:	0x0 | LogName=Unknown, Source=Microsoft-Windows-Security-Auditing, EventId=5061, EntryType=SuccessAudit, TimeGenerated=2025-12-29 23:10:47.000
[2026-01-07 19:08:49.429] [Info] [Microsoft-Windows-Security-Auditing] Key migration operation.  Subject: 	Security ID:		S-1-5-21-1560790212-1407658851-3379816254-1002 	Account Name:		Morph 	Account Domain:		ROG_Mahdi 	Logon ID:		0x749b1d6  Process Information: 	Process ID:		3948 	Process Creation Time:	2025-12-29T19:40:42.8678308Z  Cryptographic Parameters: 	Provider Name:	Microsoft Software Key Storage Provider 	Algorithm Name:	ECDSA_P256 	Key Name:	ChromeMetricsTestKey 	Key Type:	%%2500  Additional Information: 	Operation:	%%2464 	Return Code:	0x0 | LogName=Unknown, Source=Microsoft-Windows-Security-Auditing, EventId=5059, EntryType=SuccessAudit, TimeGenerated=2025-12-29 23:10:47.000
[2026-01-07 19:08:49.429] [Info] [Microsoft-Windows-Security-Auditing] An account was successfully logged on.  Subject: 	Security ID:		S-1-5-18 	Account Name:		ROG_MAHDI$ 	Account Domain:		WORKGROUP 	Logon ID:		0x3e7  Logon Information: 	Logon Type:		5 	Restricted Admin Mode:	- 	Remote Credential Guard:	- 	Virtual Account:		%%1843 	Elevated Token:		%%1842  Impersonation Level:		%%1833  New Logon: 	Security ID:		S-1-5-18 	Account Name:		SYSTEM 	Account Domain:		NT AUTHORITY 	Logon ID:		0x3e7 	Linked Logon ID:		0x0 	Network Account Name:	- 	Network Account Domain:	- ... | LogName=Unknown, Source=Microsoft-Windows-Security-Auditing, EventId=4624, EntryType=SuccessAudit, TimeGenerated=2025-12-29 23:13:32.000
[2026-01-07 19:08:49.429] [Info] [Microsoft-Windows-Security-Auditing] Special privileges assigned to new logon.  Subject: 	Security ID:		S-1-5-18 	Account Name:		SYSTEM 	Account Domain:		NT AUTHORITY 	Logon ID:		0x3e7  Privileges:		SeAssignPrimaryTokenPrivilege 			SeTcbPrivilege 			SeSecurityPrivilege 			SeTakeOwnershipPrivilege 			SeLoadDriverPrivilege 			SeBackupPrivilege 			SeRestorePrivilege 			SeDebugPrivilege 			SeAuditPrivilege 			SeSystemEnvironmentPrivilege 			SeImpersonatePrivilege 			SeDelegateSessionUserImpersonatePrivilege | LogName=Unknown, Source=Microsoft-Windows-Security-Auditing, EventId=4672, EntryType=SuccessAudit, TimeGenerated=2025-12-29 23:13:32.000
[2026-01-07 19:08:49.429] [Info] [Microsoft-Windows-Security-Auditing] Key file operation.  Subject: 	Security ID:		S-1-5-18 	Account Name:		ROG_MAHDI$ 	Account Domain:		WORKGROUP 	Logon ID:		0x3e7  Process Information: 	Process ID:		14976 	Process Creation Time:	2025-12-29T19:47:55.5136181Z  Cryptographic Parameters: 	Provider Name:	Microsoft Software Key Storage Provider 	Algorithm Name:	UNKNOWN 	Key Name:	Google Chromekey1 	Key Type:	%%2500  Key File Operation Information: 	File Path:	C:\ProgramData\Microsoft\Crypto\SystemKeys\7096db7aeb75c0d3497ecd56d355a695_d4... | LogName=Unknown, Source=Microsoft-Windows-Security-Auditing, EventId=5058, EntryType=SuccessAudit, TimeGenerated=2025-12-29 23:17:55.000
[2026-01-07 19:08:49.430] [Info] [Microsoft-Windows-Security-Auditing] Cryptographic operation.  Subject: 	Security ID:		S-1-5-18 	Account Name:		ROG_MAHDI$ 	Account Domain:		WORKGROUP 	Logon ID:		0x3e7  Cryptographic Parameters: 	Provider Name:	Microsoft Software Key Storage Provider 	Algorithm Name:	AES 	Key Name:	Google Chromekey1 	Key Type:	%%2500  Cryptographic Operation: 	Operation:	%%2480 	Return Code:	0x0 | LogName=Unknown, Source=Microsoft-Windows-Security-Auditing, EventId=5061, EntryType=SuccessAudit, TimeGenerated=2025-12-29 23:17:55.000
[2026-01-07 19:08:49.430] [Info] [Microsoft-Windows-Security-Auditing] An account was successfully logged on.  Subject: 	Security ID:		S-1-5-18 	Account Name:		ROG_MAHDI$ 	Account Domain:		WORKGROUP 	Logon ID:		0x3e7  Logon Information: 	Logon Type:		5 	Restricted Admin Mode:	- 	Remote Credential Guard:	- 	Virtual Account:		%%1843 	Elevated Token:		%%1842  Impersonation Level:		%%1833  New Logon: 	Security ID:		S-1-5-18 	Account Name:		SYSTEM 	Account Domain:		NT AUTHORITY 	Logon ID:		0x3e7 	Linked Logon ID:		0x0 	Network Account Name:	- 	Network Account Domain:	- ... | LogName=Unknown, Source=Microsoft-Windows-Security-Auditing, EventId=4624, EntryType=SuccessAudit, TimeGenerated=2025-12-29 23:17:58.000
[2026-01-07 19:08:49.430] [Info] [Microsoft-Windows-Security-Auditing] Special privileges assigned to new logon.  Subject: 	Security ID:		S-1-5-18 	Account Name:		SYSTEM 	Account Domain:		NT AUTHORITY 	Logon ID:		0x3e7  Privileges:		SeAssignPrimaryTokenPrivilege 			SeTcbPrivilege 			SeSecurityPrivilege 			SeTakeOwnershipPrivilege 			SeLoadDriverPrivilege 			SeBackupPrivilege 			SeRestorePrivilege 			SeDebugPrivilege 			SeAuditPrivilege 			SeSystemEnvironmentPrivilege 			SeImpersonatePrivilege 			SeDelegateSessionUserImpersonatePrivilege | LogName=Unknown, Source=Microsoft-Windows-Security-Auditing, EventId=4672, EntryType=SuccessAudit, TimeGenerated=2025-12-29 23:17:58.000
[2026-01-07 19:08:49.430] [Info] [Microsoft-Windows-Security-Auditing] Key file operation.  Subject: 	Security ID:		S-1-5-21-1560790212-1407658851-3379816254-1002 	Account Name:		Morph 	Account Domain:		ROG_Mahdi 	Logon ID:		0x749b1d6  Process Information: 	Process ID:		6160 	Process Creation Time:	2025-12-29T19:47:55.3590442Z  Cryptographic Parameters: 	Provider Name:	Microsoft Software Key Storage Provider 	Algorithm Name:	ECDSA_P256 	Key Name:	ChromeMetricsTestKey 	Key Type:	%%2500  Key File Operation Information: 	File Path:	C:\Users\Morph\AppData\Roaming\Micro... | LogName=Unknown, Source=Microsoft-Windows-Security-Auditing, EventId=5058, EntryType=SuccessAudit, TimeGenerated=2025-12-29 23:17:58.000
[2026-01-07 19:08:49.430] [Info] [Microsoft-Windows-Security-Auditing] Cryptographic operation.  Subject: 	Security ID:		S-1-5-21-1560790212-1407658851-3379816254-1002 	Account Name:		Morph 	Account Domain:		ROG_Mahdi 	Logon ID:		0x749b1d6  Cryptographic Parameters: 	Provider Name:	Microsoft Software Key Storage Provider 	Algorithm Name:	ECDSA_P256 	Key Name:	ChromeMetricsTestKey 	Key Type:	%%2500  Cryptographic Operation: 	Operation:	%%2481 	Return Code:	0x0 | LogName=Unknown, Source=Microsoft-Windows-Security-Auditing, EventId=5061, EntryType=SuccessAudit, TimeGenerated=2025-12-29 23:17:58.000
[2026-01-07 19:08:49.430] [Info] [Microsoft-Windows-Security-Auditing] Key migration operation.  Subject: 	Security ID:		S-1-5-21-1560790212-1407658851-3379816254-1002 	Account Name:		Morph 	Account Domain:		ROG_Mahdi 	Logon ID:		0x749b1d6  Process Information: 	Process ID:		6160 	Process Creation Time:	2025-12-29T19:47:55.3590442Z  Cryptographic Parameters: 	Provider Name:	Microsoft Software Key Storage Provider 	Algorithm Name:	ECDSA_P256 	Key Name:	ChromeMetricsTestKey 	Key Type:	%%2500  Additional Information: 	Operation:	%%2464 	Return Code:	0x0 | LogName=Unknown, Source=Microsoft-Windows-Security-Auditing, EventId=5059, EntryType=SuccessAudit, TimeGenerated=2025-12-29 23:17:58.000
[2026-01-07 19:08:49.430] [Info] [Microsoft-Windows-Security-Auditing] An account was successfully logged on.  Subject: 	Security ID:		S-1-5-18 	Account Name:		ROG_MAHDI$ 	Account Domain:		WORKGROUP 	Logon ID:		0x3e7  Logon Information: 	Logon Type:		5 	Restricted Admin Mode:	- 	Remote Credential Guard:	- 	Virtual Account:		%%1843 	Elevated Token:		%%1842  Impersonation Level:		%%1833  New Logon: 	Security ID:		S-1-5-18 	Account Name:		SYSTEM 	Account Domain:		NT AUTHORITY 	Logon ID:		0x3e7 	Linked Logon ID:		0x0 	Network Account Name:	- 	Network Account Domain:	- ... | LogName=Unknown, Source=Microsoft-Windows-Security-Auditing, EventId=4624, EntryType=SuccessAudit, TimeGenerated=2025-12-29 23:22:38.000
[2026-01-07 19:08:49.430] [Info] [Microsoft-Windows-Security-Auditing] Special privileges assigned to new logon.  Subject: 	Security ID:		S-1-5-18 	Account Name:		SYSTEM 	Account Domain:		NT AUTHORITY 	Logon ID:		0x3e7  Privileges:		SeAssignPrimaryTokenPrivilege 			SeTcbPrivilege 			SeSecurityPrivilege 			SeTakeOwnershipPrivilege 			SeLoadDriverPrivilege 			SeBackupPrivilege 			SeRestorePrivilege 			SeDebugPrivilege 			SeAuditPrivilege 			SeSystemEnvironmentPrivilege 			SeImpersonatePrivilege 			SeDelegateSessionUserImpersonatePrivilege | LogName=Unknown, Source=Microsoft-Windows-Security-Auditing, EventId=4672, EntryType=SuccessAudit, TimeGenerated=2025-12-29 23:22:38.000
[2026-01-07 19:08:49.430] [Info] [Microsoft-Windows-Security-Auditing] A user's local group membership was enumerated.  Subject: 	Security ID:		S-1-5-21-1560790212-1407658851-3379816254-1002 	Account Name:		Morph 	Account Domain:		ROG_Mahdi 	Logon ID:		0x749b1d6  User: 	Security ID:		S-1-5-21-1560790212-1407658851-3379816254-500 	Account Name:		Administrator 	Account Domain:		ROG_Mahdi  Process Information: 	Process ID:		0x5f80 	Process Name:		C:\Windows\System32\taskhostw.exe | LogName=Unknown, Source=Microsoft-Windows-Security-Auditing, EventId=4798, EntryType=SuccessAudit, TimeGenerated=2025-12-29 23:22:38.000
[2026-01-07 19:08:49.430] [Info] [Microsoft-Windows-Security-Auditing] Credential Manager credentials were read.  Subject: 	Security ID:		S-1-5-18 	Account Name:		ROG_MAHDI$ 	Account Domain:		WORKGROUP 	Logon ID:		0x3e7 	Read Operation:		%%8100  This event occurs when a user performs a read operation on stored credentials in Credential Manager. | LogName=Unknown, Source=Microsoft-Windows-Security-Auditing, EventId=5379, EntryType=SuccessAudit, TimeGenerated=2025-12-29 23:22:38.000
[2026-01-07 19:08:49.430] [Info] [Microsoft-Windows-Security-Auditing] An account was successfully logged on.  Subject: 	Security ID:		S-1-5-18 	Account Name:		ROG_MAHDI$ 	Account Domain:		WORKGROUP 	Logon ID:		0x3e7  Logon Information: 	Logon Type:		5 	Restricted Admin Mode:	- 	Remote Credential Guard:	- 	Virtual Account:		%%1843 	Elevated Token:		%%1842  Impersonation Level:		%%1833  New Logon: 	Security ID:		S-1-5-18 	Account Name:		SYSTEM 	Account Domain:		NT AUTHORITY 	Logon ID:		0x3e7 	Linked Logon ID:		0x0 	Network Account Name:	- 	Network Account Domain:	- ... | LogName=Unknown, Source=Microsoft-Windows-Security-Auditing, EventId=4624, EntryType=SuccessAudit, TimeGenerated=2025-12-29 23:22:39.000
[2026-01-07 19:08:49.430] [Info] [Microsoft-Windows-Security-Auditing] Special privileges assigned to new logon.  Subject: 	Security ID:		S-1-5-18 	Account Name:		SYSTEM 	Account Domain:		NT AUTHORITY 	Logon ID:		0x3e7  Privileges:		SeAssignPrimaryTokenPrivilege 			SeTcbPrivilege 			SeSecurityPrivilege 			SeTakeOwnershipPrivilege 			SeLoadDriverPrivilege 			SeBackupPrivilege 			SeRestorePrivilege 			SeDebugPrivilege 			SeAuditPrivilege 			SeSystemEnvironmentPrivilege 			SeImpersonatePrivilege 			SeDelegateSessionUserImpersonatePrivilege | LogName=Unknown, Source=Microsoft-Windows-Security-Auditing, EventId=4672, EntryType=SuccessAudit, TimeGenerated=2025-12-29 23:22:39.000
[2026-01-07 19:08:49.431] [Info] [Microsoft-Windows-Security-Auditing] An account was successfully logged on.  Subject: 	Security ID:		S-1-5-18 	Account Name:		ROG_MAHDI$ 	Account Domain:		WORKGROUP 	Logon ID:		0x3e7  Logon Information: 	Logon Type:		5 	Restricted Admin Mode:	- 	Remote Credential Guard:	- 	Virtual Account:		%%1843 	Elevated Token:		%%1842  Impersonation Level:		%%1833  New Logon: 	Security ID:		S-1-5-18 	Account Name:		SYSTEM 	Account Domain:		NT AUTHORITY 	Logon ID:		0x3e7 	Linked Logon ID:		0x0 	Network Account Name:	- 	Network Account Domain:	- ... | LogName=Unknown, Source=Microsoft-Windows-Security-Auditing, EventId=4624, EntryType=SuccessAudit, TimeGenerated=2025-12-29 23:26:31.000
[2026-01-07 19:08:49.431] [Info] [Microsoft-Windows-Security-Auditing] Special privileges assigned to new logon.  Subject: 	Security ID:		S-1-5-18 	Account Name:		SYSTEM 	Account Domain:		NT AUTHORITY 	Logon ID:		0x3e7  Privileges:		SeAssignPrimaryTokenPrivilege 			SeTcbPrivilege 			SeSecurityPrivilege 			SeTakeOwnershipPrivilege 			SeLoadDriverPrivilege 			SeBackupPrivilege 			SeRestorePrivilege 			SeDebugPrivilege 			SeAuditPrivilege 			SeSystemEnvironmentPrivilege 			SeImpersonatePrivilege 			SeDelegateSessionUserImpersonatePrivilege | LogName=Unknown, Source=Microsoft-Windows-Security-Auditing, EventId=4672, EntryType=SuccessAudit, TimeGenerated=2025-12-29 23:26:31.000
[2026-01-07 19:08:49.431] [Info] [Microsoft-Windows-Security-Auditing] An account was successfully logged on.  Subject: 	Security ID:		S-1-5-18 	Account Name:		ROG_MAHDI$ 	Account Domain:		WORKGROUP 	Logon ID:		0x3e7  Logon Information: 	Logon Type:		5 	Restricted Admin Mode:	- 	Remote Credential Guard:	- 	Virtual Account:		%%1843 	Elevated Token:		%%1842  Impersonation Level:		%%1833  New Logon: 	Security ID:		S-1-5-18 	Account Name:		SYSTEM 	Account Domain:		NT AUTHORITY 	Logon ID:		0x3e7 	Linked Logon ID:		0x0 	Network Account Name:	- 	Network Account Domain:	- ... | LogName=Unknown, Source=Microsoft-Windows-Security-Auditing, EventId=4624, EntryType=SuccessAudit, TimeGenerated=2025-12-29 23:28:20.000
[2026-01-07 19:08:49.431] [Info] [Microsoft-Windows-Security-Auditing] Special privileges assigned to new logon.  Subject: 	Security ID:		S-1-5-18 	Account Name:		SYSTEM 	Account Domain:		NT AUTHORITY 	Logon ID:		0x3e7  Privileges:		SeAssignPrimaryTokenPrivilege 			SeTcbPrivilege 			SeSecurityPrivilege 			SeTakeOwnershipPrivilege 			SeLoadDriverPrivilege 			SeBackupPrivilege 			SeRestorePrivilege 			SeDebugPrivilege 			SeAuditPrivilege 			SeSystemEnvironmentPrivilege 			SeImpersonatePrivilege 			SeDelegateSessionUserImpersonatePrivilege | LogName=Unknown, Source=Microsoft-Windows-Security-Auditing, EventId=4672, EntryType=SuccessAudit, TimeGenerated=2025-12-29 23:28:20.000
[2026-01-07 19:08:49.431] [Info] [Microsoft-Windows-Security-Auditing] An account was successfully logged on.  Subject: 	Security ID:		S-1-5-18 	Account Name:		ROG_MAHDI$ 	Account Domain:		WORKGROUP 	Logon ID:		0x3e7  Logon Information: 	Logon Type:		5 	Restricted Admin Mode:	- 	Remote Credential Guard:	- 	Virtual Account:		%%1843 	Elevated Token:		%%1842  Impersonation Level:		%%1833  New Logon: 	Security ID:		S-1-5-18 	Account Name:		SYSTEM 	Account Domain:		NT AUTHORITY 	Logon ID:		0x3e7 	Linked Logon ID:		0x0 	Network Account Name:	- 	Network Account Domain:	- ... | LogName=Unknown, Source=Microsoft-Windows-Security-Auditing, EventId=4624, EntryType=SuccessAudit, TimeGenerated=2025-12-29 23:34:41.000
[2026-01-07 19:08:49.431] [Info] [Microsoft-Windows-Security-Auditing] Special privileges assigned to new logon.  Subject: 	Security ID:		S-1-5-18 	Account Name:		SYSTEM 	Account Domain:		NT AUTHORITY 	Logon ID:		0x3e7  Privileges:		SeAssignPrimaryTokenPrivilege 			SeTcbPrivilege 			SeSecurityPrivilege 			SeTakeOwnershipPrivilege 			SeLoadDriverPrivilege 			SeBackupPrivilege 			SeRestorePrivilege 			SeDebugPrivilege 			SeAuditPrivilege 			SeSystemEnvironmentPrivilege 			SeImpersonatePrivilege 			SeDelegateSessionUserImpersonatePrivilege | LogName=Unknown, Source=Microsoft-Windows-Security-Auditing, EventId=4672, EntryType=SuccessAudit, TimeGenerated=2025-12-29 23:34:41.000
[2026-01-07 19:08:49.431] [Info] [Microsoft-Windows-Security-Auditing] An account was successfully logged on.  Subject: 	Security ID:		S-1-5-18 	Account Name:		ROG_MAHDI$ 	Account Domain:		WORKGROUP 	Logon ID:		0x3e7  Logon Information: 	Logon Type:		5 	Restricted Admin Mode:	- 	Remote Credential Guard:	- 	Virtual Account:		%%1843 	Elevated Token:		%%1842  Impersonation Level:		%%1833  New Logon: 	Security ID:		S-1-5-18 	Account Name:		SYSTEM 	Account Domain:		NT AUTHORITY 	Logon ID:		0x3e7 	Linked Logon ID:		0x0 	Network Account Name:	- 	Network Account Domain:	- ... | LogName=Unknown, Source=Microsoft-Windows-Security-Auditing, EventId=4624, EntryType=SuccessAudit, TimeGenerated=2025-12-29 23:34:47.000
[2026-01-07 19:08:49.431] [Info] [Microsoft-Windows-Security-Auditing] Special privileges assigned to new logon.  Subject: 	Security ID:		S-1-5-18 	Account Name:		SYSTEM 	Account Domain:		NT AUTHORITY 	Logon ID:		0x3e7  Privileges:		SeAssignPrimaryTokenPrivilege 			SeTcbPrivilege 			SeSecurityPrivilege 			SeTakeOwnershipPrivilege 			SeLoadDriverPrivilege 			SeBackupPrivilege 			SeRestorePrivilege 			SeDebugPrivilege 			SeAuditPrivilege 			SeSystemEnvironmentPrivilege 			SeImpersonatePrivilege 			SeDelegateSessionUserImpersonatePrivilege | LogName=Unknown, Source=Microsoft-Windows-Security-Auditing, EventId=4672, EntryType=SuccessAudit, TimeGenerated=2025-12-29 23:34:47.000
[2026-01-07 19:08:49.431] [Info] [Microsoft-Windows-Security-Auditing] Credential Manager credentials were read.  Subject: 	Security ID:		S-1-5-18 	Account Name:		ROG_MAHDI$ 	Account Domain:		WORKGROUP 	Logon ID:		0x3e7 	Read Operation:		%%8100  This event occurs when a user performs a read operation on stored credentials in Credential Manager. | LogName=Unknown, Source=Microsoft-Windows-Security-Auditing, EventId=5379, EntryType=SuccessAudit, TimeGenerated=2025-12-29 23:34:47.000
[2026-01-07 19:08:49.432] [Info] [Microsoft-Windows-Security-Auditing] An account was successfully logged on.  Subject: 	Security ID:		S-1-5-18 	Account Name:		ROG_MAHDI$ 	Account Domain:		WORKGROUP 	Logon ID:		0x3e7  Logon Information: 	Logon Type:		5 	Restricted Admin Mode:	- 	Remote Credential Guard:	- 	Virtual Account:		%%1843 	Elevated Token:		%%1842  Impersonation Level:		%%1833  New Logon: 	Security ID:		S-1-5-18 	Account Name:		SYSTEM 	Account Domain:		NT AUTHORITY 	Logon ID:		0x3e7 	Linked Logon ID:		0x0 	Network Account Name:	- 	Network Account Domain:	- ... | LogName=Unknown, Source=Microsoft-Windows-Security-Auditing, EventId=4624, EntryType=SuccessAudit, TimeGenerated=2025-12-29 23:34:53.000
[2026-01-07 19:08:49.432] [Info] [Microsoft-Windows-Security-Auditing] Special privileges assigned to new logon.  Subject: 	Security ID:		S-1-5-18 	Account Name:		SYSTEM 	Account Domain:		NT AUTHORITY 	Logon ID:		0x3e7  Privileges:		SeAssignPrimaryTokenPrivilege 			SeTcbPrivilege 			SeSecurityPrivilege 			SeTakeOwnershipPrivilege 			SeLoadDriverPrivilege 			SeBackupPrivilege 			SeRestorePrivilege 			SeDebugPrivilege 			SeAuditPrivilege 			SeSystemEnvironmentPrivilege 			SeImpersonatePrivilege 			SeDelegateSessionUserImpersonatePrivilege | LogName=Unknown, Source=Microsoft-Windows-Security-Auditing, EventId=4672, EntryType=SuccessAudit, TimeGenerated=2025-12-29 23:34:53.000
[2026-01-07 19:08:49.432] [Info] [Microsoft-Windows-Security-Auditing] An account was successfully logged on.  Subject: 	Security ID:		S-1-5-18 	Account Name:		ROG_MAHDI$ 	Account Domain:		WORKGROUP 	Logon ID:		0x3e7  Logon Information: 	Logon Type:		5 	Restricted Admin Mode:	- 	Remote Credential Guard:	- 	Virtual Account:		%%1843 	Elevated Token:		%%1842  Impersonation Level:		%%1833  New Logon: 	Security ID:		S-1-5-18 	Account Name:		SYSTEM 	Account Domain:		NT AUTHORITY 	Logon ID:		0x3e7 	Linked Logon ID:		0x0 	Network Account Name:	- 	Network Account Domain:	- ... | LogName=Unknown, Source=Microsoft-Windows-Security-Auditing, EventId=4624, EntryType=SuccessAudit, TimeGenerated=2025-12-29 23:43:21.000
[2026-01-07 19:08:49.432] [Info] [Microsoft-Windows-Security-Auditing] Special privileges assigned to new logon.  Subject: 	Security ID:		S-1-5-18 	Account Name:		SYSTEM 	Account Domain:		NT AUTHORITY 	Logon ID:		0x3e7  Privileges:		SeAssignPrimaryTokenPrivilege 			SeTcbPrivilege 			SeSecurityPrivilege 			SeTakeOwnershipPrivilege 			SeLoadDriverPrivilege 			SeBackupPrivilege 			SeRestorePrivilege 			SeDebugPrivilege 			SeAuditPrivilege 			SeSystemEnvironmentPrivilege 			SeImpersonatePrivilege 			SeDelegateSessionUserImpersonatePrivilege | LogName=Unknown, Source=Microsoft-Windows-Security-Auditing, EventId=4672, EntryType=SuccessAudit, TimeGenerated=2025-12-29 23:43:21.000
[2026-01-07 19:08:49.432] [Info] [Microsoft-Windows-Security-Auditing] An account was successfully logged on.  Subject: 	Security ID:		S-1-5-18 	Account Name:		ROG_MAHDI$ 	Account Domain:		WORKGROUP 	Logon ID:		0x3e7  Logon Information: 	Logon Type:		5 	Restricted Admin Mode:	- 	Remote Credential Guard:	- 	Virtual Account:		%%1843 	Elevated Token:		%%1842  Impersonation Level:		%%1833  New Logon: 	Security ID:		S-1-5-18 	Account Name:		SYSTEM 	Account Domain:		NT AUTHORITY 	Logon ID:		0x3e7 	Linked Logon ID:		0x0 	Network Account Name:	- 	Network Account Domain:	- ... | LogName=Unknown, Source=Microsoft-Windows-Security-Auditing, EventId=4624, EntryType=SuccessAudit, TimeGenerated=2025-12-29 23:48:36.000
[2026-01-07 19:08:49.432] [Info] [Microsoft-Windows-Security-Auditing] Special privileges assigned to new logon.  Subject: 	Security ID:		S-1-5-18 	Account Name:		SYSTEM 	Account Domain:		NT AUTHORITY 	Logon ID:		0x3e7  Privileges:		SeAssignPrimaryTokenPrivilege 			SeTcbPrivilege 			SeSecurityPrivilege 			SeTakeOwnershipPrivilege 			SeLoadDriverPrivilege 			SeBackupPrivilege 			SeRestorePrivilege 			SeDebugPrivilege 			SeAuditPrivilege 			SeSystemEnvironmentPrivilege 			SeImpersonatePrivilege 			SeDelegateSessionUserImpersonatePrivilege | LogName=Unknown, Source=Microsoft-Windows-Security-Auditing, EventId=4672, EntryType=SuccessAudit, TimeGenerated=2025-12-29 23:48:36.000
[2026-01-07 19:08:49.432] [Info] [Microsoft-Windows-Security-Auditing] An attempt was made to query the existence of a blank password for an account.  Subject: 	Security ID:		S-1-5-21-1560790212-1407658851-3379816254-1002 	Account Name:		Morph 	Account Domain:		ROG_Mahdi 	Logon ID:		0x749b1d6  Additional Information: 	Caller Workstation:	ROG_MAHDI 	Target Account Name:	Administrator 	Target Account Domain:	ROG_Mahdi | LogName=Unknown, Source=Microsoft-Windows-Security-Auditing, EventId=4797, EntryType=SuccessAudit, TimeGenerated=2025-12-29 23:51:20.000
[2026-01-07 19:08:49.432] [Info] [Microsoft-Windows-Security-Auditing] An account was successfully logged on.  Subject: 	Security ID:		S-1-5-18 	Account Name:		ROG_MAHDI$ 	Account Domain:		WORKGROUP 	Logon ID:		0x3e7  Logon Information: 	Logon Type:		5 	Restricted Admin Mode:	- 	Remote Credential Guard:	- 	Virtual Account:		%%1843 	Elevated Token:		%%1842  Impersonation Level:		%%1833  New Logon: 	Security ID:		S-1-5-18 	Account Name:		SYSTEM 	Account Domain:		NT AUTHORITY 	Logon ID:		0x3e7 	Linked Logon ID:		0x0 	Network Account Name:	- 	Network Account Domain:	- ... | LogName=Unknown, Source=Microsoft-Windows-Security-Auditing, EventId=4624, EntryType=SuccessAudit, TimeGenerated=2025-12-29 23:51:20.000
[2026-01-07 19:08:49.432] [Info] [Microsoft-Windows-Security-Auditing] Special privileges assigned to new logon.  Subject: 	Security ID:		S-1-5-18 	Account Name:		SYSTEM 	Account Domain:		NT AUTHORITY 	Logon ID:		0x3e7  Privileges:		SeAssignPrimaryTokenPrivilege 			SeTcbPrivilege 			SeSecurityPrivilege 			SeTakeOwnershipPrivilege 			SeLoadDriverPrivilege 			SeBackupPrivilege 			SeRestorePrivilege 			SeDebugPrivilege 			SeAuditPrivilege 			SeSystemEnvironmentPrivilege 			SeImpersonatePrivilege 			SeDelegateSessionUserImpersonatePrivilege | LogName=Unknown, Source=Microsoft-Windows-Security-Auditing, EventId=4672, EntryType=SuccessAudit, TimeGenerated=2025-12-29 23:51:20.000
[2026-01-07 19:08:49.432] [Info] [Microsoft-Windows-Security-Auditing] A user's local group membership was enumerated.  Subject: 	Security ID:		S-1-5-21-1560790212-1407658851-3379816254-1002 	Account Name:		Morph 	Account Domain:		ROG_Mahdi 	Logon ID:		0x749b1d6  User: 	Security ID:		S-1-5-21-1560790212-1407658851-3379816254-1001 	Account Name:		llsma 	Account Domain:		ROG_Mahdi  Process Information: 	Process ID:		0x4904 	Process Name:		C:\Windows\explorer.exe | LogName=Unknown, Source=Microsoft-Windows-Security-Auditing, EventId=4798, EntryType=SuccessAudit, TimeGenerated=2025-12-29 23:51:20.000
[2026-01-07 19:08:49.432] [Info] [Microsoft-Windows-Security-Auditing] Credential Manager credentials were read.  Subject: 	Security ID:		S-1-5-18 	Account Name:		ROG_MAHDI$ 	Account Domain:		WORKGROUP 	Logon ID:		0x3e7 	Read Operation:		%%8100  This event occurs when a user performs a read operation on stored credentials in Credential Manager. | LogName=Unknown, Source=Microsoft-Windows-Security-Auditing, EventId=5379, EntryType=SuccessAudit, TimeGenerated=2025-12-29 23:51:20.000
[2026-01-07 19:08:49.432] [Info] [Microsoft-Windows-Security-Auditing] An account was successfully logged on.  Subject: 	Security ID:		S-1-5-18 	Account Name:		ROG_MAHDI$ 	Account Domain:		WORKGROUP 	Logon ID:		0x3e7  Logon Information: 	Logon Type:		5 	Restricted Admin Mode:	- 	Remote Credential Guard:	- 	Virtual Account:		%%1843 	Elevated Token:		%%1842  Impersonation Level:		%%1833  New Logon: 	Security ID:		S-1-5-18 	Account Name:		SYSTEM 	Account Domain:		NT AUTHORITY 	Logon ID:		0x3e7 	Linked Logon ID:		0x0 	Network Account Name:	- 	Network Account Domain:	- ... | LogName=Unknown, Source=Microsoft-Windows-Security-Auditing, EventId=4624, EntryType=SuccessAudit, TimeGenerated=2025-12-29 23:58:21.000
[2026-01-07 19:08:49.432] [Info] [Microsoft-Windows-Security-Auditing] Special privileges assigned to new logon.  Subject: 	Security ID:		S-1-5-18 	Account Name:		SYSTEM 	Account Domain:		NT AUTHORITY 	Logon ID:		0x3e7  Privileges:		SeAssignPrimaryTokenPrivilege 			SeTcbPrivilege 			SeSecurityPrivilege 			SeTakeOwnershipPrivilege 			SeLoadDriverPrivilege 			SeBackupPrivilege 			SeRestorePrivilege 			SeDebugPrivilege 			SeAuditPrivilege 			SeSystemEnvironmentPrivilege 			SeImpersonatePrivilege 			SeDelegateSessionUserImpersonatePrivilege | LogName=Unknown, Source=Microsoft-Windows-Security-Auditing, EventId=4672, EntryType=SuccessAudit, TimeGenerated=2025-12-29 23:58:21.000
[2026-01-07 19:08:49.433] [Info] [Microsoft-Windows-Security-Auditing] An account was successfully logged on.  Subject: 	Security ID:		S-1-5-18 	Account Name:		ROG_MAHDI$ 	Account Domain:		WORKGROUP 	Logon ID:		0x3e7  Logon Information: 	Logon Type:		5 	Restricted Admin Mode:	- 	Remote Credential Guard:	- 	Virtual Account:		%%1843 	Elevated Token:		%%1842  Impersonation Level:		%%1833  New Logon: 	Security ID:		S-1-5-18 	Account Name:		SYSTEM 	Account Domain:		NT AUTHORITY 	Logon ID:		0x3e7 	Linked Logon ID:		0x0 	Network Account Name:	- 	Network Account Domain:	- ... | LogName=Unknown, Source=Microsoft-Windows-Security-Auditing, EventId=4624, EntryType=SuccessAudit, TimeGenerated=2025-12-30 00:03:24.000
[2026-01-07 19:08:49.433] [Info] [Microsoft-Windows-Security-Auditing] Special privileges assigned to new logon.  Subject: 	Security ID:		S-1-5-18 	Account Name:		SYSTEM 	Account Domain:		NT AUTHORITY 	Logon ID:		0x3e7  Privileges:		SeAssignPrimaryTokenPrivilege 			SeTcbPrivilege 			SeSecurityPrivilege 			SeTakeOwnershipPrivilege 			SeLoadDriverPrivilege 			SeBackupPrivilege 			SeRestorePrivilege 			SeDebugPrivilege 			SeAuditPrivilege 			SeSystemEnvironmentPrivilege 			SeImpersonatePrivilege 			SeDelegateSessionUserImpersonatePrivilege | LogName=Unknown, Source=Microsoft-Windows-Security-Auditing, EventId=4672, EntryType=SuccessAudit, TimeGenerated=2025-12-30 00:03:24.000
[2026-01-07 19:08:49.433] [Info] [Microsoft-Windows-Security-Auditing] An account was successfully logged on.  Subject: 	Security ID:		S-1-5-18 	Account Name:		ROG_MAHDI$ 	Account Domain:		WORKGROUP 	Logon ID:		0x3e7  Logon Information: 	Logon Type:		5 	Restricted Admin Mode:	- 	Remote Credential Guard:	- 	Virtual Account:		%%1843 	Elevated Token:		%%1842  Impersonation Level:		%%1833  New Logon: 	Security ID:		S-1-5-18 	Account Name:		SYSTEM 	Account Domain:		NT AUTHORITY 	Logon ID:		0x3e7 	Linked Logon ID:		0x0 	Network Account Name:	- 	Network Account Domain:	- ... | LogName=Unknown, Source=Microsoft-Windows-Security-Auditing, EventId=4624, EntryType=SuccessAudit, TimeGenerated=2025-12-30 00:04:20.000
[2026-01-07 19:08:49.433] [Info] [Microsoft-Windows-Security-Auditing] Special privileges assigned to new logon.  Subject: 	Security ID:		S-1-5-18 	Account Name:		SYSTEM 	Account Domain:		NT AUTHORITY 	Logon ID:		0x3e7  Privileges:		SeAssignPrimaryTokenPrivilege 			SeTcbPrivilege 			SeSecurityPrivilege 			SeTakeOwnershipPrivilege 			SeLoadDriverPrivilege 			SeBackupPrivilege 			SeRestorePrivilege 			SeDebugPrivilege 			SeAuditPrivilege 			SeSystemEnvironmentPrivilege 			SeImpersonatePrivilege 			SeDelegateSessionUserImpersonatePrivilege | LogName=Unknown, Source=Microsoft-Windows-Security-Auditing, EventId=4672, EntryType=SuccessAudit, TimeGenerated=2025-12-30 00:04:20.000
[2026-01-07 19:08:49.433] [Info] [Microsoft-Windows-Security-Auditing] An account was successfully logged on.  Subject: 	Security ID:		S-1-5-18 	Account Name:		ROG_MAHDI$ 	Account Domain:		WORKGROUP 	Logon ID:		0x3e7  Logon Information: 	Logon Type:		5 	Restricted Admin Mode:	- 	Remote Credential Guard:	- 	Virtual Account:		%%1843 	Elevated Token:		%%1842  Impersonation Level:		%%1833  New Logon: 	Security ID:		S-1-5-18 	Account Name:		SYSTEM 	Account Domain:		NT AUTHORITY 	Logon ID:		0x3e7 	Linked Logon ID:		0x0 	Network Account Name:	- 	Network Account Domain:	- ... | LogName=Unknown, Source=Microsoft-Windows-Security-Auditing, EventId=4624, EntryType=SuccessAudit, TimeGenerated=2025-12-30 00:06:01.000
[2026-01-07 19:08:49.433] [Info] [Microsoft-Windows-Security-Auditing] Special privileges assigned to new logon.  Subject: 	Security ID:		S-1-5-18 	Account Name:		SYSTEM 	Account Domain:		NT AUTHORITY 	Logon ID:		0x3e7  Privileges:		SeAssignPrimaryTokenPrivilege 			SeTcbPrivilege 			SeSecurityPrivilege 			SeTakeOwnershipPrivilege 			SeLoadDriverPrivilege 			SeBackupPrivilege 			SeRestorePrivilege 			SeDebugPrivilege 			SeAuditPrivilege 			SeSystemEnvironmentPrivilege 			SeImpersonatePrivilege 			SeDelegateSessionUserImpersonatePrivilege | LogName=Unknown, Source=Microsoft-Windows-Security-Auditing, EventId=4672, EntryType=SuccessAudit, TimeGenerated=2025-12-30 00:06:01.000
[2026-01-07 19:08:49.433] [Info] [Microsoft-Windows-Security-Auditing] An account was successfully logged on.  Subject: 	Security ID:		S-1-5-18 	Account Name:		ROG_MAHDI$ 	Account Domain:		WORKGROUP 	Logon ID:		0x3e7  Logon Information: 	Logon Type:		5 	Restricted Admin Mode:	- 	Remote Credential Guard:	- 	Virtual Account:		%%1843 	Elevated Token:		%%1842  Impersonation Level:		%%1833  New Logon: 	Security ID:		S-1-5-18 	Account Name:		SYSTEM 	Account Domain:		NT AUTHORITY 	Logon ID:		0x3e7 	Linked Logon ID:		0x0 	Network Account Name:	- 	Network Account Domain:	- ... | LogName=Unknown, Source=Microsoft-Windows-Security-Auditing, EventId=4624, EntryType=SuccessAudit, TimeGenerated=2025-12-30 00:06:03.000
[2026-01-07 19:08:49.433] [Info] [Microsoft-Windows-Security-Auditing] Special privileges assigned to new logon.  Subject: 	Security ID:		S-1-5-18 	Account Name:		SYSTEM 	Account Domain:		NT AUTHORITY 	Logon ID:		0x3e7  Privileges:		SeAssignPrimaryTokenPrivilege 			SeTcbPrivilege 			SeSecurityPrivilege 			SeTakeOwnershipPrivilege 			SeLoadDriverPrivilege 			SeBackupPrivilege 			SeRestorePrivilege 			SeDebugPrivilege 			SeAuditPrivilege 			SeSystemEnvironmentPrivilege 			SeImpersonatePrivilege 			SeDelegateSessionUserImpersonatePrivilege | LogName=Unknown, Source=Microsoft-Windows-Security-Auditing, EventId=4672, EntryType=SuccessAudit, TimeGenerated=2025-12-30 00:06:03.000
[2026-01-07 19:08:49.433] [Info] [Microsoft-Windows-Security-Auditing] An account was successfully logged on.  Subject: 	Security ID:		S-1-5-18 	Account Name:		ROG_MAHDI$ 	Account Domain:		WORKGROUP 	Logon ID:		0x3e7  Logon Information: 	Logon Type:		5 	Restricted Admin Mode:	- 	Remote Credential Guard:	- 	Virtual Account:		%%1843 	Elevated Token:		%%1842  Impersonation Level:		%%1833  New Logon: 	Security ID:		S-1-5-18 	Account Name:		SYSTEM 	Account Domain:		NT AUTHORITY 	Logon ID:		0x3e7 	Linked Logon ID:		0x0 	Network Account Name:	- 	Network Account Domain:	- ... | LogName=Unknown, Source=Microsoft-Windows-Security-Auditing, EventId=4624, EntryType=SuccessAudit, TimeGenerated=2025-12-30 00:06:46.000
[2026-01-07 19:08:49.433] [Info] [Microsoft-Windows-Security-Auditing] Special privileges assigned to new logon.  Subject: 	Security ID:		S-1-5-18 	Account Name:		SYSTEM 	Account Domain:		NT AUTHORITY 	Logon ID:		0x3e7  Privileges:		SeAssignPrimaryTokenPrivilege 			SeTcbPrivilege 			SeSecurityPrivilege 			SeTakeOwnershipPrivilege 			SeLoadDriverPrivilege 			SeBackupPrivilege 			SeRestorePrivilege 			SeDebugPrivilege 			SeAuditPrivilege 			SeSystemEnvironmentPrivilege 			SeImpersonatePrivilege 			SeDelegateSessionUserImpersonatePrivilege | LogName=Unknown, Source=Microsoft-Windows-Security-Auditing, EventId=4672, EntryType=SuccessAudit, TimeGenerated=2025-12-30 00:06:46.000
[2026-01-07 19:08:49.434] [Info] [Microsoft-Windows-Security-Auditing] An account was successfully logged on.  Subject: 	Security ID:		S-1-5-18 	Account Name:		ROG_MAHDI$ 	Account Domain:		WORKGROUP 	Logon ID:		0x3e7  Logon Information: 	Logon Type:		5 	Restricted Admin Mode:	- 	Remote Credential Guard:	- 	Virtual Account:		%%1843 	Elevated Token:		%%1842  Impersonation Level:		%%1833  New Logon: 	Security ID:		S-1-5-18 	Account Name:		SYSTEM 	Account Domain:		NT AUTHORITY 	Logon ID:		0x3e7 	Linked Logon ID:		0x0 	Network Account Name:	- 	Network Account Domain:	- ... | LogName=Unknown, Source=Microsoft-Windows-Security-Auditing, EventId=4624, EntryType=SuccessAudit, TimeGenerated=2025-12-30 00:13:21.000
[2026-01-07 19:08:49.434] [Info] [Microsoft-Windows-Security-Auditing] Special privileges assigned to new logon.  Subject: 	Security ID:		S-1-5-18 	Account Name:		SYSTEM 	Account Domain:		NT AUTHORITY 	Logon ID:		0x3e7  Privileges:		SeAssignPrimaryTokenPrivilege 			SeTcbPrivilege 			SeSecurityPrivilege 			SeTakeOwnershipPrivilege 			SeLoadDriverPrivilege 			SeBackupPrivilege 			SeRestorePrivilege 			SeDebugPrivilege 			SeAuditPrivilege 			SeSystemEnvironmentPrivilege 			SeImpersonatePrivilege 			SeDelegateSessionUserImpersonatePrivilege | LogName=Unknown, Source=Microsoft-Windows-Security-Auditing, EventId=4672, EntryType=SuccessAudit, TimeGenerated=2025-12-30 00:13:21.000
[2026-01-07 19:08:49.434] [Info] [Microsoft-Windows-Security-Auditing] An account was successfully logged on.  Subject: 	Security ID:		S-1-5-18 	Account Name:		ROG_MAHDI$ 	Account Domain:		WORKGROUP 	Logon ID:		0x3e7  Logon Information: 	Logon Type:		5 	Restricted Admin Mode:	- 	Remote Credential Guard:	- 	Virtual Account:		%%1843 	Elevated Token:		%%1842  Impersonation Level:		%%1833  New Logon: 	Security ID:		S-1-5-18 	Account Name:		SYSTEM 	Account Domain:		NT AUTHORITY 	Logon ID:		0x3e7 	Linked Logon ID:		0x0 	Network Account Name:	- 	Network Account Domain:	- ... | LogName=Unknown, Source=Microsoft-Windows-Security-Auditing, EventId=4624, EntryType=SuccessAudit, TimeGenerated=2025-12-30 00:15:22.000
[2026-01-07 19:08:49.434] [Info] [Microsoft-Windows-Security-Auditing] Special privileges assigned to new logon.  Subject: 	Security ID:		S-1-5-18 	Account Name:		SYSTEM 	Account Domain:		NT AUTHORITY 	Logon ID:		0x3e7  Privileges:		SeAssignPrimaryTokenPrivilege 			SeTcbPrivilege 			SeSecurityPrivilege 			SeTakeOwnershipPrivilege 			SeLoadDriverPrivilege 			SeBackupPrivilege 			SeRestorePrivilege 			SeDebugPrivilege 			SeAuditPrivilege 			SeSystemEnvironmentPrivilege 			SeImpersonatePrivilege 			SeDelegateSessionUserImpersonatePrivilege | LogName=Unknown, Source=Microsoft-Windows-Security-Auditing, EventId=4672, EntryType=SuccessAudit, TimeGenerated=2025-12-30 00:15:22.000
[2026-01-07 19:08:49.434] [Info] [Microsoft-Windows-Security-Auditing] Key file operation.  Subject: 	Security ID:		S-1-5-21-1560790212-1407658851-3379816254-1002 	Account Name:		Morph 	Account Domain:		ROG_Mahdi 	Logon ID:		0x749b1d6  Process Information: 	Process ID:		15040 	Process Creation Time:	2025-12-29T20:48:54.0442023Z  Cryptographic Parameters: 	Provider Name:	Microsoft Software Key Storage Provider 	Algorithm Name:	ECDSA_P256 	Key Name:	ChromeMetricsTestKey 	Key Type:	%%2500  Key File Operation Information: 	File Path:	C:\Users\Morph\AppData\Roaming\Micr... | LogName=Unknown, Source=Microsoft-Windows-Security-Auditing, EventId=5058, EntryType=SuccessAudit, TimeGenerated=2025-12-30 00:18:54.000
[2026-01-07 19:08:49.434] [Info] [Microsoft-Windows-Security-Auditing] Cryptographic operation.  Subject: 	Security ID:		S-1-5-21-1560790212-1407658851-3379816254-1002 	Account Name:		Morph 	Account Domain:		ROG_Mahdi 	Logon ID:		0x749b1d6  Cryptographic Parameters: 	Provider Name:	Microsoft Software Key Storage Provider 	Algorithm Name:	ECDSA_P256 	Key Name:	ChromeMetricsTestKey 	Key Type:	%%2500  Cryptographic Operation: 	Operation:	%%2481 	Return Code:	0x0 | LogName=Unknown, Source=Microsoft-Windows-Security-Auditing, EventId=5061, EntryType=SuccessAudit, TimeGenerated=2025-12-30 00:18:54.000
[2026-01-07 19:08:49.434] [Info] [Microsoft-Windows-Security-Auditing] Key migration operation.  Subject: 	Security ID:		S-1-5-21-1560790212-1407658851-3379816254-1002 	Account Name:		Morph 	Account Domain:		ROG_Mahdi 	Logon ID:		0x749b1d6  Process Information: 	Process ID:		15040 	Process Creation Time:	2025-12-29T20:48:54.0442023Z  Cryptographic Parameters: 	Provider Name:	Microsoft Software Key Storage Provider 	Algorithm Name:	ECDSA_P256 	Key Name:	ChromeMetricsTestKey 	Key Type:	%%2500  Additional Information: 	Operation:	%%2464 	Return Code:	0x0 | LogName=Unknown, Source=Microsoft-Windows-Security-Auditing, EventId=5059, EntryType=SuccessAudit, TimeGenerated=2025-12-30 00:18:54.000
[2026-01-07 19:08:49.434] [Info] [Microsoft-Windows-Security-Auditing] An account was successfully logged on.  Subject: 	Security ID:		S-1-5-18 	Account Name:		ROG_MAHDI$ 	Account Domain:		WORKGROUP 	Logon ID:		0x3e7  Logon Information: 	Logon Type:		5 	Restricted Admin Mode:	- 	Remote Credential Guard:	- 	Virtual Account:		%%1843 	Elevated Token:		%%1842  Impersonation Level:		%%1833  New Logon: 	Security ID:		S-1-5-18 	Account Name:		SYSTEM 	Account Domain:		NT AUTHORITY 	Logon ID:		0x3e7 	Linked Logon ID:		0x0 	Network Account Name:	- 	Network Account Domain:	- ... | LogName=Unknown, Source=Microsoft-Windows-Security-Auditing, EventId=4624, EntryType=SuccessAudit, TimeGenerated=2025-12-30 00:18:55.000
[2026-01-07 19:08:49.434] [Info] [Microsoft-Windows-Security-Auditing] Special privileges assigned to new logon.  Subject: 	Security ID:		S-1-5-18 	Account Name:		SYSTEM 	Account Domain:		NT AUTHORITY 	Logon ID:		0x3e7  Privileges:		SeAssignPrimaryTokenPrivilege 			SeTcbPrivilege 			SeSecurityPrivilege 			SeTakeOwnershipPrivilege 			SeLoadDriverPrivilege 			SeBackupPrivilege 			SeRestorePrivilege 			SeDebugPrivilege 			SeAuditPrivilege 			SeSystemEnvironmentPrivilege 			SeImpersonatePrivilege 			SeDelegateSessionUserImpersonatePrivilege | LogName=Unknown, Source=Microsoft-Windows-Security-Auditing, EventId=4672, EntryType=SuccessAudit, TimeGenerated=2025-12-30 00:18:55.000
[2026-01-07 19:08:49.434] [Info] [Microsoft-Windows-Security-Auditing] An account was successfully logged on.  Subject: 	Security ID:		S-1-5-18 	Account Name:		ROG_MAHDI$ 	Account Domain:		WORKGROUP 	Logon ID:		0x3e7  Logon Information: 	Logon Type:		5 	Restricted Admin Mode:	- 	Remote Credential Guard:	- 	Virtual Account:		%%1843 	Elevated Token:		%%1842  Impersonation Level:		%%1833  New Logon: 	Security ID:		S-1-5-18 	Account Name:		SYSTEM 	Account Domain:		NT AUTHORITY 	Logon ID:		0x3e7 	Linked Logon ID:		0x0 	Network Account Name:	- 	Network Account Domain:	- ... | LogName=Unknown, Source=Microsoft-Windows-Security-Auditing, EventId=4624, EntryType=SuccessAudit, TimeGenerated=2025-12-30 00:18:57.000
[2026-01-07 19:08:49.434] [Info] [Microsoft-Windows-Security-Auditing] Special privileges assigned to new logon.  Subject: 	Security ID:		S-1-5-18 	Account Name:		SYSTEM 	Account Domain:		NT AUTHORITY 	Logon ID:		0x3e7  Privileges:		SeAssignPrimaryTokenPrivilege 			SeTcbPrivilege 			SeSecurityPrivilege 			SeTakeOwnershipPrivilege 			SeLoadDriverPrivilege 			SeBackupPrivilege 			SeRestorePrivilege 			SeDebugPrivilege 			SeAuditPrivilege 			SeSystemEnvironmentPrivilege 			SeImpersonatePrivilege 			SeDelegateSessionUserImpersonatePrivilege | LogName=Unknown, Source=Microsoft-Windows-Security-Auditing, EventId=4672, EntryType=SuccessAudit, TimeGenerated=2025-12-30 00:18:57.000
[2026-01-07 19:08:49.434] [Info] [Microsoft-Windows-Security-Auditing] Credential Manager credentials were read.  Subject: 	Security ID:		S-1-5-18 	Account Name:		ROG_MAHDI$ 	Account Domain:		WORKGROUP 	Logon ID:		0x3e7 	Read Operation:		%%8100  This event occurs when a user performs a read operation on stored credentials in Credential Manager. | LogName=Unknown, Source=Microsoft-Windows-Security-Auditing, EventId=5379, EntryType=SuccessAudit, TimeGenerated=2025-12-30 00:18:57.000
[2026-01-07 19:08:49.435] [Info] [Microsoft-Windows-Security-Auditing] An account was successfully logged on.  Subject: 	Security ID:		S-1-5-18 	Account Name:		ROG_MAHDI$ 	Account Domain:		WORKGROUP 	Logon ID:		0x3e7  Logon Information: 	Logon Type:		5 	Restricted Admin Mode:	- 	Remote Credential Guard:	- 	Virtual Account:		%%1843 	Elevated Token:		%%1842  Impersonation Level:		%%1833  New Logon: 	Security ID:		S-1-5-18 	Account Name:		SYSTEM 	Account Domain:		NT AUTHORITY 	Logon ID:		0x3e7 	Linked Logon ID:		0x0 	Network Account Name:	- 	Network Account Domain:	- ... | LogName=Unknown, Source=Microsoft-Windows-Security-Auditing, EventId=4624, EntryType=SuccessAudit, TimeGenerated=2025-12-30 00:20:36.000
[2026-01-07 19:08:49.435] [Info] [Microsoft-Windows-Security-Auditing] Special privileges assigned to new logon.  Subject: 	Security ID:		S-1-5-18 	Account Name:		SYSTEM 	Account Domain:		NT AUTHORITY 	Logon ID:		0x3e7  Privileges:		SeAssignPrimaryTokenPrivilege 			SeTcbPrivilege 			SeSecurityPrivilege 			SeTakeOwnershipPrivilege 			SeLoadDriverPrivilege 			SeBackupPrivilege 			SeRestorePrivilege 			SeDebugPrivilege 			SeAuditPrivilege 			SeSystemEnvironmentPrivilege 			SeImpersonatePrivilege 			SeDelegateSessionUserImpersonatePrivilege | LogName=Unknown, Source=Microsoft-Windows-Security-Auditing, EventId=4672, EntryType=SuccessAudit, TimeGenerated=2025-12-30 00:20:36.000
[2026-01-07 19:08:49.435] [Info] [Microsoft-Windows-Security-Auditing] A security-enabled local group membership was enumerated.  Subject: 	Security ID:		S-1-5-18 	Account Name:		ROG_MAHDI$ 	Account Domain:		WORKGROUP 	Logon ID:		0x3e7  Group: 	Security ID:		S-1-5-32-544 	Group Name:		Administrators 	Group Domain:		Builtin  Process Information: 	Process ID:		0x3ca4 	Process Name:		C:\Windows\System32\svchost.exe | LogName=Unknown, Source=Microsoft-Windows-Security-Auditing, EventId=4799, EntryType=SuccessAudit, TimeGenerated=2025-12-30 00:20:40.000
[2026-01-07 19:08:49.435] [Info] [Microsoft-Windows-Security-Auditing] An account was successfully logged on.  Subject: 	Security ID:		S-1-5-18 	Account Name:		ROG_MAHDI$ 	Account Domain:		WORKGROUP 	Logon ID:		0x3e7  Logon Information: 	Logon Type:		5 	Restricted Admin Mode:	- 	Remote Credential Guard:	- 	Virtual Account:		%%1843 	Elevated Token:		%%1842  Impersonation Level:		%%1833  New Logon: 	Security ID:		S-1-5-18 	Account Name:		SYSTEM 	Account Domain:		NT AUTHORITY 	Logon ID:		0x3e7 	Linked Logon ID:		0x0 	Network Account Name:	- 	Network Account Domain:	- ... | LogName=Unknown, Source=Microsoft-Windows-Security-Auditing, EventId=4624, EntryType=SuccessAudit, TimeGenerated=2025-12-30 00:24:10.000
[2026-01-07 19:08:49.435] [Info] [Microsoft-Windows-Security-Auditing] Special privileges assigned to new logon.  Subject: 	Security ID:		S-1-5-18 	Account Name:		SYSTEM 	Account Domain:		NT AUTHORITY 	Logon ID:		0x3e7  Privileges:		SeAssignPrimaryTokenPrivilege 			SeTcbPrivilege 			SeSecurityPrivilege 			SeTakeOwnershipPrivilege 			SeLoadDriverPrivilege 			SeBackupPrivilege 			SeRestorePrivilege 			SeDebugPrivilege 			SeAuditPrivilege 			SeSystemEnvironmentPrivilege 			SeImpersonatePrivilege 			SeDelegateSessionUserImpersonatePrivilege | LogName=Unknown, Source=Microsoft-Windows-Security-Auditing, EventId=4672, EntryType=SuccessAudit, TimeGenerated=2025-12-30 00:24:10.000
[2026-01-07 19:08:49.435] [Info] [Microsoft-Windows-Security-Auditing] An account was successfully logged on.  Subject: 	Security ID:		S-1-5-18 	Account Name:		ROG_MAHDI$ 	Account Domain:		WORKGROUP 	Logon ID:		0x3e7  Logon Information: 	Logon Type:		5 	Restricted Admin Mode:	- 	Remote Credential Guard:	- 	Virtual Account:		%%1843 	Elevated Token:		%%1842  Impersonation Level:		%%1833  New Logon: 	Security ID:		S-1-5-18 	Account Name:		SYSTEM 	Account Domain:		NT AUTHORITY 	Logon ID:		0x3e7 	Linked Logon ID:		0x0 	Network Account Name:	- 	Network Account Domain:	- ... | LogName=Unknown, Source=Microsoft-Windows-Security-Auditing, EventId=4624, EntryType=SuccessAudit, TimeGenerated=2025-12-30 00:24:12.000
[2026-01-07 19:08:49.435] [Info] [Microsoft-Windows-Security-Auditing] Special privileges assigned to new logon.  Subject: 	Security ID:		S-1-5-18 	Account Name:		SYSTEM 	Account Domain:		NT AUTHORITY 	Logon ID:		0x3e7  Privileges:		SeAssignPrimaryTokenPrivilege 			SeTcbPrivilege 			SeSecurityPrivilege 			SeTakeOwnershipPrivilege 			SeLoadDriverPrivilege 			SeBackupPrivilege 			SeRestorePrivilege 			SeDebugPrivilege 			SeAuditPrivilege 			SeSystemEnvironmentPrivilege 			SeImpersonatePrivilege 			SeDelegateSessionUserImpersonatePrivilege | LogName=Unknown, Source=Microsoft-Windows-Security-Auditing, EventId=4672, EntryType=SuccessAudit, TimeGenerated=2025-12-30 00:24:12.000
