[2026-01-07 19:08:49.447] [Info] [Microsoft-Windows-Security-Auditing] Credential Manager credentials were read.  Subject: 	Security ID:		S-1-5-18 	Account Name:		ROG_MAHDI$ 	Account Domain:		WORKGROUP 	Logon ID:		0x3e7 	Read Operation:		%%8100  This event occurs when a user performs a read operation on stored credentials in Credential Manager. | LogName=Unknown, Source=Microsoft-Windows-Security-Auditing, EventId=5379, EntryType=SuccessAudit, TimeGenerated=2025-12-30 10:56:38.000
[2026-01-07 19:08:49.447] [Info] [Microsoft-Windows-Security-Auditing] Key file operation.  Subject: 	Security ID:		S-1-5-18 	Account Name:		ROG_MAHDI$ 	Account Domain:		WORKGROUP 	Logon ID:		0x3e7  Process Information: 	Process ID:		14980 	Process Creation Time:	2025-12-30T07:28:07.9655969Z  Cryptographic Parameters: 	Provider Name:	Microsoft Software Key Storage Provider 	Algorithm Name:	UNKNOWN 	Key Name:	Google Chromekey1 	Key Type:	%%2500  Key File Operation Information: 	File Path:	C:\ProgramData\Microsoft\Crypto\SystemKeys\7096db7aeb75c0d3497ecd56d355a695_d4... | LogName=Unknown, Source=Microsoft-Windows-Security-Auditing, EventId=5058, EntryType=SuccessAudit, TimeGenerated=2025-12-30 10:58:08.000
[2026-01-07 19:08:49.447] [Info] [Microsoft-Windows-Security-Auditing] Cryptographic operation.  Subject: 	Security ID:		S-1-5-18 	Account Name:		ROG_MAHDI$ 	Account Domain:		WORKGROUP 	Logon ID:		0x3e7  Cryptographic Parameters: 	Provider Name:	Microsoft Software Key Storage Provider 	Algorithm Name:	AES 	Key Name:	Google Chromekey1 	Key Type:	%%2500  Cryptographic Operation: 	Operation:	%%2480 	Return Code:	0x0 | LogName=Unknown, Source=Microsoft-Windows-Security-Auditing, EventId=5061, EntryType=SuccessAudit, TimeGenerated=2025-12-30 10:58:08.000
[2026-01-07 19:08:49.447] [Info] [Microsoft-Windows-Security-Auditing] An account was successfully logged on.  Subject: 	Security ID:		S-1-5-18 	Account Name:		ROG_MAHDI$ 	Account Domain:		WORKGROUP 	Logon ID:		0x3e7  Logon Information: 	Logon Type:		5 	Restricted Admin Mode:	- 	Remote Credential Guard:	- 	Virtual Account:		%%1843 	Elevated Token:		%%1842  Impersonation Level:		%%1833  New Logon: 	Security ID:		S-1-5-18 	Account Name:		SYSTEM 	Account Domain:		NT AUTHORITY 	Logon ID:		0x3e7 	Linked Logon ID:		0x0 	Network Account Name:	- 	Network Account Domain:	- ... | LogName=Unknown, Source=Microsoft-Windows-Security-Auditing, EventId=4624, EntryType=SuccessAudit, TimeGenerated=2025-12-30 10:58:11.000
[2026-01-07 19:08:49.447] [Info] [Microsoft-Windows-Security-Auditing] Special privileges assigned to new logon.  Subject: 	Security ID:		S-1-5-18 	Account Name:		SYSTEM 	Account Domain:		NT AUTHORITY 	Logon ID:		0x3e7  Privileges:		SeAssignPrimaryTokenPrivilege 			SeTcbPrivilege 			SeSecurityPrivilege 			SeTakeOwnershipPrivilege 			SeLoadDriverPrivilege 			SeBackupPrivilege 			SeRestorePrivilege 			SeDebugPrivilege 			SeAuditPrivilege 			SeSystemEnvironmentPrivilege 			SeImpersonatePrivilege 			SeDelegateSessionUserImpersonatePrivilege | LogName=Unknown, Source=Microsoft-Windows-Security-Auditing, EventId=4672, EntryType=SuccessAudit, TimeGenerated=2025-12-30 10:58:11.000
[2026-01-07 19:08:49.447] [Info] [Microsoft-Windows-Security-Auditing] Key file operation.  Subject: 	Security ID:		S-1-5-21-1560790212-1407658851-3379816254-1002 	Account Name:		Morph 	Account Domain:		ROG_Mahdi 	Logon ID:		0x8f6e3f3  Process Information: 	Process ID:		17472 	Process Creation Time:	2025-12-30T07:28:07.7982697Z  Cryptographic Parameters: 	Provider Name:	Microsoft Software Key Storage Provider 	Algorithm Name:	ECDSA_P256 	Key Name:	ChromeMetricsTestKey 	Key Type:	%%2500  Key File Operation Information: 	File Path:	C:\Users\Morph\AppData\Roaming\Micr... | LogName=Unknown, Source=Microsoft-Windows-Security-Auditing, EventId=5058, EntryType=SuccessAudit, TimeGenerated=2025-12-30 10:58:13.000
[2026-01-07 19:08:49.447] [Info] [Microsoft-Windows-Security-Auditing] Cryptographic operation.  Subject: 	Security ID:		S-1-5-21-1560790212-1407658851-3379816254-1002 	Account Name:		Morph 	Account Domain:		ROG_Mahdi 	Logon ID:		0x8f6e3f3  Cryptographic Parameters: 	Provider Name:	Microsoft Software Key Storage Provider 	Algorithm Name:	ECDSA_P256 	Key Name:	ChromeMetricsTestKey 	Key Type:	%%2500  Cryptographic Operation: 	Operation:	%%2481 	Return Code:	0x0 | LogName=Unknown, Source=Microsoft-Windows-Security-Auditing, EventId=5061, EntryType=SuccessAudit, TimeGenerated=2025-12-30 10:58:13.000
[2026-01-07 19:08:49.447] [Info] [Microsoft-Windows-Security-Auditing] Key migration operation.  Subject: 	Security ID:		S-1-5-21-1560790212-1407658851-3379816254-1002 	Account Name:		Morph 	Account Domain:		ROG_Mahdi 	Logon ID:		0x8f6e3f3  Process Information: 	Process ID:		17472 	Process Creation Time:	2025-12-30T07:28:07.7982697Z  Cryptographic Parameters: 	Provider Name:	Microsoft Software Key Storage Provider 	Algorithm Name:	ECDSA_P256 	Key Name:	ChromeMetricsTestKey 	Key Type:	%%2500  Additional Information: 	Operation:	%%2464 	Return Code:	0x0 | LogName=Unknown, Source=Microsoft-Windows-Security-Auditing, EventId=5059, EntryType=SuccessAudit, TimeGenerated=2025-12-30 10:58:13.000
[2026-01-07 19:08:49.447] [Info] [Microsoft-Windows-Security-Auditing] An account was successfully logged on.  Subject: 	Security ID:		S-1-5-18 	Account Name:		ROG_MAHDI$ 	Account Domain:		WORKGROUP 	Logon ID:		0x3e7  Logon Information: 	Logon Type:		5 	Restricted Admin Mode:	- 	Remote Credential Guard:	- 	Virtual Account:		%%1843 	Elevated Token:		%%1842  Impersonation Level:		%%1833  New Logon: 	Security ID:		S-1-5-18 	Account Name:		SYSTEM 	Account Domain:		NT AUTHORITY 	Logon ID:		0x3e7 	Linked Logon ID:		0x0 	Network Account Name:	- 	Network Account Domain:	- ... | LogName=Unknown, Source=Microsoft-Windows-Security-Auditing, EventId=4624, EntryType=SuccessAudit, TimeGenerated=2025-12-30 10:58:40.000
[2026-01-07 19:08:49.447] [Info] [Microsoft-Windows-Security-Auditing] Special privileges assigned to new logon.  Subject: 	Security ID:		S-1-5-18 	Account Name:		SYSTEM 	Account Domain:		NT AUTHORITY 	Logon ID:		0x3e7  Privileges:		SeAssignPrimaryTokenPrivilege 			SeTcbPrivilege 			SeSecurityPrivilege 			SeTakeOwnershipPrivilege 			SeLoadDriverPrivilege 			SeBackupPrivilege 			SeRestorePrivilege 			SeDebugPrivilege 			SeAuditPrivilege 			SeSystemEnvironmentPrivilege 			SeImpersonatePrivilege 			SeDelegateSessionUserImpersonatePrivilege | LogName=Unknown, Source=Microsoft-Windows-Security-Auditing, EventId=4672, EntryType=SuccessAudit, TimeGenerated=2025-12-30 10:58:40.000
[2026-01-07 19:08:49.447] [Info] [Microsoft-Windows-Security-Auditing] An account was successfully logged on.  Subject: 	Security ID:		S-1-5-18 	Account Name:		ROG_MAHDI$ 	Account Domain:		WORKGROUP 	Logon ID:		0x3e7  Logon Information: 	Logon Type:		5 	Restricted Admin Mode:	- 	Remote Credential Guard:	- 	Virtual Account:		%%1843 	Elevated Token:		%%1842  Impersonation Level:		%%1833  New Logon: 	Security ID:		S-1-5-18 	Account Name:		SYSTEM 	Account Domain:		NT AUTHORITY 	Logon ID:		0x3e7 	Linked Logon ID:		0x0 	Network Account Name:	- 	Network Account Domain:	- ... | LogName=Unknown, Source=Microsoft-Windows-Security-Auditing, EventId=4624, EntryType=SuccessAudit, TimeGenerated=2025-12-30 11:05:43.000
[2026-01-07 19:08:49.447] [Info] [Microsoft-Windows-Security-Auditing] Special privileges assigned to new logon.  Subject: 	Security ID:		S-1-5-18 	Account Name:		SYSTEM 	Account Domain:		NT AUTHORITY 	Logon ID:		0x3e7  Privileges:		SeAssignPrimaryTokenPrivilege 			SeTcbPrivilege 			SeSecurityPrivilege 			SeTakeOwnershipPrivilege 			SeLoadDriverPrivilege 			SeBackupPrivilege 			SeRestorePrivilege 			SeDebugPrivilege 			SeAuditPrivilege 			SeSystemEnvironmentPrivilege 			SeImpersonatePrivilege 			SeDelegateSessionUserImpersonatePrivilege | LogName=Unknown, Source=Microsoft-Windows-Security-Auditing, EventId=4672, EntryType=SuccessAudit, TimeGenerated=2025-12-30 11:05:43.000
[2026-01-07 19:08:49.447] [Info] [Microsoft-Windows-Security-Auditing] An account was successfully logged on.  Subject: 	Security ID:		S-1-5-18 	Account Name:		ROG_MAHDI$ 	Account Domain:		WORKGROUP 	Logon ID:		0x3e7  Logon Information: 	Logon Type:		5 	Restricted Admin Mode:	- 	Remote Credential Guard:	- 	Virtual Account:		%%1843 	Elevated Token:		%%1842  Impersonation Level:		%%1833  New Logon: 	Security ID:		S-1-5-18 	Account Name:		SYSTEM 	Account Domain:		NT AUTHORITY 	Logon ID:		0x3e7 	Linked Logon ID:		0x0 	Network Account Name:	- 	Network Account Domain:	- ... | LogName=Unknown, Source=Microsoft-Windows-Security-Auditing, EventId=4624, EntryType=SuccessAudit, TimeGenerated=2025-12-30 11:05:54.000
[2026-01-07 19:08:49.447] [Info] [Microsoft-Windows-Security-Auditing] Special privileges assigned to new logon.  Subject: 	Security ID:		S-1-5-18 	Account Name:		SYSTEM 	Account Domain:		NT AUTHORITY 	Logon ID:		0x3e7  Privileges:		SeAssignPrimaryTokenPrivilege 			SeTcbPrivilege 			SeSecurityPrivilege 			SeTakeOwnershipPrivilege 			SeLoadDriverPrivilege 			SeBackupPrivilege 			SeRestorePrivilege 			SeDebugPrivilege 			SeAuditPrivilege 			SeSystemEnvironmentPrivilege 			SeImpersonatePrivilege 			SeDelegateSessionUserImpersonatePrivilege | LogName=Unknown, Source=Microsoft-Windows-Security-Auditing, EventId=4672, EntryType=SuccessAudit, TimeGenerated=2025-12-30 11:05:54.000
[2026-01-07 19:08:49.448] [Info] [Microsoft-Windows-Security-Auditing] An account was successfully logged on.  Subject: 	Security ID:		S-1-5-18 	Account Name:		ROG_MAHDI$ 	Account Domain:		WORKGROUP 	Logon ID:		0x3e7  Logon Information: 	Logon Type:		5 	Restricted Admin Mode:	- 	Remote Credential Guard:	- 	Virtual Account:		%%1843 	Elevated Token:		%%1842  Impersonation Level:		%%1833  New Logon: 	Security ID:		S-1-5-18 	Account Name:		SYSTEM 	Account Domain:		NT AUTHORITY 	Logon ID:		0x3e7 	Linked Logon ID:		0x0 	Network Account Name:	- 	Network Account Domain:	- ... | LogName=Unknown, Source=Microsoft-Windows-Security-Auditing, EventId=4624, EntryType=SuccessAudit, TimeGenerated=2025-12-30 11:05:57.000
[2026-01-07 19:08:49.448] [Info] [Microsoft-Windows-Security-Auditing] Special privileges assigned to new logon.  Subject: 	Security ID:		S-1-5-18 	Account Name:		SYSTEM 	Account Domain:		NT AUTHORITY 	Logon ID:		0x3e7  Privileges:		SeAssignPrimaryTokenPrivilege 			SeTcbPrivilege 			SeSecurityPrivilege 			SeTakeOwnershipPrivilege 			SeLoadDriverPrivilege 			SeBackupPrivilege 			SeRestorePrivilege 			SeDebugPrivilege 			SeAuditPrivilege 			SeSystemEnvironmentPrivilege 			SeImpersonatePrivilege 			SeDelegateSessionUserImpersonatePrivilege | LogName=Unknown, Source=Microsoft-Windows-Security-Auditing, EventId=4672, EntryType=SuccessAudit, TimeGenerated=2025-12-30 11:05:57.000
[2026-01-07 19:08:49.448] [Info] [Microsoft-Windows-Security-Auditing] An account was successfully logged on.  Subject: 	Security ID:		S-1-5-18 	Account Name:		ROG_MAHDI$ 	Account Domain:		WORKGROUP 	Logon ID:		0x3e7  Logon Information: 	Logon Type:		5 	Restricted Admin Mode:	- 	Remote Credential Guard:	- 	Virtual Account:		%%1843 	Elevated Token:		%%1842  Impersonation Level:		%%1833  New Logon: 	Security ID:		S-1-5-18 	Account Name:		SYSTEM 	Account Domain:		NT AUTHORITY 	Logon ID:		0x3e7 	Linked Logon ID:		0x0 	Network Account Name:	- 	Network Account Domain:	- ... | LogName=Unknown, Source=Microsoft-Windows-Security-Auditing, EventId=4624, EntryType=SuccessAudit, TimeGenerated=2025-12-30 11:06:13.000
[2026-01-07 19:08:49.448] [Info] [Microsoft-Windows-Security-Auditing] Special privileges assigned to new logon.  Subject: 	Security ID:		S-1-5-18 	Account Name:		SYSTEM 	Account Domain:		NT AUTHORITY 	Logon ID:		0x3e7  Privileges:		SeAssignPrimaryTokenPrivilege 			SeTcbPrivilege 			SeSecurityPrivilege 			SeTakeOwnershipPrivilege 			SeLoadDriverPrivilege 			SeBackupPrivilege 			SeRestorePrivilege 			SeDebugPrivilege 			SeAuditPrivilege 			SeSystemEnvironmentPrivilege 			SeImpersonatePrivilege 			SeDelegateSessionUserImpersonatePrivilege | LogName=Unknown, Source=Microsoft-Windows-Security-Auditing, EventId=4672, EntryType=SuccessAudit, TimeGenerated=2025-12-30 11:06:13.000
[2026-01-07 19:08:49.448] [Info] [Microsoft-Windows-Security-Auditing] An account was successfully logged on.  Subject: 	Security ID:		S-1-5-18 	Account Name:		ROG_MAHDI$ 	Account Domain:		WORKGROUP 	Logon ID:		0x3e7  Logon Information: 	Logon Type:		5 	Restricted Admin Mode:	- 	Remote Credential Guard:	- 	Virtual Account:		%%1843 	Elevated Token:		%%1842  Impersonation Level:		%%1833  New Logon: 	Security ID:		S-1-5-18 	Account Name:		SYSTEM 	Account Domain:		NT AUTHORITY 	Logon ID:		0x3e7 	Linked Logon ID:		0x0 	Network Account Name:	- 	Network Account Domain:	- ... | LogName=Unknown, Source=Microsoft-Windows-Security-Auditing, EventId=4624, EntryType=SuccessAudit, TimeGenerated=2025-12-30 11:06:14.000
[2026-01-07 19:08:49.448] [Info] [Microsoft-Windows-Security-Auditing] Special privileges assigned to new logon.  Subject: 	Security ID:		S-1-5-18 	Account Name:		SYSTEM 	Account Domain:		NT AUTHORITY 	Logon ID:		0x3e7  Privileges:		SeAssignPrimaryTokenPrivilege 			SeTcbPrivilege 			SeSecurityPrivilege 			SeTakeOwnershipPrivilege 			SeLoadDriverPrivilege 			SeBackupPrivilege 			SeRestorePrivilege 			SeDebugPrivilege 			SeAuditPrivilege 			SeSystemEnvironmentPrivilege 			SeImpersonatePrivilege 			SeDelegateSessionUserImpersonatePrivilege | LogName=Unknown, Source=Microsoft-Windows-Security-Auditing, EventId=4672, EntryType=SuccessAudit, TimeGenerated=2025-12-30 11:06:14.000
[2026-01-07 19:08:49.448] [Info] [Microsoft-Windows-Security-Auditing] Credential Manager credentials were read.  Subject: 	Security ID:		S-1-5-18 	Account Name:		ROG_MAHDI$ 	Account Domain:		WORKGROUP 	Logon ID:		0x3e7 	Read Operation:		%%8100  This event occurs when a user performs a read operation on stored credentials in Credential Manager. | LogName=Unknown, Source=Microsoft-Windows-Security-Auditing, EventId=5379, EntryType=SuccessAudit, TimeGenerated=2025-12-30 11:06:14.000
[2026-01-07 19:08:49.448] [Info] [Microsoft-Windows-Security-Auditing] An account was successfully logged on.  Subject: 	Security ID:		S-1-5-18 	Account Name:		ROG_MAHDI$ 	Account Domain:		WORKGROUP 	Logon ID:		0x3e7  Logon Information: 	Logon Type:		5 	Restricted Admin Mode:	- 	Remote Credential Guard:	- 	Virtual Account:		%%1843 	Elevated Token:		%%1842  Impersonation Level:		%%1833  New Logon: 	Security ID:		S-1-5-18 	Account Name:		SYSTEM 	Account Domain:		NT AUTHORITY 	Logon ID:		0x3e7 	Linked Logon ID:		0x0 	Network Account Name:	- 	Network Account Domain:	- ... | LogName=Unknown, Source=Microsoft-Windows-Security-Auditing, EventId=4624, EntryType=SuccessAudit, TimeGenerated=2025-12-30 11:06:15.000
[2026-01-07 19:08:49.448] [Info] [Microsoft-Windows-Security-Auditing] Special privileges assigned to new logon.  Subject: 	Security ID:		S-1-5-18 	Account Name:		SYSTEM 	Account Domain:		NT AUTHORITY 	Logon ID:		0x3e7  Privileges:		SeAssignPrimaryTokenPrivilege 			SeTcbPrivilege 			SeSecurityPrivilege 			SeTakeOwnershipPrivilege 			SeLoadDriverPrivilege 			SeBackupPrivilege 			SeRestorePrivilege 			SeDebugPrivilege 			SeAuditPrivilege 			SeSystemEnvironmentPrivilege 			SeImpersonatePrivilege 			SeDelegateSessionUserImpersonatePrivilege | LogName=Unknown, Source=Microsoft-Windows-Security-Auditing, EventId=4672, EntryType=SuccessAudit, TimeGenerated=2025-12-30 11:06:15.000
[2026-01-07 19:08:49.448] [Info] [Microsoft-Windows-Security-Auditing] A user's local group membership was enumerated.  Subject: 	Security ID:		S-1-5-21-1560790212-1407658851-3379816254-1002 	Account Name:		Morph 	Account Domain:		ROG_Mahdi 	Logon ID:		0x8f6e3f3  User: 	Security ID:		S-1-5-21-1560790212-1407658851-3379816254-500 	Account Name:		Administrator 	Account Domain:		ROG_Mahdi  Process Information: 	Process ID:		0x6240 	Process Name:		C:\Windows\System32\taskhostw.exe | LogName=Unknown, Source=Microsoft-Windows-Security-Auditing, EventId=4798, EntryType=SuccessAudit, TimeGenerated=2025-12-30 11:06:20.000
[2026-01-07 19:08:49.449] [Info] [Microsoft-Windows-Security-Auditing] An account was successfully logged on.  Subject: 	Security ID:		S-1-5-18 	Account Name:		ROG_MAHDI$ 	Account Domain:		WORKGROUP 	Logon ID:		0x3e7  Logon Information: 	Logon Type:		5 	Restricted Admin Mode:	- 	Remote Credential Guard:	- 	Virtual Account:		%%1843 	Elevated Token:		%%1842  Impersonation Level:		%%1833  New Logon: 	Security ID:		S-1-5-18 	Account Name:		SYSTEM 	Account Domain:		NT AUTHORITY 	Logon ID:		0x3e7 	Linked Logon ID:		0x0 	Network Account Name:	- 	Network Account Domain:	- ... | LogName=Unknown, Source=Microsoft-Windows-Security-Auditing, EventId=4624, EntryType=SuccessAudit, TimeGenerated=2025-12-30 11:12:00.000
[2026-01-07 19:08:49.449] [Info] [Microsoft-Windows-Security-Auditing] Special privileges assigned to new logon.  Subject: 	Security ID:		S-1-5-18 	Account Name:		SYSTEM 	Account Domain:		NT AUTHORITY 	Logon ID:		0x3e7  Privileges:		SeAssignPrimaryTokenPrivilege 			SeTcbPrivilege 			SeSecurityPrivilege 			SeTakeOwnershipPrivilege 			SeLoadDriverPrivilege 			SeBackupPrivilege 			SeRestorePrivilege 			SeDebugPrivilege 			SeAuditPrivilege 			SeSystemEnvironmentPrivilege 			SeImpersonatePrivilege 			SeDelegateSessionUserImpersonatePrivilege | LogName=Unknown, Source=Microsoft-Windows-Security-Auditing, EventId=4672, EntryType=SuccessAudit, TimeGenerated=2025-12-30 11:12:00.000
[2026-01-07 19:08:49.449] [Info] [Microsoft-Windows-Security-Auditing] An account was successfully logged on.  Subject: 	Security ID:		S-1-5-18 	Account Name:		ROG_MAHDI$ 	Account Domain:		WORKGROUP 	Logon ID:		0x3e7  Logon Information: 	Logon Type:		5 	Restricted Admin Mode:	- 	Remote Credential Guard:	- 	Virtual Account:		%%1843 	Elevated Token:		%%1842  Impersonation Level:		%%1833  New Logon: 	Security ID:		S-1-5-18 	Account Name:		SYSTEM 	Account Domain:		NT AUTHORITY 	Logon ID:		0x3e7 	Linked Logon ID:		0x0 	Network Account Name:	- 	Network Account Domain:	- ... | LogName=Unknown, Source=Microsoft-Windows-Security-Auditing, EventId=4624, EntryType=SuccessAudit, TimeGenerated=2025-12-30 11:12:09.000
[2026-01-07 19:08:49.449] [Info] [Microsoft-Windows-Security-Auditing] Special privileges assigned to new logon.  Subject: 	Security ID:		S-1-5-18 	Account Name:		SYSTEM 	Account Domain:		NT AUTHORITY 	Logon ID:		0x3e7  Privileges:		SeAssignPrimaryTokenPrivilege 			SeTcbPrivilege 			SeSecurityPrivilege 			SeTakeOwnershipPrivilege 			SeLoadDriverPrivilege 			SeBackupPrivilege 			SeRestorePrivilege 			SeDebugPrivilege 			SeAuditPrivilege 			SeSystemEnvironmentPrivilege 			SeImpersonatePrivilege 			SeDelegateSessionUserImpersonatePrivilege | LogName=Unknown, Source=Microsoft-Windows-Security-Auditing, EventId=4672, EntryType=SuccessAudit, TimeGenerated=2025-12-30 11:12:09.000
[2026-01-07 19:08:49.449] [Info] [Microsoft-Windows-Security-Auditing] An account was successfully logged on.  Subject: 	Security ID:		S-1-5-18 	Account Name:		ROG_MAHDI$ 	Account Domain:		WORKGROUP 	Logon ID:		0x3e7  Logon Information: 	Logon Type:		5 	Restricted Admin Mode:	- 	Remote Credential Guard:	- 	Virtual Account:		%%1843 	Elevated Token:		%%1842  Impersonation Level:		%%1833  New Logon: 	Security ID:		S-1-5-18 	Account Name:		SYSTEM 	Account Domain:		NT AUTHORITY 	Logon ID:		0x3e7 	Linked Logon ID:		0x0 	Network Account Name:	- 	Network Account Domain:	- ... | LogName=Unknown, Source=Microsoft-Windows-Security-Auditing, EventId=4624, EntryType=SuccessAudit, TimeGenerated=2025-12-30 11:12:29.000
[2026-01-07 19:08:49.449] [Info] [Microsoft-Windows-Security-Auditing] Special privileges assigned to new logon.  Subject: 	Security ID:		S-1-5-18 	Account Name:		SYSTEM 	Account Domain:		NT AUTHORITY 	Logon ID:		0x3e7  Privileges:		SeAssignPrimaryTokenPrivilege 			SeTcbPrivilege 			SeSecurityPrivilege 			SeTakeOwnershipPrivilege 			SeLoadDriverPrivilege 			SeBackupPrivilege 			SeRestorePrivilege 			SeDebugPrivilege 			SeAuditPrivilege 			SeSystemEnvironmentPrivilege 			SeImpersonatePrivilege 			SeDelegateSessionUserImpersonatePrivilege | LogName=Unknown, Source=Microsoft-Windows-Security-Auditing, EventId=4672, EntryType=SuccessAudit, TimeGenerated=2025-12-30 11:12:29.000
[2026-01-07 19:08:49.449] [Info] [Microsoft-Windows-Security-Auditing] An account was successfully logged on.  Subject: 	Security ID:		S-1-5-18 	Account Name:		ROG_MAHDI$ 	Account Domain:		WORKGROUP 	Logon ID:		0x3e7  Logon Information: 	Logon Type:		5 	Restricted Admin Mode:	- 	Remote Credential Guard:	- 	Virtual Account:		%%1843 	Elevated Token:		%%1842  Impersonation Level:		%%1833  New Logon: 	Security ID:		S-1-5-18 	Account Name:		SYSTEM 	Account Domain:		NT AUTHORITY 	Logon ID:		0x3e7 	Linked Logon ID:		0x0 	Network Account Name:	- 	Network Account Domain:	- ... | LogName=Unknown, Source=Microsoft-Windows-Security-Auditing, EventId=4624, EntryType=SuccessAudit, TimeGenerated=2025-12-30 11:19:29.000
[2026-01-07 19:08:49.449] [Info] [Microsoft-Windows-Security-Auditing] Special privileges assigned to new logon.  Subject: 	Security ID:		S-1-5-18 	Account Name:		SYSTEM 	Account Domain:		NT AUTHORITY 	Logon ID:		0x3e7  Privileges:		SeAssignPrimaryTokenPrivilege 			SeTcbPrivilege 			SeSecurityPrivilege 			SeTakeOwnershipPrivilege 			SeLoadDriverPrivilege 			SeBackupPrivilege 			SeRestorePrivilege 			SeDebugPrivilege 			SeAuditPrivilege 			SeSystemEnvironmentPrivilege 			SeImpersonatePrivilege 			SeDelegateSessionUserImpersonatePrivilege | LogName=Unknown, Source=Microsoft-Windows-Security-Auditing, EventId=4672, EntryType=SuccessAudit, TimeGenerated=2025-12-30 11:19:29.000
[2026-01-07 19:08:49.449] [Info] [Microsoft-Windows-Security-Auditing] An account was successfully logged on.  Subject: 	Security ID:		S-1-5-18 	Account Name:		ROG_MAHDI$ 	Account Domain:		WORKGROUP 	Logon ID:		0x3e7  Logon Information: 	Logon Type:		5 	Restricted Admin Mode:	- 	Remote Credential Guard:	- 	Virtual Account:		%%1843 	Elevated Token:		%%1842  Impersonation Level:		%%1833  New Logon: 	Security ID:		S-1-5-18 	Account Name:		SYSTEM 	Account Domain:		NT AUTHORITY 	Logon ID:		0x3e7 	Linked Logon ID:		0x0 	Network Account Name:	- 	Network Account Domain:	- ... | LogName=Unknown, Source=Microsoft-Windows-Security-Auditing, EventId=4624, EntryType=SuccessAudit, TimeGenerated=2025-12-30 11:19:30.000
[2026-01-07 19:08:49.449] [Info] [Microsoft-Windows-Security-Auditing] Special privileges assigned to new logon.  Subject: 	Security ID:		S-1-5-18 	Account Name:		SYSTEM 	Account Domain:		NT AUTHORITY 	Logon ID:		0x3e7  Privileges:		SeAssignPrimaryTokenPrivilege 			SeTcbPrivilege 			SeSecurityPrivilege 			SeTakeOwnershipPrivilege 			SeLoadDriverPrivilege 			SeBackupPrivilege 			SeRestorePrivilege 			SeDebugPrivilege 			SeAuditPrivilege 			SeSystemEnvironmentPrivilege 			SeImpersonatePrivilege 			SeDelegateSessionUserImpersonatePrivilege | LogName=Unknown, Source=Microsoft-Windows-Security-Auditing, EventId=4672, EntryType=SuccessAudit, TimeGenerated=2025-12-30 11:19:30.000
[2026-01-07 19:08:49.450] [Info] [Microsoft-Windows-Security-Auditing] An account was successfully logged on.  Subject: 	Security ID:		S-1-5-18 	Account Name:		ROG_MAHDI$ 	Account Domain:		WORKGROUP 	Logon ID:		0x3e7  Logon Information: 	Logon Type:		5 	Restricted Admin Mode:	- 	Remote Credential Guard:	- 	Virtual Account:		%%1843 	Elevated Token:		%%1842  Impersonation Level:		%%1833  New Logon: 	Security ID:		S-1-5-18 	Account Name:		SYSTEM 	Account Domain:		NT AUTHORITY 	Logon ID:		0x3e7 	Linked Logon ID:		0x0 	Network Account Name:	- 	Network Account Domain:	- ... | LogName=Unknown, Source=Microsoft-Windows-Security-Auditing, EventId=4624, EntryType=SuccessAudit, TimeGenerated=2025-12-30 11:19:33.000
[2026-01-07 19:08:49.450] [Info] [Microsoft-Windows-Security-Auditing] Special privileges assigned to new logon.  Subject: 	Security ID:		S-1-5-18 	Account Name:		SYSTEM 	Account Domain:		NT AUTHORITY 	Logon ID:		0x3e7  Privileges:		SeAssignPrimaryTokenPrivilege 			SeTcbPrivilege 			SeSecurityPrivilege 			SeTakeOwnershipPrivilege 			SeLoadDriverPrivilege 			SeBackupPrivilege 			SeRestorePrivilege 			SeDebugPrivilege 			SeAuditPrivilege 			SeSystemEnvironmentPrivilege 			SeImpersonatePrivilege 			SeDelegateSessionUserImpersonatePrivilege | LogName=Unknown, Source=Microsoft-Windows-Security-Auditing, EventId=4672, EntryType=SuccessAudit, TimeGenerated=2025-12-30 11:19:33.000
[2026-01-07 19:08:49.450] [Info] [Microsoft-Windows-Security-Auditing] An account was successfully logged on.  Subject: 	Security ID:		S-1-5-18 	Account Name:		ROG_MAHDI$ 	Account Domain:		WORKGROUP 	Logon ID:		0x3e7  Logon Information: 	Logon Type:		5 	Restricted Admin Mode:	- 	Remote Credential Guard:	- 	Virtual Account:		%%1843 	Elevated Token:		%%1842  Impersonation Level:		%%1833  New Logon: 	Security ID:		S-1-5-18 	Account Name:		SYSTEM 	Account Domain:		NT AUTHORITY 	Logon ID:		0x3e7 	Linked Logon ID:		0x0 	Network Account Name:	- 	Network Account Domain:	- ... | LogName=Unknown, Source=Microsoft-Windows-Security-Auditing, EventId=4624, EntryType=SuccessAudit, TimeGenerated=2025-12-30 11:19:40.000
[2026-01-07 19:08:49.450] [Info] [Microsoft-Windows-Security-Auditing] Special privileges assigned to new logon.  Subject: 	Security ID:		S-1-5-18 	Account Name:		SYSTEM 	Account Domain:		NT AUTHORITY 	Logon ID:		0x3e7  Privileges:		SeAssignPrimaryTokenPrivilege 			SeTcbPrivilege 			SeSecurityPrivilege 			SeTakeOwnershipPrivilege 			SeLoadDriverPrivilege 			SeBackupPrivilege 			SeRestorePrivilege 			SeDebugPrivilege 			SeAuditPrivilege 			SeSystemEnvironmentPrivilege 			SeImpersonatePrivilege 			SeDelegateSessionUserImpersonatePrivilege | LogName=Unknown, Source=Microsoft-Windows-Security-Auditing, EventId=4672, EntryType=SuccessAudit, TimeGenerated=2025-12-30 11:19:40.000
[2026-01-07 19:08:49.450] [Info] [Microsoft-Windows-Security-Auditing] A user's local group membership was enumerated.  Subject: 	Security ID:		S-1-5-21-1560790212-1407658851-3379816254-1002 	Account Name:		Morph 	Account Domain:		ROG_Mahdi 	Logon ID:		0x8f6e3f3  User: 	Security ID:		S-1-5-21-1560790212-1407658851-3379816254-1002 	Account Name:		Morph 	Account Domain:		ROG_Mahdi  Process Information: 	Process ID:		0x208c 	Process Name:		C:\Windows\explorer.exe | LogName=Unknown, Source=Microsoft-Windows-Security-Auditing, EventId=4798, EntryType=SuccessAudit, TimeGenerated=2025-12-30 11:20:41.000
[2026-01-07 19:08:49.450] [Info] [Microsoft-Windows-Security-Auditing] An account was successfully logged on.  Subject: 	Security ID:		S-1-5-18 	Account Name:		ROG_MAHDI$ 	Account Domain:		WORKGROUP 	Logon ID:		0x3e7  Logon Information: 	Logon Type:		5 	Restricted Admin Mode:	- 	Remote Credential Guard:	- 	Virtual Account:		%%1843 	Elevated Token:		%%1842  Impersonation Level:		%%1833  New Logon: 	Security ID:		S-1-5-18 	Account Name:		SYSTEM 	Account Domain:		NT AUTHORITY 	Logon ID:		0x3e7 	Linked Logon ID:		0x0 	Network Account Name:	- 	Network Account Domain:	- ... | LogName=Unknown, Source=Microsoft-Windows-Security-Auditing, EventId=4624, EntryType=SuccessAudit, TimeGenerated=2025-12-30 11:20:43.000
[2026-01-07 19:08:49.450] [Info] [Microsoft-Windows-Security-Auditing] Special privileges assigned to new logon.  Subject: 	Security ID:		S-1-5-18 	Account Name:		SYSTEM 	Account Domain:		NT AUTHORITY 	Logon ID:		0x3e7  Privileges:		SeAssignPrimaryTokenPrivilege 			SeTcbPrivilege 			SeSecurityPrivilege 			SeTakeOwnershipPrivilege 			SeLoadDriverPrivilege 			SeBackupPrivilege 			SeRestorePrivilege 			SeDebugPrivilege 			SeAuditPrivilege 			SeSystemEnvironmentPrivilege 			SeImpersonatePrivilege 			SeDelegateSessionUserImpersonatePrivilege | LogName=Unknown, Source=Microsoft-Windows-Security-Auditing, EventId=4672, EntryType=SuccessAudit, TimeGenerated=2025-12-30 11:20:43.000
[2026-01-07 19:08:49.450] [Info] [Microsoft-Windows-Security-Auditing] An attempt was made to query the existence of a blank password for an account.  Subject: 	Security ID:		S-1-5-21-1560790212-1407658851-3379816254-1002 	Account Name:		Morph 	Account Domain:		ROG_Mahdi 	Logon ID:		0x8f6e3f3  Additional Information: 	Caller Workstation:	ROG_MAHDI 	Target Account Name:	Administrator 	Target Account Domain:	ROG_Mahdi | LogName=Unknown, Source=Microsoft-Windows-Security-Auditing, EventId=4797, EntryType=SuccessAudit, TimeGenerated=2025-12-30 11:20:49.000
[2026-01-07 19:08:49.450] [Info] [Microsoft-Windows-Security-Auditing] An account was successfully logged on.  Subject: 	Security ID:		S-1-5-18 	Account Name:		ROG_MAHDI$ 	Account Domain:		WORKGROUP 	Logon ID:		0x3e7  Logon Information: 	Logon Type:		5 	Restricted Admin Mode:	- 	Remote Credential Guard:	- 	Virtual Account:		%%1843 	Elevated Token:		%%1842  Impersonation Level:		%%1833  New Logon: 	Security ID:		S-1-5-18 	Account Name:		SYSTEM 	Account Domain:		NT AUTHORITY 	Logon ID:		0x3e7 	Linked Logon ID:		0x0 	Network Account Name:	- 	Network Account Domain:	- ... | LogName=Unknown, Source=Microsoft-Windows-Security-Auditing, EventId=4624, EntryType=SuccessAudit, TimeGenerated=2025-12-30 11:20:49.000
[2026-01-07 19:08:49.450] [Info] [Microsoft-Windows-Security-Auditing] Special privileges assigned to new logon.  Subject: 	Security ID:		S-1-5-18 	Account Name:		SYSTEM 	Account Domain:		NT AUTHORITY 	Logon ID:		0x3e7  Privileges:		SeAssignPrimaryTokenPrivilege 			SeTcbPrivilege 			SeSecurityPrivilege 			SeTakeOwnershipPrivilege 			SeLoadDriverPrivilege 			SeBackupPrivilege 			SeRestorePrivilege 			SeDebugPrivilege 			SeAuditPrivilege 			SeSystemEnvironmentPrivilege 			SeImpersonatePrivilege 			SeDelegateSessionUserImpersonatePrivilege | LogName=Unknown, Source=Microsoft-Windows-Security-Auditing, EventId=4672, EntryType=SuccessAudit, TimeGenerated=2025-12-30 11:20:49.000
[2026-01-07 19:08:49.450] [Info] [Microsoft-Windows-Security-Auditing] A user's local group membership was enumerated.  Subject: 	Security ID:		S-1-5-21-1560790212-1407658851-3379816254-1002 	Account Name:		Morph 	Account Domain:		ROG_Mahdi 	Logon ID:		0x8f6e3f3  User: 	Security ID:		S-1-5-21-1560790212-1407658851-3379816254-1001 	Account Name:		llsma 	Account Domain:		ROG_Mahdi  Process Information: 	Process ID:		0x208c 	Process Name:		C:\Windows\explorer.exe | LogName=Unknown, Source=Microsoft-Windows-Security-Auditing, EventId=4798, EntryType=SuccessAudit, TimeGenerated=2025-12-30 11:20:49.000
[2026-01-07 19:08:49.450] [Info] [Microsoft-Windows-Security-Auditing] Credential Manager credentials were read.  Subject: 	Security ID:		S-1-5-18 	Account Name:		ROG_MAHDI$ 	Account Domain:		WORKGROUP 	Logon ID:		0x3e7 	Read Operation:		%%8100  This event occurs when a user performs a read operation on stored credentials in Credential Manager. | LogName=Unknown, Source=Microsoft-Windows-Security-Auditing, EventId=5379, EntryType=SuccessAudit, TimeGenerated=2025-12-30 11:20:49.000
[2026-01-07 19:08:49.450] [Info] [Microsoft-Windows-Security-Auditing] A user's local group membership was enumerated.  Subject: 	Security ID:		S-1-5-21-1560790212-1407658851-3379816254-1002 	Account Name:		Morph 	Account Domain:		ROG_Mahdi 	Logon ID:		0x8f6e3f3  User: 	Security ID:		S-1-5-21-1560790212-1407658851-3379816254-1002 	Account Name:		Morph 	Account Domain:		ROG_Mahdi  Process Information: 	Process ID:		0x208c 	Process Name:		C:\Windows\explorer.exe | LogName=Unknown, Source=Microsoft-Windows-Security-Auditing, EventId=4798, EntryType=SuccessAudit, TimeGenerated=2025-12-30 11:32:43.000
[2026-01-07 19:08:49.450] [Info] [Microsoft-Windows-Security-Auditing] An account was successfully logged on.  Subject: 	Security ID:		S-1-5-18 	Account Name:		ROG_MAHDI$ 	Account Domain:		WORKGROUP 	Logon ID:		0x3e7  Logon Information: 	Logon Type:		5 	Restricted Admin Mode:	- 	Remote Credential Guard:	- 	Virtual Account:		%%1843 	Elevated Token:		%%1842  Impersonation Level:		%%1833  New Logon: 	Security ID:		S-1-5-18 	Account Name:		SYSTEM 	Account Domain:		NT AUTHORITY 	Logon ID:		0x3e7 	Linked Logon ID:		0x0 	Network Account Name:	- 	Network Account Domain:	- ... | LogName=Unknown, Source=Microsoft-Windows-Security-Auditing, EventId=4624, EntryType=SuccessAudit, TimeGenerated=2025-12-30 11:32:57.000
[2026-01-07 19:08:49.451] [Info] [Microsoft-Windows-Security-Auditing] Special privileges assigned to new logon.  Subject: 	Security ID:		S-1-5-18 	Account Name:		SYSTEM 	Account Domain:		NT AUTHORITY 	Logon ID:		0x3e7  Privileges:		SeAssignPrimaryTokenPrivilege 			SeTcbPrivilege 			SeSecurityPrivilege 			SeTakeOwnershipPrivilege 			SeLoadDriverPrivilege 			SeBackupPrivilege 			SeRestorePrivilege 			SeDebugPrivilege 			SeAuditPrivilege 			SeSystemEnvironmentPrivilege 			SeImpersonatePrivilege 			SeDelegateSessionUserImpersonatePrivilege | LogName=Unknown, Source=Microsoft-Windows-Security-Auditing, EventId=4672, EntryType=SuccessAudit, TimeGenerated=2025-12-30 11:32:57.000
[2026-01-07 19:08:49.451] [Info] [Microsoft-Windows-Security-Auditing] A user's local group membership was enumerated.  Subject: 	Security ID:		S-1-5-21-1560790212-1407658851-3379816254-1002 	Account Name:		Morph 	Account Domain:		ROG_Mahdi 	Logon ID:		0x8f6e3f3  User: 	Security ID:		S-1-5-21-1560790212-1407658851-3379816254-1002 	Account Name:		Morph 	Account Domain:		ROG_Mahdi  Process Information: 	Process ID:		0x208c 	Process Name:		C:\Windows\explorer.exe | LogName=Unknown, Source=Microsoft-Windows-Security-Auditing, EventId=4798, EntryType=SuccessAudit, TimeGenerated=2025-12-30 11:33:11.000
[2026-01-07 19:08:49.451] [Info] [Microsoft-Windows-Security-Auditing] A user's local group membership was enumerated.  Subject: 	Security ID:		S-1-5-21-1560790212-1407658851-3379816254-1002 	Account Name:		Morph 	Account Domain:		ROG_Mahdi 	Logon ID:		0x8f6e3f3  User: 	Security ID:		S-1-5-21-1560790212-1407658851-3379816254-1002 	Account Name:		Morph 	Account Domain:		ROG_Mahdi  Process Information: 	Process ID:		0x208c 	Process Name:		C:\Windows\explorer.exe | LogName=Unknown, Source=Microsoft-Windows-Security-Auditing, EventId=4798, EntryType=SuccessAudit, TimeGenerated=2025-12-30 11:33:12.000
[2026-01-07 19:08:49.451] [Info] [Microsoft-Windows-Security-Auditing] An account was successfully logged on.  Subject: 	Security ID:		S-1-5-18 	Account Name:		ROG_MAHDI$ 	Account Domain:		WORKGROUP 	Logon ID:		0x3e7  Logon Information: 	Logon Type:		5 	Restricted Admin Mode:	- 	Remote Credential Guard:	- 	Virtual Account:		%%1843 	Elevated Token:		%%1842  Impersonation Level:		%%1833  New Logon: 	Security ID:		S-1-5-18 	Account Name:		SYSTEM 	Account Domain:		NT AUTHORITY 	Logon ID:		0x3e7 	Linked Logon ID:		0x0 	Network Account Name:	- 	Network Account Domain:	- ... | LogName=Unknown, Source=Microsoft-Windows-Security-Auditing, EventId=4624, EntryType=SuccessAudit, TimeGenerated=2025-12-30 11:35:43.000
[2026-01-07 19:08:49.451] [Info] [Microsoft-Windows-Security-Auditing] Special privileges assigned to new logon.  Subject: 	Security ID:		S-1-5-18 	Account Name:		SYSTEM 	Account Domain:		NT AUTHORITY 	Logon ID:		0x3e7  Privileges:		SeAssignPrimaryTokenPrivilege 			SeTcbPrivilege 			SeSecurityPrivilege 			SeTakeOwnershipPrivilege 			SeLoadDriverPrivilege 			SeBackupPrivilege 			SeRestorePrivilege 			SeDebugPrivilege 			SeAuditPrivilege 			SeSystemEnvironmentPrivilege 			SeImpersonatePrivilege 			SeDelegateSessionUserImpersonatePrivilege | LogName=Unknown, Source=Microsoft-Windows-Security-Auditing, EventId=4672, EntryType=SuccessAudit, TimeGenerated=2025-12-30 11:35:43.000
[2026-01-07 19:08:49.451] [Info] [Microsoft-Windows-Security-Auditing] An account was successfully logged on.  Subject: 	Security ID:		S-1-5-18 	Account Name:		ROG_MAHDI$ 	Account Domain:		WORKGROUP 	Logon ID:		0x3e7  Logon Information: 	Logon Type:		5 	Restricted Admin Mode:	- 	Remote Credential Guard:	- 	Virtual Account:		%%1843 	Elevated Token:		%%1842  Impersonation Level:		%%1833  New Logon: 	Security ID:		S-1-5-18 	Account Name:		SYSTEM 	Account Domain:		NT AUTHORITY 	Logon ID:		0x3e7 	Linked Logon ID:		0x0 	Network Account Name:	- 	Network Account Domain:	- ... | LogName=Unknown, Source=Microsoft-Windows-Security-Auditing, EventId=4624, EntryType=SuccessAudit, TimeGenerated=2025-12-30 11:42:39.000
[2026-01-07 19:08:49.451] [Info] [Microsoft-Windows-Security-Auditing] Special privileges assigned to new logon.  Subject: 	Security ID:		S-1-5-18 	Account Name:		SYSTEM 	Account Domain:		NT AUTHORITY 	Logon ID:		0x3e7  Privileges:		SeAssignPrimaryTokenPrivilege 			SeTcbPrivilege 			SeSecurityPrivilege 			SeTakeOwnershipPrivilege 			SeLoadDriverPrivilege 			SeBackupPrivilege 			SeRestorePrivilege 			SeDebugPrivilege 			SeAuditPrivilege 			SeSystemEnvironmentPrivilege 			SeImpersonatePrivilege 			SeDelegateSessionUserImpersonatePrivilege | LogName=Unknown, Source=Microsoft-Windows-Security-Auditing, EventId=4672, EntryType=SuccessAudit, TimeGenerated=2025-12-30 11:42:39.000
[2026-01-07 19:08:49.452] [Info] [Microsoft-Windows-Security-Auditing] An account was successfully logged on.  Subject: 	Security ID:		S-1-5-18 	Account Name:		ROG_MAHDI$ 	Account Domain:		WORKGROUP 	Logon ID:		0x3e7  Logon Information: 	Logon Type:		5 	Restricted Admin Mode:	- 	Remote Credential Guard:	- 	Virtual Account:		%%1843 	Elevated Token:		%%1842  Impersonation Level:		%%1833  New Logon: 	Security ID:		S-1-5-18 	Account Name:		SYSTEM 	Account Domain:		NT AUTHORITY 	Logon ID:		0x3e7 	Linked Logon ID:		0x0 	Network Account Name:	- 	Network Account Domain:	- ... | LogName=Unknown, Source=Microsoft-Windows-Security-Auditing, EventId=4624, EntryType=SuccessAudit, TimeGenerated=2025-12-30 11:48:36.000
[2026-01-07 19:08:49.452] [Info] [Microsoft-Windows-Security-Auditing] Special privileges assigned to new logon.  Subject: 	Security ID:		S-1-5-18 	Account Name:		SYSTEM 	Account Domain:		NT AUTHORITY 	Logon ID:		0x3e7  Privileges:		SeAssignPrimaryTokenPrivilege 			SeTcbPrivilege 			SeSecurityPrivilege 			SeTakeOwnershipPrivilege 			SeLoadDriverPrivilege 			SeBackupPrivilege 			SeRestorePrivilege 			SeDebugPrivilege 			SeAuditPrivilege 			SeSystemEnvironmentPrivilege 			SeImpersonatePrivilege 			SeDelegateSessionUserImpersonatePrivilege | LogName=Unknown, Source=Microsoft-Windows-Security-Auditing, EventId=4672, EntryType=SuccessAudit, TimeGenerated=2025-12-30 11:48:36.000
[2026-01-07 19:08:49.452] [Info] [Microsoft-Windows-Security-Auditing] An account was successfully logged on.  Subject: 	Security ID:		S-1-5-18 	Account Name:		ROG_MAHDI$ 	Account Domain:		WORKGROUP 	Logon ID:		0x3e7  Logon Information: 	Logon Type:		5 	Restricted Admin Mode:	- 	Remote Credential Guard:	- 	Virtual Account:		%%1843 	Elevated Token:		%%1842  Impersonation Level:		%%1833  New Logon: 	Security ID:		S-1-5-18 	Account Name:		SYSTEM 	Account Domain:		NT AUTHORITY 	Logon ID:		0x3e7 	Linked Logon ID:		0x0 	Network Account Name:	- 	Network Account Domain:	- ... | LogName=Unknown, Source=Microsoft-Windows-Security-Auditing, EventId=4624, EntryType=SuccessAudit, TimeGenerated=2025-12-30 11:50:43.000
[2026-01-07 19:08:49.452] [Info] [Microsoft-Windows-Security-Auditing] Special privileges assigned to new logon.  Subject: 	Security ID:		S-1-5-18 	Account Name:		SYSTEM 	Account Domain:		NT AUTHORITY 	Logon ID:		0x3e7  Privileges:		SeAssignPrimaryTokenPrivilege 			SeTcbPrivilege 			SeSecurityPrivilege 			SeTakeOwnershipPrivilege 			SeLoadDriverPrivilege 			SeBackupPrivilege 			SeRestorePrivilege 			SeDebugPrivilege 			SeAuditPrivilege 			SeSystemEnvironmentPrivilege 			SeImpersonatePrivilege 			SeDelegateSessionUserImpersonatePrivilege | LogName=Unknown, Source=Microsoft-Windows-Security-Auditing, EventId=4672, EntryType=SuccessAudit, TimeGenerated=2025-12-30 11:50:43.000
[2026-01-07 19:08:49.452] [Info] [Microsoft-Windows-Security-Auditing] An account was successfully logged on.  Subject: 	Security ID:		S-1-5-18 	Account Name:		ROG_MAHDI$ 	Account Domain:		WORKGROUP 	Logon ID:		0x3e7  Logon Information: 	Logon Type:		5 	Restricted Admin Mode:	- 	Remote Credential Guard:	- 	Virtual Account:		%%1843 	Elevated Token:		%%1842  Impersonation Level:		%%1833  New Logon: 	Security ID:		S-1-5-18 	Account Name:		SYSTEM 	Account Domain:		NT AUTHORITY 	Logon ID:		0x3e7 	Linked Logon ID:		0x0 	Network Account Name:	- 	Network Account Domain:	- ... | LogName=Unknown, Source=Microsoft-Windows-Security-Auditing, EventId=4624, EntryType=SuccessAudit, TimeGenerated=2025-12-30 12:05:43.000
[2026-01-07 19:08:49.453] [Info] [Microsoft-Windows-Security-Auditing] Special privileges assigned to new logon.  Subject: 	Security ID:		S-1-5-18 	Account Name:		SYSTEM 	Account Domain:		NT AUTHORITY 	Logon ID:		0x3e7  Privileges:		SeAssignPrimaryTokenPrivilege 			SeTcbPrivilege 			SeSecurityPrivilege 			SeTakeOwnershipPrivilege 			SeLoadDriverPrivilege 			SeBackupPrivilege 			SeRestorePrivilege 			SeDebugPrivilege 			SeAuditPrivilege 			SeSystemEnvironmentPrivilege 			SeImpersonatePrivilege 			SeDelegateSessionUserImpersonatePrivilege | LogName=Unknown, Source=Microsoft-Windows-Security-Auditing, EventId=4672, EntryType=SuccessAudit, TimeGenerated=2025-12-30 12:05:43.000
[2026-01-07 19:08:49.453] [Info] [Microsoft-Windows-Security-Auditing] An account was successfully logged on.  Subject: 	Security ID:		S-1-5-18 	Account Name:		ROG_MAHDI$ 	Account Domain:		WORKGROUP 	Logon ID:		0x3e7  Logon Information: 	Logon Type:		5 	Restricted Admin Mode:	- 	Remote Credential Guard:	- 	Virtual Account:		%%1843 	Elevated Token:		%%1842  Impersonation Level:		%%1833  New Logon: 	Security ID:		S-1-5-18 	Account Name:		SYSTEM 	Account Domain:		NT AUTHORITY 	Logon ID:		0x3e7 	Linked Logon ID:		0x0 	Network Account Name:	- 	Network Account Domain:	- ... | LogName=Unknown, Source=Microsoft-Windows-Security-Auditing, EventId=4624, EntryType=SuccessAudit, TimeGenerated=2025-12-30 12:06:01.000
[2026-01-07 19:08:49.453] [Info] [Microsoft-Windows-Security-Auditing] Special privileges assigned to new logon.  Subject: 	Security ID:		S-1-5-18 	Account Name:		SYSTEM 	Account Domain:		NT AUTHORITY 	Logon ID:		0x3e7  Privileges:		SeAssignPrimaryTokenPrivilege 			SeTcbPrivilege 			SeSecurityPrivilege 			SeTakeOwnershipPrivilege 			SeLoadDriverPrivilege 			SeBackupPrivilege 			SeRestorePrivilege 			SeDebugPrivilege 			SeAuditPrivilege 			SeSystemEnvironmentPrivilege 			SeImpersonatePrivilege 			SeDelegateSessionUserImpersonatePrivilege | LogName=Unknown, Source=Microsoft-Windows-Security-Auditing, EventId=4672, EntryType=SuccessAudit, TimeGenerated=2025-12-30 12:06:01.000
[2026-01-07 19:08:49.453] [Info] [Microsoft-Windows-Security-Auditing] An account was successfully logged on.  Subject: 	Security ID:		S-1-5-18 	Account Name:		ROG_MAHDI$ 	Account Domain:		WORKGROUP 	Logon ID:		0x3e7  Logon Information: 	Logon Type:		5 	Restricted Admin Mode:	- 	Remote Credential Guard:	- 	Virtual Account:		%%1843 	Elevated Token:		%%1842  Impersonation Level:		%%1833  New Logon: 	Security ID:		S-1-5-18 	Account Name:		SYSTEM 	Account Domain:		NT AUTHORITY 	Logon ID:		0x3e7 	Linked Logon ID:		0x0 	Network Account Name:	- 	Network Account Domain:	- ... | LogName=Unknown, Source=Microsoft-Windows-Security-Auditing, EventId=4624, EntryType=SuccessAudit, TimeGenerated=2025-12-30 12:12:18.000
[2026-01-07 19:08:49.453] [Info] [Microsoft-Windows-Security-Auditing] Special privileges assigned to new logon.  Subject: 	Security ID:		S-1-5-18 	Account Name:		SYSTEM 	Account Domain:		NT AUTHORITY 	Logon ID:		0x3e7  Privileges:		SeAssignPrimaryTokenPrivilege 			SeTcbPrivilege 			SeSecurityPrivilege 			SeTakeOwnershipPrivilege 			SeLoadDriverPrivilege 			SeBackupPrivilege 			SeRestorePrivilege 			SeDebugPrivilege 			SeAuditPrivilege 			SeSystemEnvironmentPrivilege 			SeImpersonatePrivilege 			SeDelegateSessionUserImpersonatePrivilege | LogName=Unknown, Source=Microsoft-Windows-Security-Auditing, EventId=4672, EntryType=SuccessAudit, TimeGenerated=2025-12-30 12:12:18.000
[2026-01-07 19:08:49.453] [Info] [Microsoft-Windows-Security-Auditing] An account was successfully logged on.  Subject: 	Security ID:		S-1-5-18 	Account Name:		ROG_MAHDI$ 	Account Domain:		WORKGROUP 	Logon ID:		0x3e7  Logon Information: 	Logon Type:		5 	Restricted Admin Mode:	- 	Remote Credential Guard:	- 	Virtual Account:		%%1843 	Elevated Token:		%%1842  Impersonation Level:		%%1833  New Logon: 	Security ID:		S-1-5-18 	Account Name:		SYSTEM 	Account Domain:		NT AUTHORITY 	Logon ID:		0x3e7 	Linked Logon ID:		0x0 	Network Account Name:	- 	Network Account Domain:	- ... | LogName=Unknown, Source=Microsoft-Windows-Security-Auditing, EventId=4624, EntryType=SuccessAudit, TimeGenerated=2025-12-30 12:20:43.000
[2026-01-07 19:08:49.453] [Info] [Microsoft-Windows-Security-Auditing] Special privileges assigned to new logon.  Subject: 	Security ID:		S-1-5-18 	Account Name:		SYSTEM 	Account Domain:		NT AUTHORITY 	Logon ID:		0x3e7  Privileges:		SeAssignPrimaryTokenPrivilege 			SeTcbPrivilege 			SeSecurityPrivilege 			SeTakeOwnershipPrivilege 			SeLoadDriverPrivilege 			SeBackupPrivilege 			SeRestorePrivilege 			SeDebugPrivilege 			SeAuditPrivilege 			SeSystemEnvironmentPrivilege 			SeImpersonatePrivilege 			SeDelegateSessionUserImpersonatePrivilege | LogName=Unknown, Source=Microsoft-Windows-Security-Auditing, EventId=4672, EntryType=SuccessAudit, TimeGenerated=2025-12-30 12:20:43.000
[2026-01-07 19:08:49.453] [Info] [Microsoft-Windows-Security-Auditing] An account was successfully logged on.  Subject: 	Security ID:		S-1-5-18 	Account Name:		ROG_MAHDI$ 	Account Domain:		WORKGROUP 	Logon ID:		0x3e7  Logon Information: 	Logon Type:		5 	Restricted Admin Mode:	- 	Remote Credential Guard:	- 	Virtual Account:		%%1843 	Elevated Token:		%%1842  Impersonation Level:		%%1833  New Logon: 	Security ID:		S-1-5-18 	Account Name:		SYSTEM 	Account Domain:		NT AUTHORITY 	Logon ID:		0x3e7 	Linked Logon ID:		0x0 	Network Account Name:	- 	Network Account Domain:	- ... | LogName=Unknown, Source=Microsoft-Windows-Security-Auditing, EventId=4624, EntryType=SuccessAudit, TimeGenerated=2025-12-30 12:24:09.000
[2026-01-07 19:08:49.453] [Info] [Microsoft-Windows-Security-Auditing] Special privileges assigned to new logon.  Subject: 	Security ID:		S-1-5-18 	Account Name:		SYSTEM 	Account Domain:		NT AUTHORITY 	Logon ID:		0x3e7  Privileges:		SeAssignPrimaryTokenPrivilege 			SeTcbPrivilege 			SeSecurityPrivilege 			SeTakeOwnershipPrivilege 			SeLoadDriverPrivilege 			SeBackupPrivilege 			SeRestorePrivilege 			SeDebugPrivilege 			SeAuditPrivilege 			SeSystemEnvironmentPrivilege 			SeImpersonatePrivilege 			SeDelegateSessionUserImpersonatePrivilege | LogName=Unknown, Source=Microsoft-Windows-Security-Auditing, EventId=4672, EntryType=SuccessAudit, TimeGenerated=2025-12-30 12:24:09.000
[2026-01-07 19:08:49.453] [Info] [Microsoft-Windows-Security-Auditing] An account was successfully logged on.  Subject: 	Security ID:		S-1-5-18 	Account Name:		ROG_MAHDI$ 	Account Domain:		WORKGROUP 	Logon ID:		0x3e7  Logon Information: 	Logon Type:		5 	Restricted Admin Mode:	- 	Remote Credential Guard:	- 	Virtual Account:		%%1843 	Elevated Token:		%%1842  Impersonation Level:		%%1833  New Logon: 	Security ID:		S-1-5-18 	Account Name:		SYSTEM 	Account Domain:		NT AUTHORITY 	Logon ID:		0x3e7 	Linked Logon ID:		0x0 	Network Account Name:	- 	Network Account Domain:	- ... | LogName=Unknown, Source=Microsoft-Windows-Security-Auditing, EventId=4624, EntryType=SuccessAudit, TimeGenerated=2025-12-30 12:26:31.000
[2026-01-07 19:08:49.453] [Info] [Microsoft-Windows-Security-Auditing] Special privileges assigned to new logon.  Subject: 	Security ID:		S-1-5-18 	Account Name:		SYSTEM 	Account Domain:		NT AUTHORITY 	Logon ID:		0x3e7  Privileges:		SeAssignPrimaryTokenPrivilege 			SeTcbPrivilege 			SeSecurityPrivilege 			SeTakeOwnershipPrivilege 			SeLoadDriverPrivilege 			SeBackupPrivilege 			SeRestorePrivilege 			SeDebugPrivilege 			SeAuditPrivilege 			SeSystemEnvironmentPrivilege 			SeImpersonatePrivilege 			SeDelegateSessionUserImpersonatePrivilege | LogName=Unknown, Source=Microsoft-Windows-Security-Auditing, EventId=4672, EntryType=SuccessAudit, TimeGenerated=2025-12-30 12:26:31.000
[2026-01-07 19:08:49.453] [Info] [Microsoft-Windows-Security-Auditing] An account was successfully logged on.  Subject: 	Security ID:		S-1-5-18 	Account Name:		ROG_MAHDI$ 	Account Domain:		WORKGROUP 	Logon ID:		0x3e7  Logon Information: 	Logon Type:		5 	Restricted Admin Mode:	- 	Remote Credential Guard:	- 	Virtual Account:		%%1843 	Elevated Token:		%%1842  Impersonation Level:		%%1833  New Logon: 	Security ID:		S-1-5-18 	Account Name:		SYSTEM 	Account Domain:		NT AUTHORITY 	Logon ID:		0x3e7 	Linked Logon ID:		0x0 	Network Account Name:	- 	Network Account Domain:	- ... | LogName=Unknown, Source=Microsoft-Windows-Security-Auditing, EventId=4624, EntryType=SuccessAudit, TimeGenerated=2025-12-30 12:33:41.000
[2026-01-07 19:08:49.453] [Info] [Microsoft-Windows-Security-Auditing] Special privileges assigned to new logon.  Subject: 	Security ID:		S-1-5-18 	Account Name:		SYSTEM 	Account Domain:		NT AUTHORITY 	Logon ID:		0x3e7  Privileges:		SeAssignPrimaryTokenPrivilege 			SeTcbPrivilege 			SeSecurityPrivilege 			SeTakeOwnershipPrivilege 			SeLoadDriverPrivilege 			SeBackupPrivilege 			SeRestorePrivilege 			SeDebugPrivilege 			SeAuditPrivilege 			SeSystemEnvironmentPrivilege 			SeImpersonatePrivilege 			SeDelegateSessionUserImpersonatePrivilege | LogName=Unknown, Source=Microsoft-Windows-Security-Auditing, EventId=4672, EntryType=SuccessAudit, TimeGenerated=2025-12-30 12:33:41.000
